-- Install configuration: ""
-- Up-to-date: /home/rocioromero/robotica_2026-1/install/scara_description/share/scara_description//urdf
-- Up-to-date: /home/rocioromero/robotica_2026-1/install/scara_description/share/scara_description//urdf/scara_position_controller.xacro
-- Up-to-date: /home/rocioromero/robotica_2026-1/install/scara_description/share/scara_description//urdf/scara_gz2.xacro
-- Up-to-date: /home/rocioromero/robotica_2026-1/install/scara_description/share/scara_description//urdf/scara_gz_properties.xacro
-- Up-to-date: /home/rocioromero/robotica_2026-1/install/scara_description/share/scara_description//urdf/scara_trajectory_controller.xacro
-- Up-to-date: /home/rocioromero/robotica_2026-1/install/scara_description/share/scara_description//urdf/scara_basic_control.xacro
-- Up-to-date: /home/rocioromero/robotica_2026-1/install/scara_description/share/scara_description//urdf/scara_basic_position_controller.xacro
-- Up-to-date: /home/rocioromero/robotica_2026-1/install/scara_description/share/scara_description//urdf/lidar_sensor.xacro
-- Up-to-date: /home/rocioromero/robotica_2026-1/install/scara_description/share/scara_description//urdf/sonar_sensor.xacro
-- Up-to-date: /home/rocioromero/robotica_2026-1/install/scara_description/share/scara_description//urdf/gz2_scara.xacro
-- Up-to-date: /home/rocioromero/robotica_2026-1/install/scara_description/share/scara_description//urdf/scara_urdf.xacro
-- Up-to-date: /home/rocioromero/robotica_2026-1/install/scara_description/share/scara_description//urdf/imu_sensor.xacro
-- Up-to-date: /home/rocioromero/robotica_2026-1/install/scara_description/share/scara_description//urdf/position_controller.xacro
-- Up-to-date: /home/rocioromero/robotica_2026-1/install/scara_description/share/scara_description//urdf/trajectory_controller.xacro
-- Up-to-date: /home/rocioromero/robotica_2026-1/install/scara_description/share/scara_description//urdf/camara_sensor.xacro
-- Up-to-date: /home/rocioromero/robotica_2026-1/install/scara_description/share/scara_description//urdf/scara_simple_controller.xacro
-- Up-to-date: /home/rocioromero/robotica_2026-1/install/scara_description/share/scara_description//urdf/scara.urdf
-- Up-to-date: /home/rocioromero/robotica_2026-1/install/scara_description/share/scara_description//launch
-- Installing: /home/rocioromero/robotica_2026-1/install/scara_description/share/scara_description//launch/bringup.launch.py
-- Up-to-date: /home/rocioromero/robotica_2026-1/install/scara_description/share/scara_description//launch/scara_display.launch.xml
-- Up-to-date: /home/rocioromero/robotica_2026-1/install/scara_description/share/scara_description//rviz
-- Up-to-date: /home/rocioromero/robotica_2026-1/install/scara_description/share/scara_description//rviz/scara_rviz.rviz
-- Up-to-date: /home/rocioromero/robotica_2026-1/install/scara_description/share/scara_description//config
-- Up-to-date: /home/rocioromero/robotica_2026-1/install/scara_description/share/scara_description//config/scara_position_controller.yaml
-- Up-to-date: /home/rocioromero/robotica_2026-1/install/scara_description/share/scara_description//config/scara_trajectory_controller.yaml
-- Up-to-date: /home/rocioromero/robotica_2026-1/install/scara_description/share/ament_index/resource_index/package_run_dependencies/scara_description
-- Up-to-date: /home/rocioromero/robotica_2026-1/install/scara_description/share/ament_index/resource_index/parent_prefix_path/scara_description
-- Up-to-date: /home/rocioromero/robotica_2026-1/install/scara_description/share/scara_description/environment/ament_prefix_path.sh
-- Up-to-date: /home/rocioromero/robotica_2026-1/install/scara_description/share/scara_description/environment/ament_prefix_path.dsv
-- Up-to-date: /home/rocioromero/robotica_2026-1/install/scara_description/share/scara_description/environment/path.sh
-- Up-to-date: /home/rocioromero/robotica_2026-1/install/scara_description/share/scara_description/environment/path.dsv
-- Up-to-date: /home/rocioromero/robotica_2026-1/install/scara_description/share/scara_description/local_setup.bash
-- Up-to-date: /home/rocioromero/robotica_2026-1/install/scara_description/share/scara_description/local_setup.sh
-- Up-to-date: /home/rocioromero/robotica_2026-1/install/scara_description/share/scara_description/local_setup.zsh
-- Up-to-date: /home/rocioromero/robotica_2026-1/install/scara_description/share/scara_description/local_setup.dsv
-- Up-to-date: /home/rocioromero/robotica_2026-1/install/scara_description/share/scara_description/package.dsv
-- Up-to-date: /home/rocioromero/robotica_2026-1/install/scara_description/share/ament_index/resource_index/packages/scara_description
-- Up-to-date: /home/rocioromero/robotica_2026-1/install/scara_description/share/scara_description/cmake/scara_descriptionConfig.cmake
-- Up-to-date: /home/rocioromero/robotica_2026-1/install/scara_description/share/scara_description/cmake/scara_descriptionConfig-version.cmake
-- Up-to-date: /home/rocioromero/robotica_2026-1/install/scara_description/share/scara_description/package.xml
