[0.205s] Invoking command in '/home/rocioromero/robotica_2026-1/build/scara_description': CMAKE_PREFIX_PATH=${CMAKE_PREFIX_PATH}:/home/rocioromero/robotica_2026-1/install/nodes_topics_py:/opt/ros/jazzy DEBUGINFOD_URLS=https://debuginfod.ubuntu.com /usr/bin/cmake --build /home/rocioromero/robotica_2026-1/build/scara_description -- -j16 -l16
[0.245s] Invoked command in '/home/rocioromero/robotica_2026-1/build/scara_description' returned '0': CMAKE_PREFIX_PATH=${CMAKE_PREFIX_PATH}:/home/rocioromero/robotica_2026-1/install/nodes_topics_py:/opt/ros/jazzy DEBUGINFOD_URLS=https://debuginfod.ubuntu.com /usr/bin/cmake --build /home/rocioromero/robotica_2026-1/build/scara_description -- -j16 -l16
[0.246s] Invoking command in '/home/rocioromero/robotica_2026-1/build/scara_description': CMAKE_PREFIX_PATH=${CMAKE_PREFIX_PATH}:/home/rocioromero/robotica_2026-1/install/nodes_topics_py:/opt/ros/jazzy DEBUGINFOD_URLS=https://debuginfod.ubuntu.com /usr/bin/cmake --install /home/rocioromero/robotica_2026-1/build/scara_description
[0.256s] -- Install configuration: ""
[0.256s] -- Up-to-date: /home/rocioromero/robotica_2026-1/install/scara_description/share/scara_description//urdf
[0.256s] -- Up-to-date: /home/rocioromero/robotica_2026-1/install/scara_description/share/scara_description//urdf/scara_position_controller.xacro
[0.256s] -- Up-to-date: /home/rocioromero/robotica_2026-1/install/scara_description/share/scara_description//urdf/scara_gz2.xacro
[0.256s] -- Up-to-date: /home/rocioromero/robotica_2026-1/install/scara_description/share/scara_description//urdf/scara_gz_properties.xacro
[0.257s] -- Up-to-date: /home/rocioromero/robotica_2026-1/install/scara_description/share/scara_description//urdf/scara_trajectory_controller.xacro
[0.257s] -- Up-to-date: /home/rocioromero/robotica_2026-1/install/scara_description/share/scara_description//urdf/scara_basic_control.xacro
[0.257s] -- Up-to-date: /home/rocioromero/robotica_2026-1/install/scara_description/share/scara_description//urdf/scara_basic_position_controller.xacro
[0.257s] -- Up-to-date: /home/rocioromero/robotica_2026-1/install/scara_description/share/scara_description//urdf/lidar_sensor.xacro
[0.257s] -- Up-to-date: /home/rocioromero/robotica_2026-1/install/scara_description/share/scara_description//urdf/sonar_sensor.xacro
[0.257s] -- Up-to-date: /home/rocioromero/robotica_2026-1/install/scara_description/share/scara_description//urdf/gz2_scara.xacro
[0.257s] -- Up-to-date: /home/rocioromero/robotica_2026-1/install/scara_description/share/scara_description//urdf/scara_urdf.xacro
[0.257s] -- Up-to-date: /home/rocioromero/robotica_2026-1/install/scara_description/share/scara_description//urdf/imu_sensor.xacro
[0.257s] -- Up-to-date: /home/rocioromero/robotica_2026-1/install/scara_description/share/scara_description//urdf/position_controller.xacro
[0.257s] -- Up-to-date: /home/rocioromero/robotica_2026-1/install/scara_description/share/scara_description//urdf/trajectory_controller.xacro
[0.258s] -- Up-to-date: /home/rocioromero/robotica_2026-1/install/scara_description/share/scara_description//urdf/camara_sensor.xacro
[0.258s] -- Up-to-date: /home/rocioromero/robotica_2026-1/install/scara_description/share/scara_description//urdf/scara_simple_controller.xacro
[0.258s] -- Up-to-date: /home/rocioromero/robotica_2026-1/install/scara_description/share/scara_description//urdf/scara.urdf
[0.258s] -- Up-to-date: /home/rocioromero/robotica_2026-1/install/scara_description/share/scara_description//launch
[0.258s] -- Installing: /home/rocioromero/robotica_2026-1/install/scara_description/share/scara_description//launch/bringup.launch.py
[0.258s] -- Up-to-date: /home/rocioromero/robotica_2026-1/install/scara_description/share/scara_description//launch/scara_display.launch.xml
[0.258s] -- Up-to-date: /home/rocioromero/robotica_2026-1/install/scara_description/share/scara_description//rviz
[0.258s] -- Up-to-date: /home/rocioromero/robotica_2026-1/install/scara_description/share/scara_description//rviz/scara_rviz.rviz
[0.259s] -- Up-to-date: /home/rocioromero/robotica_2026-1/install/scara_description/share/scara_description//config
[0.259s] -- Up-to-date: /home/rocioromero/robotica_2026-1/install/scara_description/share/scara_description//config/scara_position_controller.yaml
[0.259s] -- Up-to-date: /home/rocioromero/robotica_2026-1/install/scara_description/share/scara_description//config/scara_trajectory_controller.yaml
[0.259s] -- Up-to-date: /home/rocioromero/robotica_2026-1/install/scara_description/share/ament_index/resource_index/package_run_dependencies/scara_description
[0.259s] -- Up-to-date: /home/rocioromero/robotica_2026-1/install/scara_description/share/ament_index/resource_index/parent_prefix_path/scara_description
[0.259s] -- Up-to-date: /home/rocioromero/robotica_2026-1/install/scara_description/share/scara_description/environment/ament_prefix_path.sh
[0.259s] -- Up-to-date: /home/rocioromero/robotica_2026-1/install/scara_description/share/scara_description/environment/ament_prefix_path.dsv
[0.260s] -- Up-to-date: /home/rocioromero/robotica_2026-1/install/scara_description/share/scara_description/environment/path.sh
[0.260s] -- Up-to-date: /home/rocioromero/robotica_2026-1/install/scara_description/share/scara_description/environment/path.dsv
[0.260s] -- Up-to-date: /home/rocioromero/robotica_2026-1/install/scara_description/share/scara_description/local_setup.bash
[0.260s] -- Up-to-date: /home/rocioromero/robotica_2026-1/install/scara_description/share/scara_description/local_setup.sh
[0.260s] -- Up-to-date: /home/rocioromero/robotica_2026-1/install/scara_description/share/scara_description/local_setup.zsh
[0.260s] -- Up-to-date: /home/rocioromero/robotica_2026-1/install/scara_description/share/scara_description/local_setup.dsv
[0.260s] -- Up-to-date: /home/rocioromero/robotica_2026-1/install/scara_description/share/scara_description/package.dsv
[0.260s] -- Up-to-date: /home/rocioromero/robotica_2026-1/install/scara_description/share/ament_index/resource_index/packages/scara_description
[0.260s] -- Up-to-date: /home/rocioromero/robotica_2026-1/install/scara_description/share/scara_description/cmake/scara_descriptionConfig.cmake
[0.260s] -- Up-to-date: /home/rocioromero/robotica_2026-1/install/scara_description/share/scara_description/cmake/scara_descriptionConfig-version.cmake
[0.260s] -- Up-to-date: /home/rocioromero/robotica_2026-1/install/scara_description/share/scara_description/package.xml
[0.267s] Invoked command in '/home/rocioromero/robotica_2026-1/build/scara_description' returned '0': CMAKE_PREFIX_PATH=${CMAKE_PREFIX_PATH}:/home/rocioromero/robotica_2026-1/install/nodes_topics_py:/opt/ros/jazzy DEBUGINFOD_URLS=https://debuginfod.ubuntu.com /usr/bin/cmake --install /home/rocioromero/robotica_2026-1/build/scara_description
