[0.212s] Invoking command in '/home/rocioromero/robotica_2026-1/build/scara_bringup': CMAKE_PREFIX_PATH=${CMAKE_PREFIX_PATH}:/opt/ros/jazzy DEBUGINFOD_URLS=https://debuginfod.ubuntu.com /usr/bin/cmake /home/rocioromero/robotica_2026-1/scara_pckgs/scara_bringup -DCMAKE_INSTALL_PREFIX=/home/rocioromero/robotica_2026-1/install/scara_bringup
[0.228s] -- Found ament_cmake: 2.5.4 (/opt/ros/jazzy/share/ament_cmake/cmake)
[0.388s] -- Found Python3: /usr/bin/python3 (found version "3.12.3") found components: Interpreter 
[0.600s] -- Configuring done (0.4s)
[0.603s] -- Generating done (0.0s)
[0.604s] -- Build files have been written to: /home/rocioromero/robotica_2026-1/build/scara_bringup
[0.607s] Invoked command in '/home/rocioromero/robotica_2026-1/build/scara_bringup' returned '0': CMAKE_PREFIX_PATH=${CMAKE_PREFIX_PATH}:/opt/ros/jazzy DEBUGINFOD_URLS=https://debuginfod.ubuntu.com /usr/bin/cmake /home/rocioromero/robotica_2026-1/scara_pckgs/scara_bringup -DCMAKE_INSTALL_PREFIX=/home/rocioromero/robotica_2026-1/install/scara_bringup
[0.609s] Invoking command in '/home/rocioromero/robotica_2026-1/build/scara_bringup': CMAKE_PREFIX_PATH=${CMAKE_PREFIX_PATH}:/opt/ros/jazzy DEBUGINFOD_URLS=https://debuginfod.ubuntu.com /usr/bin/cmake --build /home/rocioromero/robotica_2026-1/build/scara_bringup -- -j16 -l16
[0.648s] Invoked command in '/home/rocioromero/robotica_2026-1/build/scara_bringup' returned '0': CMAKE_PREFIX_PATH=${CMAKE_PREFIX_PATH}:/opt/ros/jazzy DEBUGINFOD_URLS=https://debuginfod.ubuntu.com /usr/bin/cmake --build /home/rocioromero/robotica_2026-1/build/scara_bringup -- -j16 -l16
[0.649s] Invoking command in '/home/rocioromero/robotica_2026-1/build/scara_bringup': CMAKE_PREFIX_PATH=${CMAKE_PREFIX_PATH}:/opt/ros/jazzy DEBUGINFOD_URLS=https://debuginfod.ubuntu.com /usr/bin/cmake --install /home/rocioromero/robotica_2026-1/build/scara_bringup
[0.657s] -- Install configuration: ""
[0.657s] -- Installing: /home/rocioromero/robotica_2026-1/install/scara_bringup/share/scara_bringup//launch
[0.657s] -- Installing: /home/rocioromero/robotica_2026-1/install/scara_bringup/share/scara_bringup//launch/trajectory_controller_scara.launch.py
[0.658s] -- Installing: /home/rocioromero/robotica_2026-1/install/scara_bringup/share/scara_bringup//launch/position_controller_scara.launch.py
[0.658s] -- Installing: /home/rocioromero/robotica_2026-1/install/scara_bringup/share/scara_bringup//launch/simple_controller_scara.launch.py
[0.659s] -- Installing: /home/rocioromero/robotica_2026-1/install/scara_bringup/share/scara_bringup//launch/roberto_pos_controller_scara.launch.py
[0.659s] -- Installing: /home/rocioromero/robotica_2026-1/install/scara_bringup/share/scara_bringup//launch/tes2_trayectory_controller_scara.launch.py
[0.659s] -- Installing: /home/rocioromero/robotica_2026-1/install/scara_bringup/share/scara_bringup//launch/gz2_scara.launch.py
[0.659s] -- Installing: /home/rocioromero/robotica_2026-1/install/scara_bringup/share/scara_bringup//launch/test_trajectory_controller.launch.py
[0.659s] -- Installing: /home/rocioromero/robotica_2026-1/install/scara_bringup/share/scara_bringup//rviz
[0.659s] -- Installing: /home/rocioromero/robotica_2026-1/install/scara_bringup/share/scara_bringup//rviz/scara_trajectory_controller_rviz.rviz
[0.659s] -- Installing: /home/rocioromero/robotica_2026-1/install/scara_bringup/share/scara_bringup//world
[0.659s] -- Installing: /home/rocioromero/robotica_2026-1/install/scara_bringup/share/scara_bringup//world/test_2_world
[0.659s] -- Installing: /home/rocioromero/robotica_2026-1/install/scara_bringup/share/scara_bringup//world/test_2_world/roberto
[0.660s] -- Installing: /home/rocioromero/robotica_2026-1/install/scara_bringup/share/scara_bringup//world/test_2_world/roberto/model.sdf
[0.660s] -- Installing: /home/rocioromero/robotica_2026-1/install/scara_bringup/share/scara_bringup//world/test_2_world/roberto/model.config
[0.660s] -- Installing: /home/rocioromero/robotica_2026-1/install/scara_bringup/share/scara_bringup//world/test_world
[0.660s] -- Installing: /home/rocioromero/robotica_2026-1/install/scara_bringup/share/scara_bringup//world/test_world/model.sdf
[0.660s] -- Installing: /home/rocioromero/robotica_2026-1/install/scara_bringup/share/scara_bringup//world/test_world/model.config
[0.660s] -- Installing: /home/rocioromero/robotica_2026-1/install/scara_bringup/share/scara_bringup//world/test_2_world.world
[0.661s] -- Installing: /home/rocioromero/robotica_2026-1/install/scara_bringup/share/scara_bringup//world/test_w_1.world
[0.661s] -- Installing: /home/rocioromero/robotica_2026-1/install/scara_bringup/share/scara_bringup//config
[0.661s] -- Installing: /home/rocioromero/robotica_2026-1/install/scara_bringup/share/scara_bringup//config/gz_bridge.yaml
[0.661s] -- Installing: /home/rocioromero/robotica_2026-1/install/scara_bringup/share/ament_index/resource_index/package_run_dependencies/scara_bringup
[0.662s] -- Installing: /home/rocioromero/robotica_2026-1/install/scara_bringup/share/ament_index/resource_index/parent_prefix_path/scara_bringup
[0.662s] -- Installing: /home/rocioromero/robotica_2026-1/install/scara_bringup/share/scara_bringup/environment/ament_prefix_path.sh
[0.662s] -- Installing: /home/rocioromero/robotica_2026-1/install/scara_bringup/share/scara_bringup/environment/ament_prefix_path.dsv
[0.662s] -- Installing: /home/rocioromero/robotica_2026-1/install/scara_bringup/share/scara_bringup/environment/path.sh
[0.662s] -- Installing: /home/rocioromero/robotica_2026-1/install/scara_bringup/share/scara_bringup/environment/path.dsv
[0.662s] -- Installing: /home/rocioromero/robotica_2026-1/install/scara_bringup/share/scara_bringup/local_setup.bash
[0.662s] -- Installing: /home/rocioromero/robotica_2026-1/install/scara_bringup/share/scara_bringup/local_setup.sh
[0.663s] -- Installing: /home/rocioromero/robotica_2026-1/install/scara_bringup/share/scara_bringup/local_setup.zsh
[0.663s] -- Installing: /home/rocioromero/robotica_2026-1/install/scara_bringup/share/scara_bringup/local_setup.dsv
[0.663s] -- Installing: /home/rocioromero/robotica_2026-1/install/scara_bringup/share/scara_bringup/package.dsv
[0.663s] -- Installing: /home/rocioromero/robotica_2026-1/install/scara_bringup/share/ament_index/resource_index/packages/scara_bringup
[0.663s] -- Installing: /home/rocioromero/robotica_2026-1/install/scara_bringup/share/scara_bringup/cmake/scara_bringupConfig.cmake
[0.663s] -- Installing: /home/rocioromero/robotica_2026-1/install/scara_bringup/share/scara_bringup/cmake/scara_bringupConfig-version.cmake
[0.664s] -- Installing: /home/rocioromero/robotica_2026-1/install/scara_bringup/share/scara_bringup/package.xml
[0.666s] Invoked command in '/home/rocioromero/robotica_2026-1/build/scara_bringup' returned '0': CMAKE_PREFIX_PATH=${CMAKE_PREFIX_PATH}:/opt/ros/jazzy DEBUGINFOD_URLS=https://debuginfod.ubuntu.com /usr/bin/cmake --install /home/rocioromero/robotica_2026-1/build/scara_bringup
