[0.205s] Invoking command in '/home/rocioromero/robotica_2026-1/build/scara_description': CMAKE_PREFIX_PATH=${CMAKE_PREFIX_PATH}:/home/rocioromero/robotica_2026-1/install/nodes_topics_py:/opt/ros/jazzy DEBUGINFOD_URLS=https://debuginfod.ubuntu.com /usr/bin/cmake --build /home/rocioromero/robotica_2026-1/build/scara_description -- -j16 -l16
[0.243s] Invoked command in '/home/rocioromero/robotica_2026-1/build/scara_description' returned '0': CMAKE_PREFIX_PATH=${CMAKE_PREFIX_PATH}:/home/rocioromero/robotica_2026-1/install/nodes_topics_py:/opt/ros/jazzy DEBUGINFOD_URLS=https://debuginfod.ubuntu.com /usr/bin/cmake --build /home/rocioromero/robotica_2026-1/build/scara_description -- -j16 -l16
[0.244s] Invoking command in '/home/rocioromero/robotica_2026-1/build/scara_description': CMAKE_PREFIX_PATH=${CMAKE_PREFIX_PATH}:/home/rocioromero/robotica_2026-1/install/nodes_topics_py:/opt/ros/jazzy DEBUGINFOD_URLS=https://debuginfod.ubuntu.com /usr/bin/cmake --install /home/rocioromero/robotica_2026-1/build/scara_description
[0.253s] -- Install configuration: ""
[0.253s] -- Up-to-date: /home/rocioromero/robotica_2026-1/install/scara_description/share/scara_description//urdf
[0.253s] -- Up-to-date: /home/rocioromero/robotica_2026-1/install/scara_description/share/scara_description//urdf/scara_position_controller.xacro
[0.253s] -- Up-to-date: /home/rocioromero/robotica_2026-1/install/scara_description/share/scara_description//urdf/scara_gz2.xacro
[0.253s] -- Up-to-date: /home/rocioromero/robotica_2026-1/install/scara_description/share/scara_description//urdf/install
[0.253s] -- Up-to-date: /home/rocioromero/robotica_2026-1/install/scara_description/share/scara_description//urdf/install/.colcon_install_layout
[0.253s] -- Up-to-date: /home/rocioromero/robotica_2026-1/install/scara_description/share/scara_description//urdf/install/local_setup.sh
[0.253s] -- Up-to-date: /home/rocioromero/robotica_2026-1/install/scara_description/share/scara_description//urdf/install/_local_setup_util_sh.py
[0.253s] -- Up-to-date: /home/rocioromero/robotica_2026-1/install/scara_description/share/scara_description//urdf/install/_local_setup_util_ps1.py
[0.254s] -- Up-to-date: /home/rocioromero/robotica_2026-1/install/scara_description/share/scara_description//urdf/install/COLCON_IGNORE
[0.254s] -- Up-to-date: /home/rocioromero/robotica_2026-1/install/scara_description/share/scara_description//urdf/install/local_setup.bash
[0.254s] -- Up-to-date: /home/rocioromero/robotica_2026-1/install/scara_description/share/scara_description//urdf/install/local_setup.ps1
[0.254s] -- Up-to-date: /home/rocioromero/robotica_2026-1/install/scara_description/share/scara_description//urdf/install/setup.ps1
[0.254s] -- Up-to-date: /home/rocioromero/robotica_2026-1/install/scara_description/share/scara_description//urdf/install/setup.zsh
[0.254s] -- Up-to-date: /home/rocioromero/robotica_2026-1/install/scara_description/share/scara_description//urdf/install/local_setup.zsh
[0.254s] -- Up-to-date: /home/rocioromero/robotica_2026-1/install/scara_description/share/scara_description//urdf/install/setup.sh
[0.254s] -- Up-to-date: /home/rocioromero/robotica_2026-1/install/scara_description/share/scara_description//urdf/install/setup.bash
[0.255s] -- Up-to-date: /home/rocioromero/robotica_2026-1/install/scara_description/share/scara_description//urdf/scara_gz_properties.xacro
[0.255s] -- Up-to-date: /home/rocioromero/robotica_2026-1/install/scara_description/share/scara_description//urdf/scara_trajectory_controller.xacro
[0.255s] -- Up-to-date: /home/rocioromero/robotica_2026-1/install/scara_description/share/scara_description//urdf/scara_basic_control.xacro
[0.255s] -- Up-to-date: /home/rocioromero/robotica_2026-1/install/scara_description/share/scara_description//urdf/scara_basic_position_controller.xacro
[0.255s] -- Up-to-date: /home/rocioromero/robotica_2026-1/install/scara_description/share/scara_description//urdf/log
[0.255s] -- Up-to-date: /home/rocioromero/robotica_2026-1/install/scara_description/share/scara_description//urdf/log/build_2025-12-09_16-12-18
[0.255s] -- Up-to-date: /home/rocioromero/robotica_2026-1/install/scara_description/share/scara_description//urdf/log/build_2025-12-09_16-12-18/logger_all.log
[0.255s] -- Up-to-date: /home/rocioromero/robotica_2026-1/install/scara_description/share/scara_description//urdf/log/build_2025-12-09_16-12-18/events.log
[0.255s] -- Up-to-date: /home/rocioromero/robotica_2026-1/install/scara_description/share/scara_description//urdf/log/latest
[0.255s] -- Up-to-date: /home/rocioromero/robotica_2026-1/install/scara_description/share/scara_description//urdf/log/COLCON_IGNORE
[0.255s] -- Up-to-date: /home/rocioromero/robotica_2026-1/install/scara_description/share/scara_description//urdf/log/latest_build
[0.255s] -- Up-to-date: /home/rocioromero/robotica_2026-1/install/scara_description/share/scara_description//urdf/lidar_sensor.xacro
[0.255s] -- Up-to-date: /home/rocioromero/robotica_2026-1/install/scara_description/share/scara_description//urdf/sonar_sensor.xacro
[0.255s] -- Up-to-date: /home/rocioromero/robotica_2026-1/install/scara_description/share/scara_description//urdf/build
[0.256s] -- Up-to-date: /home/rocioromero/robotica_2026-1/install/scara_description/share/scara_description//urdf/build/.built_by
[0.256s] -- Up-to-date: /home/rocioromero/robotica_2026-1/install/scara_description/share/scara_description//urdf/build/COLCON_IGNORE
[0.256s] -- Up-to-date: /home/rocioromero/robotica_2026-1/install/scara_description/share/scara_description//urdf/gz2_scara.xacro
[0.256s] -- Up-to-date: /home/rocioromero/robotica_2026-1/install/scara_description/share/scara_description//urdf/scara_urdf.xacro
[0.256s] -- Up-to-date: /home/rocioromero/robotica_2026-1/install/scara_description/share/scara_description//urdf/imu_sensor.xacro
[0.256s] -- Up-to-date: /home/rocioromero/robotica_2026-1/install/scara_description/share/scara_description//urdf/position_controller.xacro
[0.256s] -- Up-to-date: /home/rocioromero/robotica_2026-1/install/scara_description/share/scara_description//urdf/trajectory_controller.xacro
[0.256s] -- Up-to-date: /home/rocioromero/robotica_2026-1/install/scara_description/share/scara_description//urdf/camara_sensor.xacro
[0.256s] -- Up-to-date: /home/rocioromero/robotica_2026-1/install/scara_description/share/scara_description//urdf/scara_simple_controller.xacro
[0.256s] -- Up-to-date: /home/rocioromero/robotica_2026-1/install/scara_description/share/scara_description//urdf/scara.urdf
[0.256s] -- Up-to-date: /home/rocioromero/robotica_2026-1/install/scara_description/share/scara_description//launch
[0.256s] -- Up-to-date: /home/rocioromero/robotica_2026-1/install/scara_description/share/scara_description//launch/bringup.launch.py
[0.257s] -- Up-to-date: /home/rocioromero/robotica_2026-1/install/scara_description/share/scara_description//launch/scara_display.launch.xml
[0.257s] -- Up-to-date: /home/rocioromero/robotica_2026-1/install/scara_description/share/scara_description//rviz
[0.257s] -- Up-to-date: /home/rocioromero/robotica_2026-1/install/scara_description/share/scara_description//rviz/scara_rviz.rviz
[0.257s] -- Up-to-date: /home/rocioromero/robotica_2026-1/install/scara_description/share/scara_description//config
[0.257s] -- Up-to-date: /home/rocioromero/robotica_2026-1/install/scara_description/share/scara_description//config/scara_position_controller.yaml
[0.257s] -- Up-to-date: /home/rocioromero/robotica_2026-1/install/scara_description/share/scara_description//config/scara_trajectory_controller.yaml
[0.257s] -- Up-to-date: /home/rocioromero/robotica_2026-1/install/scara_description/share/scara_description//worlds
[0.257s] -- Installing: /home/rocioromero/robotica_2026-1/install/scara_description/share/scara_description//worlds/scara_world.sdf
[0.257s] -- Up-to-date: /home/rocioromero/robotica_2026-1/install/scara_description/share/ament_index/resource_index/package_run_dependencies/scara_description
[0.257s] -- Up-to-date: /home/rocioromero/robotica_2026-1/install/scara_description/share/ament_index/resource_index/parent_prefix_path/scara_description
[0.257s] -- Up-to-date: /home/rocioromero/robotica_2026-1/install/scara_description/share/scara_description/environment/ament_prefix_path.sh
[0.257s] -- Up-to-date: /home/rocioromero/robotica_2026-1/install/scara_description/share/scara_description/environment/ament_prefix_path.dsv
[0.257s] -- Up-to-date: /home/rocioromero/robotica_2026-1/install/scara_description/share/scara_description/environment/path.sh
[0.258s] -- Up-to-date: /home/rocioromero/robotica_2026-1/install/scara_description/share/scara_description/environment/path.dsv
[0.258s] -- Up-to-date: /home/rocioromero/robotica_2026-1/install/scara_description/share/scara_description/local_setup.bash
[0.258s] -- Up-to-date: /home/rocioromero/robotica_2026-1/install/scara_description/share/scara_description/local_setup.sh
[0.258s] -- Up-to-date: /home/rocioromero/robotica_2026-1/install/scara_description/share/scara_description/local_setup.zsh
[0.258s] -- Up-to-date: /home/rocioromero/robotica_2026-1/install/scara_description/share/scara_description/local_setup.dsv
[0.258s] -- Installing: /home/rocioromero/robotica_2026-1/install/scara_description/share/scara_description/package.dsv
[0.258s] -- Up-to-date: /home/rocioromero/robotica_2026-1/install/scara_description/share/ament_index/resource_index/packages/scara_description
[0.258s] -- Up-to-date: /home/rocioromero/robotica_2026-1/install/scara_description/share/scara_description/cmake/scara_descriptionConfig.cmake
[0.258s] -- Up-to-date: /home/rocioromero/robotica_2026-1/install/scara_description/share/scara_description/cmake/scara_descriptionConfig-version.cmake
[0.258s] -- Up-to-date: /home/rocioromero/robotica_2026-1/install/scara_description/share/scara_description/package.xml
[0.267s] Invoked command in '/home/rocioromero/robotica_2026-1/build/scara_description' returned '0': CMAKE_PREFIX_PATH=${CMAKE_PREFIX_PATH}:/home/rocioromero/robotica_2026-1/install/nodes_topics_py:/opt/ros/jazzy DEBUGINFOD_URLS=https://debuginfod.ubuntu.com /usr/bin/cmake --install /home/rocioromero/robotica_2026-1/build/scara_description
