[0.093s] DEBUG:colcon:Command line arguments: ['/usr/bin/colcon', 'build']
[0.093s] DEBUG:colcon:Parsed command line arguments: Namespace(log_base=None, log_level=None, verb_name='build', build_base='build', install_base='install', merge_install=False, symlink_install=False, test_result_base=None, continue_on_error=False, executor='parallel', parallel_workers=16, event_handlers=None, ignore_user_meta=False, metas=['./colcon.meta'], base_paths=['.'], packages_ignore=None, packages_ignore_regex=None, paths=None, packages_up_to=None, packages_up_to_regex=None, packages_above=None, packages_above_and_dependencies=None, packages_above_depth=None, packages_select_by_dep=None, packages_skip_by_dep=None, packages_skip_up_to=None, packages_select_build_failed=False, packages_skip_build_finished=False, packages_select_test_failures=False, packages_skip_test_passed=False, packages_select=None, packages_skip=None, packages_select_regex=None, packages_skip_regex=None, packages_start=None, packages_end=None, allow_overriding=[], cmake_args=None, cmake_target=None, cmake_target_skip_unavailable=False, cmake_clean_cache=False, cmake_clean_first=False, cmake_force_configure=False, ament_cmake_args=None, catkin_cmake_args=None, catkin_skip_building_tests=False, mixin_files=None, mixin=None, verb_parser=<colcon_mixin.mixin.mixin_argument.MixinArgumentDecorator object at 0x7eae4eba9130>, verb_extension=<colcon_core.verb.build.BuildVerb object at 0x7eae4eba8a10>, main=<bound method BuildVerb.main of <colcon_core.verb.build.BuildVerb object at 0x7eae4eba8a10>>, mixin_verb=('build',))
[0.125s] Level 1:colcon.colcon_core.package_discovery:discover_packages(colcon_meta) check parameters
[0.125s] Level 1:colcon.colcon_core.package_discovery:discover_packages(recursive) check parameters
[0.125s] Level 1:colcon.colcon_core.package_discovery:discover_packages(ignore) check parameters
[0.125s] Level 1:colcon.colcon_core.package_discovery:discover_packages(path) check parameters
[0.125s] Level 1:colcon.colcon_core.package_discovery:discover_packages(colcon_meta) discover
[0.125s] Level 1:colcon.colcon_core.package_discovery:discover_packages(recursive) discover
[0.126s] INFO:colcon.colcon_core.package_discovery:Crawling recursively for packages in '/home/rocioromero/robotica_2026-1'
[0.126s] Level 1:colcon.colcon_core.package_identification:_identify(.) by extensions ['ignore', 'ignore_ament_install']
[0.126s] Level 1:colcon.colcon_core.package_identification:_identify(.) by extension 'ignore'
[0.126s] Level 1:colcon.colcon_core.package_identification:_identify(.) by extension 'ignore_ament_install'
[0.126s] Level 1:colcon.colcon_core.package_identification:_identify(.) by extensions ['colcon_pkg']
[0.126s] Level 1:colcon.colcon_core.package_identification:_identify(.) by extension 'colcon_pkg'
[0.126s] Level 1:colcon.colcon_core.package_identification:_identify(.) by extensions ['colcon_meta']
[0.126s] Level 1:colcon.colcon_core.package_identification:_identify(.) by extension 'colcon_meta'
[0.126s] Level 1:colcon.colcon_core.package_identification:_identify(.) by extensions ['ros']
[0.126s] Level 1:colcon.colcon_core.package_identification:_identify(.) by extension 'ros'
[0.145s] Level 1:colcon.colcon_core.package_identification:_identify(.) by extensions ['cmake', 'python']
[0.145s] Level 1:colcon.colcon_core.package_identification:_identify(.) by extension 'cmake'
[0.145s] Level 1:colcon.colcon_core.package_identification:_identify(.) by extension 'python'
[0.145s] Level 1:colcon.colcon_core.package_identification:_identify(.) by extensions ['python_setup_py']
[0.145s] Level 1:colcon.colcon_core.package_identification:_identify(.) by extension 'python_setup_py'
[0.145s] Level 1:colcon.colcon_core.package_identification:_identify(Matlab) by extensions ['ignore', 'ignore_ament_install']
[0.145s] Level 1:colcon.colcon_core.package_identification:_identify(Matlab) by extension 'ignore'
[0.145s] Level 1:colcon.colcon_core.package_identification:_identify(Matlab) by extension 'ignore_ament_install'
[0.145s] Level 1:colcon.colcon_core.package_identification:_identify(Matlab) by extensions ['colcon_pkg']
[0.145s] Level 1:colcon.colcon_core.package_identification:_identify(Matlab) by extension 'colcon_pkg'
[0.145s] Level 1:colcon.colcon_core.package_identification:_identify(Matlab) by extensions ['colcon_meta']
[0.145s] Level 1:colcon.colcon_core.package_identification:_identify(Matlab) by extension 'colcon_meta'
[0.145s] Level 1:colcon.colcon_core.package_identification:_identify(Matlab) by extensions ['ros']
[0.146s] Level 1:colcon.colcon_core.package_identification:_identify(Matlab) by extension 'ros'
[0.146s] Level 1:colcon.colcon_core.package_identification:_identify(Matlab) by extensions ['cmake', 'python']
[0.146s] Level 1:colcon.colcon_core.package_identification:_identify(Matlab) by extension 'cmake'
[0.146s] Level 1:colcon.colcon_core.package_identification:_identify(Matlab) by extension 'python'
[0.146s] Level 1:colcon.colcon_core.package_identification:_identify(Matlab) by extensions ['python_setup_py']
[0.146s] Level 1:colcon.colcon_core.package_identification:_identify(Matlab) by extension 'python_setup_py'
[0.146s] Level 1:colcon.colcon_core.package_identification:_identify(build) by extensions ['ignore', 'ignore_ament_install']
[0.146s] Level 1:colcon.colcon_core.package_identification:_identify(build) by extension 'ignore'
[0.146s] Level 1:colcon.colcon_core.package_identification:_identify(build) ignored
[0.146s] Level 1:colcon.colcon_core.package_identification:_identify(doc) by extensions ['ignore', 'ignore_ament_install']
[0.146s] Level 1:colcon.colcon_core.package_identification:_identify(doc) by extension 'ignore'
[0.146s] Level 1:colcon.colcon_core.package_identification:_identify(doc) by extension 'ignore_ament_install'
[0.146s] Level 1:colcon.colcon_core.package_identification:_identify(doc) by extensions ['colcon_pkg']
[0.146s] Level 1:colcon.colcon_core.package_identification:_identify(doc) by extension 'colcon_pkg'
[0.146s] Level 1:colcon.colcon_core.package_identification:_identify(doc) by extensions ['colcon_meta']
[0.146s] Level 1:colcon.colcon_core.package_identification:_identify(doc) by extension 'colcon_meta'
[0.146s] Level 1:colcon.colcon_core.package_identification:_identify(doc) by extensions ['ros']
[0.146s] Level 1:colcon.colcon_core.package_identification:_identify(doc) by extension 'ros'
[0.146s] Level 1:colcon.colcon_core.package_identification:_identify(doc) by extensions ['cmake', 'python']
[0.146s] Level 1:colcon.colcon_core.package_identification:_identify(doc) by extension 'cmake'
[0.147s] Level 1:colcon.colcon_core.package_identification:_identify(doc) by extension 'python'
[0.147s] Level 1:colcon.colcon_core.package_identification:_identify(doc) by extensions ['python_setup_py']
[0.147s] Level 1:colcon.colcon_core.package_identification:_identify(doc) by extension 'python_setup_py'
[0.147s] Level 1:colcon.colcon_core.package_identification:_identify(doc/imagenes) by extensions ['ignore', 'ignore_ament_install']
[0.147s] Level 1:colcon.colcon_core.package_identification:_identify(doc/imagenes) by extension 'ignore'
[0.147s] Level 1:colcon.colcon_core.package_identification:_identify(doc/imagenes) by extension 'ignore_ament_install'
[0.147s] Level 1:colcon.colcon_core.package_identification:_identify(doc/imagenes) by extensions ['colcon_pkg']
[0.147s] Level 1:colcon.colcon_core.package_identification:_identify(doc/imagenes) by extension 'colcon_pkg'
[0.147s] Level 1:colcon.colcon_core.package_identification:_identify(doc/imagenes) by extensions ['colcon_meta']
[0.147s] Level 1:colcon.colcon_core.package_identification:_identify(doc/imagenes) by extension 'colcon_meta'
[0.147s] Level 1:colcon.colcon_core.package_identification:_identify(doc/imagenes) by extensions ['ros']
[0.147s] Level 1:colcon.colcon_core.package_identification:_identify(doc/imagenes) by extension 'ros'
[0.147s] Level 1:colcon.colcon_core.package_identification:_identify(doc/imagenes) by extensions ['cmake', 'python']
[0.147s] Level 1:colcon.colcon_core.package_identification:_identify(doc/imagenes) by extension 'cmake'
[0.147s] Level 1:colcon.colcon_core.package_identification:_identify(doc/imagenes) by extension 'python'
[0.147s] Level 1:colcon.colcon_core.package_identification:_identify(doc/imagenes) by extensions ['python_setup_py']
[0.147s] Level 1:colcon.colcon_core.package_identification:_identify(doc/imagenes) by extension 'python_setup_py'
[0.147s] Level 1:colcon.colcon_core.package_identification:_identify(install) by extensions ['ignore', 'ignore_ament_install']
[0.147s] Level 1:colcon.colcon_core.package_identification:_identify(install) by extension 'ignore'
[0.147s] Level 1:colcon.colcon_core.package_identification:_identify(install) ignored
[0.148s] Level 1:colcon.colcon_core.package_identification:_identify(log) by extensions ['ignore', 'ignore_ament_install']
[0.148s] Level 1:colcon.colcon_core.package_identification:_identify(log) by extension 'ignore'
[0.148s] Level 1:colcon.colcon_core.package_identification:_identify(log) ignored
[0.148s] Level 1:colcon.colcon_core.package_identification:_identify(movil_robot) by extensions ['ignore', 'ignore_ament_install']
[0.148s] Level 1:colcon.colcon_core.package_identification:_identify(movil_robot) by extension 'ignore'
[0.148s] Level 1:colcon.colcon_core.package_identification:_identify(movil_robot) by extension 'ignore_ament_install'
[0.148s] Level 1:colcon.colcon_core.package_identification:_identify(movil_robot) by extensions ['colcon_pkg']
[0.148s] Level 1:colcon.colcon_core.package_identification:_identify(movil_robot) by extension 'colcon_pkg'
[0.148s] Level 1:colcon.colcon_core.package_identification:_identify(movil_robot) by extensions ['colcon_meta']
[0.148s] Level 1:colcon.colcon_core.package_identification:_identify(movil_robot) by extension 'colcon_meta'
[0.148s] Level 1:colcon.colcon_core.package_identification:_identify(movil_robot) by extensions ['ros']
[0.148s] Level 1:colcon.colcon_core.package_identification:_identify(movil_robot) by extension 'ros'
[0.148s] Level 1:colcon.colcon_core.package_identification:_identify(movil_robot) by extensions ['cmake', 'python']
[0.148s] Level 1:colcon.colcon_core.package_identification:_identify(movil_robot) by extension 'cmake'
[0.148s] Level 1:colcon.colcon_core.package_identification:_identify(movil_robot) by extension 'python'
[0.148s] Level 1:colcon.colcon_core.package_identification:_identify(movil_robot) by extensions ['python_setup_py']
[0.148s] Level 1:colcon.colcon_core.package_identification:_identify(movil_robot) by extension 'python_setup_py'
[0.148s] Level 1:colcon.colcon_core.package_identification:_identify(movil_robot/my_robot_bringup) by extensions ['ignore', 'ignore_ament_install']
[0.148s] Level 1:colcon.colcon_core.package_identification:_identify(movil_robot/my_robot_bringup) by extension 'ignore'
[0.148s] Level 1:colcon.colcon_core.package_identification:_identify(movil_robot/my_robot_bringup) by extension 'ignore_ament_install'
[0.149s] Level 1:colcon.colcon_core.package_identification:_identify(movil_robot/my_robot_bringup) by extensions ['colcon_pkg']
[0.149s] Level 1:colcon.colcon_core.package_identification:_identify(movil_robot/my_robot_bringup) by extension 'colcon_pkg'
[0.149s] Level 1:colcon.colcon_core.package_identification:_identify(movil_robot/my_robot_bringup) by extensions ['colcon_meta']
[0.149s] Level 1:colcon.colcon_core.package_identification:_identify(movil_robot/my_robot_bringup) by extension 'colcon_meta'
[0.149s] Level 1:colcon.colcon_core.package_identification:_identify(movil_robot/my_robot_bringup) by extensions ['ros']
[0.149s] Level 1:colcon.colcon_core.package_identification:_identify(movil_robot/my_robot_bringup) by extension 'ros'
[0.150s] DEBUG:colcon.colcon_core.package_identification:Package 'movil_robot/my_robot_bringup' with type 'ros.ament_cmake' and name 'my_robot_bringup'
[0.150s] Level 1:colcon.colcon_core.package_identification:_identify(movil_robot/my_robot_description) by extensions ['ignore', 'ignore_ament_install']
[0.151s] Level 1:colcon.colcon_core.package_identification:_identify(movil_robot/my_robot_description) by extension 'ignore'
[0.151s] Level 1:colcon.colcon_core.package_identification:_identify(movil_robot/my_robot_description) by extension 'ignore_ament_install'
[0.151s] Level 1:colcon.colcon_core.package_identification:_identify(movil_robot/my_robot_description) by extensions ['colcon_pkg']
[0.151s] Level 1:colcon.colcon_core.package_identification:_identify(movil_robot/my_robot_description) by extension 'colcon_pkg'
[0.151s] Level 1:colcon.colcon_core.package_identification:_identify(movil_robot/my_robot_description) by extensions ['colcon_meta']
[0.151s] Level 1:colcon.colcon_core.package_identification:_identify(movil_robot/my_robot_description) by extension 'colcon_meta'
[0.151s] Level 1:colcon.colcon_core.package_identification:_identify(movil_robot/my_robot_description) by extensions ['ros']
[0.151s] Level 1:colcon.colcon_core.package_identification:_identify(movil_robot/my_robot_description) by extension 'ros'
[0.151s] DEBUG:colcon.colcon_core.package_identification:Package 'movil_robot/my_robot_description' with type 'ros.ament_cmake' and name 'my_robot_description'
[0.151s] Level 1:colcon.colcon_core.package_identification:_identify(nodes_topics_py) by extensions ['ignore', 'ignore_ament_install']
[0.151s] Level 1:colcon.colcon_core.package_identification:_identify(nodes_topics_py) by extension 'ignore'
[0.151s] Level 1:colcon.colcon_core.package_identification:_identify(nodes_topics_py) by extension 'ignore_ament_install'
[0.151s] Level 1:colcon.colcon_core.package_identification:_identify(nodes_topics_py) by extensions ['colcon_pkg']
[0.151s] Level 1:colcon.colcon_core.package_identification:_identify(nodes_topics_py) by extension 'colcon_pkg'
[0.151s] Level 1:colcon.colcon_core.package_identification:_identify(nodes_topics_py) by extensions ['colcon_meta']
[0.151s] Level 1:colcon.colcon_core.package_identification:_identify(nodes_topics_py) by extension 'colcon_meta'
[0.152s] Level 1:colcon.colcon_core.package_identification:_identify(nodes_topics_py) by extensions ['ros']
[0.152s] Level 1:colcon.colcon_core.package_identification:_identify(nodes_topics_py) by extension 'ros'
[0.152s] DEBUG:colcon.colcon_core.package_identification:Package 'nodes_topics_py' with type 'ros.ament_python' and name 'nodes_topics_py'
[0.152s] Level 1:colcon.colcon_core.package_identification:_identify(practicas) by extensions ['ignore', 'ignore_ament_install']
[0.152s] Level 1:colcon.colcon_core.package_identification:_identify(practicas) by extension 'ignore'
[0.152s] Level 1:colcon.colcon_core.package_identification:_identify(practicas) by extension 'ignore_ament_install'
[0.152s] Level 1:colcon.colcon_core.package_identification:_identify(practicas) by extensions ['colcon_pkg']
[0.152s] Level 1:colcon.colcon_core.package_identification:_identify(practicas) by extension 'colcon_pkg'
[0.152s] Level 1:colcon.colcon_core.package_identification:_identify(practicas) by extensions ['colcon_meta']
[0.152s] Level 1:colcon.colcon_core.package_identification:_identify(practicas) by extension 'colcon_meta'
[0.152s] Level 1:colcon.colcon_core.package_identification:_identify(practicas) by extensions ['ros']
[0.152s] Level 1:colcon.colcon_core.package_identification:_identify(practicas) by extension 'ros'
[0.152s] Level 1:colcon.colcon_core.package_identification:_identify(practicas) by extensions ['cmake', 'python']
[0.152s] Level 1:colcon.colcon_core.package_identification:_identify(practicas) by extension 'cmake'
[0.152s] Level 1:colcon.colcon_core.package_identification:_identify(practicas) by extension 'python'
[0.153s] Level 1:colcon.colcon_core.package_identification:_identify(practicas) by extensions ['python_setup_py']
[0.153s] Level 1:colcon.colcon_core.package_identification:_identify(practicas) by extension 'python_setup_py'
[0.153s] Level 1:colcon.colcon_core.package_identification:_identify(practicas/imagen) by extensions ['ignore', 'ignore_ament_install']
[0.153s] Level 1:colcon.colcon_core.package_identification:_identify(practicas/imagen) by extension 'ignore'
[0.153s] Level 1:colcon.colcon_core.package_identification:_identify(practicas/imagen) by extension 'ignore_ament_install'
[0.153s] Level 1:colcon.colcon_core.package_identification:_identify(practicas/imagen) by extensions ['colcon_pkg']
[0.153s] Level 1:colcon.colcon_core.package_identification:_identify(practicas/imagen) by extension 'colcon_pkg'
[0.153s] Level 1:colcon.colcon_core.package_identification:_identify(practicas/imagen) by extensions ['colcon_meta']
[0.153s] Level 1:colcon.colcon_core.package_identification:_identify(practicas/imagen) by extension 'colcon_meta'
[0.153s] Level 1:colcon.colcon_core.package_identification:_identify(practicas/imagen) by extensions ['ros']
[0.153s] Level 1:colcon.colcon_core.package_identification:_identify(practicas/imagen) by extension 'ros'
[0.153s] Level 1:colcon.colcon_core.package_identification:_identify(practicas/imagen) by extensions ['cmake', 'python']
[0.153s] Level 1:colcon.colcon_core.package_identification:_identify(practicas/imagen) by extension 'cmake'
[0.153s] Level 1:colcon.colcon_core.package_identification:_identify(practicas/imagen) by extension 'python'
[0.153s] Level 1:colcon.colcon_core.package_identification:_identify(practicas/imagen) by extensions ['python_setup_py']
[0.153s] Level 1:colcon.colcon_core.package_identification:_identify(practicas/imagen) by extension 'python_setup_py'
[0.153s] Level 1:colcon.colcon_core.package_identification:_identify(scara_pckgs) by extensions ['ignore', 'ignore_ament_install']
[0.153s] Level 1:colcon.colcon_core.package_identification:_identify(scara_pckgs) by extension 'ignore'
[0.153s] Level 1:colcon.colcon_core.package_identification:_identify(scara_pckgs) by extension 'ignore_ament_install'
[0.153s] Level 1:colcon.colcon_core.package_identification:_identify(scara_pckgs) by extensions ['colcon_pkg']
[0.153s] Level 1:colcon.colcon_core.package_identification:_identify(scara_pckgs) by extension 'colcon_pkg'
[0.154s] Level 1:colcon.colcon_core.package_identification:_identify(scara_pckgs) by extensions ['colcon_meta']
[0.154s] Level 1:colcon.colcon_core.package_identification:_identify(scara_pckgs) by extension 'colcon_meta'
[0.154s] Level 1:colcon.colcon_core.package_identification:_identify(scara_pckgs) by extensions ['ros']
[0.154s] Level 1:colcon.colcon_core.package_identification:_identify(scara_pckgs) by extension 'ros'
[0.154s] Level 1:colcon.colcon_core.package_identification:_identify(scara_pckgs) by extensions ['cmake', 'python']
[0.154s] Level 1:colcon.colcon_core.package_identification:_identify(scara_pckgs) by extension 'cmake'
[0.154s] Level 1:colcon.colcon_core.package_identification:_identify(scara_pckgs) by extension 'python'
[0.154s] Level 1:colcon.colcon_core.package_identification:_identify(scara_pckgs) by extensions ['python_setup_py']
[0.154s] Level 1:colcon.colcon_core.package_identification:_identify(scara_pckgs) by extension 'python_setup_py'
[0.154s] Level 1:colcon.colcon_core.package_identification:_identify(scara_pckgs/scara_bringup) by extensions ['ignore', 'ignore_ament_install']
[0.154s] Level 1:colcon.colcon_core.package_identification:_identify(scara_pckgs/scara_bringup) by extension 'ignore'
[0.154s] Level 1:colcon.colcon_core.package_identification:_identify(scara_pckgs/scara_bringup) by extension 'ignore_ament_install'
[0.154s] Level 1:colcon.colcon_core.package_identification:_identify(scara_pckgs/scara_bringup) by extensions ['colcon_pkg']
[0.154s] Level 1:colcon.colcon_core.package_identification:_identify(scara_pckgs/scara_bringup) by extension 'colcon_pkg'
[0.154s] Level 1:colcon.colcon_core.package_identification:_identify(scara_pckgs/scara_bringup) by extensions ['colcon_meta']
[0.154s] Level 1:colcon.colcon_core.package_identification:_identify(scara_pckgs/scara_bringup) by extension 'colcon_meta'
[0.154s] Level 1:colcon.colcon_core.package_identification:_identify(scara_pckgs/scara_bringup) by extensions ['ros']
[0.154s] Level 1:colcon.colcon_core.package_identification:_identify(scara_pckgs/scara_bringup) by extension 'ros'
[0.155s] DEBUG:colcon.colcon_core.package_identification:Package 'scara_pckgs/scara_bringup' with type 'ros.ament_cmake' and name 'scara_bringup'
[0.155s] Level 1:colcon.colcon_core.package_identification:_identify(scara_pckgs/scara_description) by extensions ['ignore', 'ignore_ament_install']
[0.155s] Level 1:colcon.colcon_core.package_identification:_identify(scara_pckgs/scara_description) by extension 'ignore'
[0.155s] Level 1:colcon.colcon_core.package_identification:_identify(scara_pckgs/scara_description) by extension 'ignore_ament_install'
[0.155s] Level 1:colcon.colcon_core.package_identification:_identify(scara_pckgs/scara_description) by extensions ['colcon_pkg']
[0.155s] Level 1:colcon.colcon_core.package_identification:_identify(scara_pckgs/scara_description) by extension 'colcon_pkg'
[0.155s] Level 1:colcon.colcon_core.package_identification:_identify(scara_pckgs/scara_description) by extensions ['colcon_meta']
[0.155s] Level 1:colcon.colcon_core.package_identification:_identify(scara_pckgs/scara_description) by extension 'colcon_meta'
[0.155s] Level 1:colcon.colcon_core.package_identification:_identify(scara_pckgs/scara_description) by extensions ['ros']
[0.155s] Level 1:colcon.colcon_core.package_identification:_identify(scara_pckgs/scara_description) by extension 'ros'
[0.155s] DEBUG:colcon.colcon_core.package_identification:Package 'scara_pckgs/scara_description' with type 'ros.ament_cmake' and name 'scara_description'
[0.156s] Level 1:colcon.colcon_core.package_identification:_identify(src) by extensions ['ignore', 'ignore_ament_install']
[0.156s] Level 1:colcon.colcon_core.package_identification:_identify(src) by extension 'ignore'
[0.156s] Level 1:colcon.colcon_core.package_identification:_identify(src) by extension 'ignore_ament_install'
[0.156s] Level 1:colcon.colcon_core.package_identification:_identify(src) by extensions ['colcon_pkg']
[0.156s] Level 1:colcon.colcon_core.package_identification:_identify(src) by extension 'colcon_pkg'
[0.156s] Level 1:colcon.colcon_core.package_identification:_identify(src) by extensions ['colcon_meta']
[0.156s] Level 1:colcon.colcon_core.package_identification:_identify(src) by extension 'colcon_meta'
[0.156s] Level 1:colcon.colcon_core.package_identification:_identify(src) by extensions ['ros']
[0.156s] Level 1:colcon.colcon_core.package_identification:_identify(src) by extension 'ros'
[0.156s] Level 1:colcon.colcon_core.package_identification:_identify(src) by extensions ['cmake', 'python']
[0.156s] Level 1:colcon.colcon_core.package_identification:_identify(src) by extension 'cmake'
[0.156s] Level 1:colcon.colcon_core.package_identification:_identify(src) by extension 'python'
[0.156s] Level 1:colcon.colcon_core.package_identification:_identify(src) by extensions ['python_setup_py']
[0.156s] Level 1:colcon.colcon_core.package_identification:_identify(src) by extension 'python_setup_py'
[0.156s] Level 1:colcon.colcon_core.package_identification:_identify(src/scara_description) by extensions ['ignore', 'ignore_ament_install']
[0.156s] Level 1:colcon.colcon_core.package_identification:_identify(src/scara_description) by extension 'ignore'
[0.156s] Level 1:colcon.colcon_core.package_identification:_identify(src/scara_description) by extension 'ignore_ament_install'
[0.156s] Level 1:colcon.colcon_core.package_identification:_identify(src/scara_description) by extensions ['colcon_pkg']
[0.156s] Level 1:colcon.colcon_core.package_identification:_identify(src/scara_description) by extension 'colcon_pkg'
[0.156s] Level 1:colcon.colcon_core.package_identification:_identify(src/scara_description) by extensions ['colcon_meta']
[0.156s] Level 1:colcon.colcon_core.package_identification:_identify(src/scara_description) by extension 'colcon_meta'
[0.156s] Level 1:colcon.colcon_core.package_identification:_identify(src/scara_description) by extensions ['ros']
[0.156s] Level 1:colcon.colcon_core.package_identification:_identify(src/scara_description) by extension 'ros'
[0.157s] Level 1:colcon.colcon_core.package_identification:_identify(src/scara_description) by extensions ['cmake', 'python']
[0.157s] Level 1:colcon.colcon_core.package_identification:_identify(src/scara_description) by extension 'cmake'
[0.157s] Level 1:colcon.colcon_core.package_identification:_identify(src/scara_description) by extension 'python'
[0.157s] Level 1:colcon.colcon_core.package_identification:_identify(src/scara_description) by extensions ['python_setup_py']
[0.157s] Level 1:colcon.colcon_core.package_identification:_identify(src/scara_description) by extension 'python_setup_py'
[0.157s] Level 1:colcon.colcon_core.package_identification:_identify(src/scara_description/worlds) by extensions ['ignore', 'ignore_ament_install']
[0.157s] Level 1:colcon.colcon_core.package_identification:_identify(src/scara_description/worlds) by extension 'ignore'
[0.157s] Level 1:colcon.colcon_core.package_identification:_identify(src/scara_description/worlds) by extension 'ignore_ament_install'
[0.157s] Level 1:colcon.colcon_core.package_identification:_identify(src/scara_description/worlds) by extensions ['colcon_pkg']
[0.157s] Level 1:colcon.colcon_core.package_identification:_identify(src/scara_description/worlds) by extension 'colcon_pkg'
[0.157s] Level 1:colcon.colcon_core.package_identification:_identify(src/scara_description/worlds) by extensions ['colcon_meta']
[0.157s] Level 1:colcon.colcon_core.package_identification:_identify(src/scara_description/worlds) by extension 'colcon_meta'
[0.157s] Level 1:colcon.colcon_core.package_identification:_identify(src/scara_description/worlds) by extensions ['ros']
[0.157s] Level 1:colcon.colcon_core.package_identification:_identify(src/scara_description/worlds) by extension 'ros'
[0.157s] Level 1:colcon.colcon_core.package_identification:_identify(src/scara_description/worlds) by extensions ['cmake', 'python']
[0.157s] Level 1:colcon.colcon_core.package_identification:_identify(src/scara_description/worlds) by extension 'cmake'
[0.157s] Level 1:colcon.colcon_core.package_identification:_identify(src/scara_description/worlds) by extension 'python'
[0.157s] Level 1:colcon.colcon_core.package_identification:_identify(src/scara_description/worlds) by extensions ['python_setup_py']
[0.157s] Level 1:colcon.colcon_core.package_identification:_identify(src/scara_description/worlds) by extension 'python_setup_py'
[0.157s] Level 1:colcon.colcon_core.package_discovery:discover_packages(recursive) using defaults
[0.157s] Level 1:colcon.colcon_core.package_discovery:discover_packages(ignore) discover
[0.157s] Level 1:colcon.colcon_core.package_discovery:discover_packages(ignore) using defaults
[0.157s] Level 1:colcon.colcon_core.package_discovery:discover_packages(path) discover
[0.158s] Level 1:colcon.colcon_core.package_discovery:discover_packages(path) using defaults
[0.171s] Level 1:colcon.colcon_core.package_discovery:discover_packages(prefix_path) check parameters
[0.171s] Level 1:colcon.colcon_core.package_discovery:discover_packages(prefix_path) discover
[0.173s] DEBUG:colcon.colcon_installed_package_information.package_discovery:Found 5 installed packages in /home/rocioromero/robotica_2026-1/install
[0.173s] DEBUG:colcon.colcon_installed_package_information.package_discovery:Found 0 installed packages in /home/rocioromero/robotica_2026-1/scara_pckgs/scara_description/urdf/install
[0.175s] DEBUG:colcon.colcon_installed_package_information.package_discovery:Found 503 installed packages in /opt/ros/jazzy
[0.177s] Level 1:colcon.colcon_core.package_discovery:discover_packages(prefix_path) using defaults
[0.228s] Level 5:colcon.colcon_core.verb:set package 'my_robot_bringup' build argument 'cmake_args' from command line to 'None'
[0.228s] Level 5:colcon.colcon_core.verb:set package 'my_robot_bringup' build argument 'cmake_target' from command line to 'None'
[0.228s] Level 5:colcon.colcon_core.verb:set package 'my_robot_bringup' build argument 'cmake_target_skip_unavailable' from command line to 'False'
[0.228s] Level 5:colcon.colcon_core.verb:set package 'my_robot_bringup' build argument 'cmake_clean_cache' from command line to 'False'
[0.229s] Level 5:colcon.colcon_core.verb:set package 'my_robot_bringup' build argument 'cmake_clean_first' from command line to 'False'
[0.229s] Level 5:colcon.colcon_core.verb:set package 'my_robot_bringup' build argument 'cmake_force_configure' from command line to 'False'
[0.229s] Level 5:colcon.colcon_core.verb:set package 'my_robot_bringup' build argument 'ament_cmake_args' from command line to 'None'
[0.229s] Level 5:colcon.colcon_core.verb:set package 'my_robot_bringup' build argument 'catkin_cmake_args' from command line to 'None'
[0.229s] Level 5:colcon.colcon_core.verb:set package 'my_robot_bringup' build argument 'catkin_skip_building_tests' from command line to 'False'
[0.229s] DEBUG:colcon.colcon_core.verb:Building package 'my_robot_bringup' with the following arguments: {'ament_cmake_args': None, 'build_base': '/home/rocioromero/robotica_2026-1/build/my_robot_bringup', 'catkin_cmake_args': None, 'catkin_skip_building_tests': False, 'cmake_args': None, 'cmake_clean_cache': False, 'cmake_clean_first': False, 'cmake_force_configure': False, 'cmake_target': None, 'cmake_target_skip_unavailable': False, 'install_base': '/home/rocioromero/robotica_2026-1/install/my_robot_bringup', 'merge_install': False, 'path': '/home/rocioromero/robotica_2026-1/movil_robot/my_robot_bringup', 'symlink_install': False, 'test_result_base': None}
[0.229s] Level 5:colcon.colcon_core.verb:set package 'my_robot_description' build argument 'cmake_args' from command line to 'None'
[0.229s] Level 5:colcon.colcon_core.verb:set package 'my_robot_description' build argument 'cmake_target' from command line to 'None'
[0.229s] Level 5:colcon.colcon_core.verb:set package 'my_robot_description' build argument 'cmake_target_skip_unavailable' from command line to 'False'
[0.229s] Level 5:colcon.colcon_core.verb:set package 'my_robot_description' build argument 'cmake_clean_cache' from command line to 'False'
[0.229s] Level 5:colcon.colcon_core.verb:set package 'my_robot_description' build argument 'cmake_clean_first' from command line to 'False'
[0.229s] Level 5:colcon.colcon_core.verb:set package 'my_robot_description' build argument 'cmake_force_configure' from command line to 'False'
[0.229s] Level 5:colcon.colcon_core.verb:set package 'my_robot_description' build argument 'ament_cmake_args' from command line to 'None'
[0.229s] Level 5:colcon.colcon_core.verb:set package 'my_robot_description' build argument 'catkin_cmake_args' from command line to 'None'
[0.229s] Level 5:colcon.colcon_core.verb:set package 'my_robot_description' build argument 'catkin_skip_building_tests' from command line to 'False'
[0.229s] DEBUG:colcon.colcon_core.verb:Building package 'my_robot_description' with the following arguments: {'ament_cmake_args': None, 'build_base': '/home/rocioromero/robotica_2026-1/build/my_robot_description', 'catkin_cmake_args': None, 'catkin_skip_building_tests': False, 'cmake_args': None, 'cmake_clean_cache': False, 'cmake_clean_first': False, 'cmake_force_configure': False, 'cmake_target': None, 'cmake_target_skip_unavailable': False, 'install_base': '/home/rocioromero/robotica_2026-1/install/my_robot_description', 'merge_install': False, 'path': '/home/rocioromero/robotica_2026-1/movil_robot/my_robot_description', 'symlink_install': False, 'test_result_base': None}
[0.229s] Level 5:colcon.colcon_core.verb:set package 'nodes_topics_py' build argument 'cmake_args' from command line to 'None'
[0.229s] Level 5:colcon.colcon_core.verb:set package 'nodes_topics_py' build argument 'cmake_target' from command line to 'None'
[0.229s] Level 5:colcon.colcon_core.verb:set package 'nodes_topics_py' build argument 'cmake_target_skip_unavailable' from command line to 'False'
[0.229s] Level 5:colcon.colcon_core.verb:set package 'nodes_topics_py' build argument 'cmake_clean_cache' from command line to 'False'
[0.229s] Level 5:colcon.colcon_core.verb:set package 'nodes_topics_py' build argument 'cmake_clean_first' from command line to 'False'
[0.229s] Level 5:colcon.colcon_core.verb:set package 'nodes_topics_py' build argument 'cmake_force_configure' from command line to 'False'
[0.229s] Level 5:colcon.colcon_core.verb:set package 'nodes_topics_py' build argument 'ament_cmake_args' from command line to 'None'
[0.230s] Level 5:colcon.colcon_core.verb:set package 'nodes_topics_py' build argument 'catkin_cmake_args' from command line to 'None'
[0.230s] Level 5:colcon.colcon_core.verb:set package 'nodes_topics_py' build argument 'catkin_skip_building_tests' from command line to 'False'
[0.230s] DEBUG:colcon.colcon_core.verb:Building package 'nodes_topics_py' with the following arguments: {'ament_cmake_args': None, 'build_base': '/home/rocioromero/robotica_2026-1/build/nodes_topics_py', 'catkin_cmake_args': None, 'catkin_skip_building_tests': False, 'cmake_args': None, 'cmake_clean_cache': False, 'cmake_clean_first': False, 'cmake_force_configure': False, 'cmake_target': None, 'cmake_target_skip_unavailable': False, 'install_base': '/home/rocioromero/robotica_2026-1/install/nodes_topics_py', 'merge_install': False, 'path': '/home/rocioromero/robotica_2026-1/nodes_topics_py', 'symlink_install': False, 'test_result_base': None}
[0.230s] Level 5:colcon.colcon_core.verb:set package 'scara_bringup' build argument 'cmake_args' from command line to 'None'
[0.230s] Level 5:colcon.colcon_core.verb:set package 'scara_bringup' build argument 'cmake_target' from command line to 'None'
[0.230s] Level 5:colcon.colcon_core.verb:set package 'scara_bringup' build argument 'cmake_target_skip_unavailable' from command line to 'False'
[0.230s] Level 5:colcon.colcon_core.verb:set package 'scara_bringup' build argument 'cmake_clean_cache' from command line to 'False'
[0.230s] Level 5:colcon.colcon_core.verb:set package 'scara_bringup' build argument 'cmake_clean_first' from command line to 'False'
[0.230s] Level 5:colcon.colcon_core.verb:set package 'scara_bringup' build argument 'cmake_force_configure' from command line to 'False'
[0.230s] Level 5:colcon.colcon_core.verb:set package 'scara_bringup' build argument 'ament_cmake_args' from command line to 'None'
[0.230s] Level 5:colcon.colcon_core.verb:set package 'scara_bringup' build argument 'catkin_cmake_args' from command line to 'None'
[0.230s] Level 5:colcon.colcon_core.verb:set package 'scara_bringup' build argument 'catkin_skip_building_tests' from command line to 'False'
[0.230s] DEBUG:colcon.colcon_core.verb:Building package 'scara_bringup' with the following arguments: {'ament_cmake_args': None, 'build_base': '/home/rocioromero/robotica_2026-1/build/scara_bringup', 'catkin_cmake_args': None, 'catkin_skip_building_tests': False, 'cmake_args': None, 'cmake_clean_cache': False, 'cmake_clean_first': False, 'cmake_force_configure': False, 'cmake_target': None, 'cmake_target_skip_unavailable': False, 'install_base': '/home/rocioromero/robotica_2026-1/install/scara_bringup', 'merge_install': False, 'path': '/home/rocioromero/robotica_2026-1/scara_pckgs/scara_bringup', 'symlink_install': False, 'test_result_base': None}
[0.230s] Level 5:colcon.colcon_core.verb:set package 'scara_description' build argument 'cmake_args' from command line to 'None'
[0.230s] Level 5:colcon.colcon_core.verb:set package 'scara_description' build argument 'cmake_target' from command line to 'None'
[0.230s] Level 5:colcon.colcon_core.verb:set package 'scara_description' build argument 'cmake_target_skip_unavailable' from command line to 'False'
[0.230s] Level 5:colcon.colcon_core.verb:set package 'scara_description' build argument 'cmake_clean_cache' from command line to 'False'
[0.230s] Level 5:colcon.colcon_core.verb:set package 'scara_description' build argument 'cmake_clean_first' from command line to 'False'
[0.230s] Level 5:colcon.colcon_core.verb:set package 'scara_description' build argument 'cmake_force_configure' from command line to 'False'
[0.230s] Level 5:colcon.colcon_core.verb:set package 'scara_description' build argument 'ament_cmake_args' from command line to 'None'
[0.230s] Level 5:colcon.colcon_core.verb:set package 'scara_description' build argument 'catkin_cmake_args' from command line to 'None'
[0.230s] Level 5:colcon.colcon_core.verb:set package 'scara_description' build argument 'catkin_skip_building_tests' from command line to 'False'
[0.230s] DEBUG:colcon.colcon_core.verb:Building package 'scara_description' with the following arguments: {'ament_cmake_args': None, 'build_base': '/home/rocioromero/robotica_2026-1/build/scara_description', 'catkin_cmake_args': None, 'catkin_skip_building_tests': False, 'cmake_args': None, 'cmake_clean_cache': False, 'cmake_clean_first': False, 'cmake_force_configure': False, 'cmake_target': None, 'cmake_target_skip_unavailable': False, 'install_base': '/home/rocioromero/robotica_2026-1/install/scara_description', 'merge_install': False, 'path': '/home/rocioromero/robotica_2026-1/scara_pckgs/scara_description', 'symlink_install': False, 'test_result_base': None}
[0.231s] INFO:colcon.colcon_core.executor:Executing jobs using 'parallel' executor
[0.231s] DEBUG:colcon.colcon_parallel_executor.executor.parallel:run_until_complete
[0.232s] INFO:colcon.colcon_ros.task.ament_cmake.build:Building ROS package in '/home/rocioromero/robotica_2026-1/movil_robot/my_robot_bringup' with build type 'ament_cmake'
[0.232s] INFO:colcon.colcon_cmake.task.cmake.build:Building CMake package in '/home/rocioromero/robotica_2026-1/movil_robot/my_robot_bringup'
[0.233s] INFO:colcon.colcon_core.plugin_system:Skipping extension 'colcon_core.shell.bat': Not used on non-Windows systems
[0.234s] INFO:colcon.colcon_core.shell:Skip shell extension 'powershell' for command environment: Not usable outside of PowerShell
[0.234s] DEBUG:colcon.colcon_core.shell:Skip shell extension 'dsv' for command environment
[0.238s] INFO:colcon.colcon_ros.task.ament_cmake.build:Building ROS package in '/home/rocioromero/robotica_2026-1/movil_robot/my_robot_description' with build type 'ament_cmake'
[0.238s] INFO:colcon.colcon_cmake.task.cmake.build:Building CMake package in '/home/rocioromero/robotica_2026-1/movil_robot/my_robot_description'
[0.238s] INFO:colcon.colcon_core.shell:Skip shell extension 'powershell' for command environment: Not usable outside of PowerShell
[0.239s] DEBUG:colcon.colcon_core.shell:Skip shell extension 'dsv' for command environment
[0.242s] INFO:colcon.colcon_ros.task.ament_python.build:Building ROS package in '/home/rocioromero/robotica_2026-1/nodes_topics_py' with build type 'ament_python'
[0.242s] Level 1:colcon.colcon_core.shell:create_environment_hook('nodes_topics_py', 'ament_prefix_path')
[0.242s] INFO:colcon.colcon_core.shell:Creating environment hook '/home/rocioromero/robotica_2026-1/install/nodes_topics_py/share/nodes_topics_py/hook/ament_prefix_path.ps1'
[0.243s] INFO:colcon.colcon_core.shell:Creating environment descriptor '/home/rocioromero/robotica_2026-1/install/nodes_topics_py/share/nodes_topics_py/hook/ament_prefix_path.dsv'
[0.243s] INFO:colcon.colcon_core.shell:Creating environment hook '/home/rocioromero/robotica_2026-1/install/nodes_topics_py/share/nodes_topics_py/hook/ament_prefix_path.sh'
[0.244s] INFO:colcon.colcon_core.shell:Skip shell extension 'powershell' for command environment: Not usable outside of PowerShell
[0.244s] DEBUG:colcon.colcon_core.shell:Skip shell extension 'dsv' for command environment
[0.247s] INFO:colcon.colcon_ros.task.ament_cmake.build:Building ROS package in '/home/rocioromero/robotica_2026-1/scara_pckgs/scara_bringup' with build type 'ament_cmake'
[0.247s] INFO:colcon.colcon_cmake.task.cmake.build:Building CMake package in '/home/rocioromero/robotica_2026-1/scara_pckgs/scara_bringup'
[0.256s] INFO:colcon.colcon_core.shell:Skip shell extension 'powershell' for command environment: Not usable outside of PowerShell
[0.256s] DEBUG:colcon.colcon_core.shell:Skip shell extension 'dsv' for command environment
[0.260s] INFO:colcon.colcon_ros.task.ament_cmake.build:Building ROS package in '/home/rocioromero/robotica_2026-1/scara_pckgs/scara_description' with build type 'ament_cmake'
[0.260s] INFO:colcon.colcon_cmake.task.cmake.build:Building CMake package in '/home/rocioromero/robotica_2026-1/scara_pckgs/scara_description'
[0.260s] INFO:colcon.colcon_core.shell:Skip shell extension 'powershell' for command environment: Not usable outside of PowerShell
[0.260s] DEBUG:colcon.colcon_core.shell:Skip shell extension 'dsv' for command environment
[0.267s] DEBUG:colcon.colcon_core.event_handler.log_command:Invoking command in '/home/rocioromero/robotica_2026-1/build/my_robot_bringup': CMAKE_PREFIX_PATH=${CMAKE_PREFIX_PATH}:/home/rocioromero/robotica_2026-1/install/nodes_topics_py:/opt/ros/jazzy DEBUGINFOD_URLS=https://debuginfod.ubuntu.com /usr/bin/cmake --build /home/rocioromero/robotica_2026-1/build/my_robot_bringup -- -j16 -l16
[0.269s] DEBUG:colcon.colcon_core.event_handler.log_command:Invoking command in '/home/rocioromero/robotica_2026-1/build/my_robot_description': CMAKE_PREFIX_PATH=${CMAKE_PREFIX_PATH}:/home/rocioromero/robotica_2026-1/install/nodes_topics_py:/opt/ros/jazzy DEBUGINFOD_URLS=https://debuginfod.ubuntu.com /usr/bin/cmake --build /home/rocioromero/robotica_2026-1/build/my_robot_description -- -j16 -l16
[0.452s] INFO:colcon.colcon_core.task.python.build:Building Python package in '/home/rocioromero/robotica_2026-1/nodes_topics_py'
[0.452s] INFO:colcon.colcon_core.shell:Skip shell extension 'powershell' for command environment: Not usable outside of PowerShell
[0.452s] DEBUG:colcon.colcon_core.shell:Skip shell extension 'dsv' for command environment
[0.458s] DEBUG:colcon.colcon_core.event_handler.log_command:Invoking command in '/home/rocioromero/robotica_2026-1/build/scara_bringup': CMAKE_PREFIX_PATH=${CMAKE_PREFIX_PATH}:/home/rocioromero/robotica_2026-1/install/nodes_topics_py:/opt/ros/jazzy DEBUGINFOD_URLS=https://debuginfod.ubuntu.com /usr/bin/cmake --build /home/rocioromero/robotica_2026-1/build/scara_bringup -- -j16 -l16
[0.460s] DEBUG:colcon.colcon_core.event_handler.log_command:Invoked command in '/home/rocioromero/robotica_2026-1/build/my_robot_description' returned '0': CMAKE_PREFIX_PATH=${CMAKE_PREFIX_PATH}:/home/rocioromero/robotica_2026-1/install/nodes_topics_py:/opt/ros/jazzy DEBUGINFOD_URLS=https://debuginfod.ubuntu.com /usr/bin/cmake --build /home/rocioromero/robotica_2026-1/build/my_robot_description -- -j16 -l16
[0.469s] DEBUG:colcon.colcon_core.event_handler.log_command:Invoking command in '/home/rocioromero/robotica_2026-1/build/my_robot_description': CMAKE_PREFIX_PATH=${CMAKE_PREFIX_PATH}:/home/rocioromero/robotica_2026-1/install/nodes_topics_py:/opt/ros/jazzy DEBUGINFOD_URLS=https://debuginfod.ubuntu.com /usr/bin/cmake --install /home/rocioromero/robotica_2026-1/build/my_robot_description
[0.470s] DEBUG:colcon.colcon_core.event_handler.log_command:Invoked command in '/home/rocioromero/robotica_2026-1/build/my_robot_bringup' returned '0': CMAKE_PREFIX_PATH=${CMAKE_PREFIX_PATH}:/home/rocioromero/robotica_2026-1/install/nodes_topics_py:/opt/ros/jazzy DEBUGINFOD_URLS=https://debuginfod.ubuntu.com /usr/bin/cmake --build /home/rocioromero/robotica_2026-1/build/my_robot_bringup -- -j16 -l16
[0.471s] DEBUG:colcon.colcon_core.event_handler.log_command:Invoking command in '/home/rocioromero/robotica_2026-1/build/my_robot_bringup': CMAKE_PREFIX_PATH=${CMAKE_PREFIX_PATH}:/home/rocioromero/robotica_2026-1/install/nodes_topics_py:/opt/ros/jazzy DEBUGINFOD_URLS=https://debuginfod.ubuntu.com /usr/bin/cmake --install /home/rocioromero/robotica_2026-1/build/my_robot_bringup
[0.474s] DEBUG:colcon.colcon_core.event_handler.log_command:Invoking command in '/home/rocioromero/robotica_2026-1/build/scara_description': CMAKE_PREFIX_PATH=${CMAKE_PREFIX_PATH}:/home/rocioromero/robotica_2026-1/install/nodes_topics_py:/opt/ros/jazzy DEBUGINFOD_URLS=https://debuginfod.ubuntu.com /usr/bin/cmake --build /home/rocioromero/robotica_2026-1/build/scara_description -- -j16 -l16
[0.484s] Level 1:colcon.colcon_core.environment:create_environment_scripts_only(my_robot_description)
[0.484s] DEBUG:colcon.colcon_core.event_handler.log_command:Invoked command in '/home/rocioromero/robotica_2026-1/build/my_robot_description' returned '0': CMAKE_PREFIX_PATH=${CMAKE_PREFIX_PATH}:/home/rocioromero/robotica_2026-1/install/nodes_topics_py:/opt/ros/jazzy DEBUGINFOD_URLS=https://debuginfod.ubuntu.com /usr/bin/cmake --install /home/rocioromero/robotica_2026-1/build/my_robot_description
[0.486s] Level 1:colcon.colcon_core.environment:checking '/home/rocioromero/robotica_2026-1/install/my_robot_description' for CMake module files
[0.486s] Level 1:colcon.colcon_core.environment:checking '/home/rocioromero/robotica_2026-1/install/my_robot_description' for CMake config files
[0.487s] Level 1:colcon.colcon_core.shell:create_environment_hook('my_robot_description', 'cmake_prefix_path')
[0.487s] INFO:colcon.colcon_core.shell:Creating environment hook '/home/rocioromero/robotica_2026-1/install/my_robot_description/share/my_robot_description/hook/cmake_prefix_path.ps1'
[0.487s] INFO:colcon.colcon_core.shell:Creating environment descriptor '/home/rocioromero/robotica_2026-1/install/my_robot_description/share/my_robot_description/hook/cmake_prefix_path.dsv'
[0.488s] INFO:colcon.colcon_core.shell:Creating environment hook '/home/rocioromero/robotica_2026-1/install/my_robot_description/share/my_robot_description/hook/cmake_prefix_path.sh'
[0.488s] Level 1:colcon.colcon_core.environment:checking '/home/rocioromero/robotica_2026-1/install/my_robot_description/bin'
[0.488s] Level 1:colcon.colcon_core.environment:checking '/home/rocioromero/robotica_2026-1/install/my_robot_description/lib/pkgconfig/my_robot_description.pc'
[0.488s] Level 1:colcon.colcon_core.environment:checking '/home/rocioromero/robotica_2026-1/install/my_robot_description/lib/python3.12/site-packages'
[0.489s] Level 1:colcon.colcon_core.environment:checking '/home/rocioromero/robotica_2026-1/install/my_robot_description/bin'
[0.489s] INFO:colcon.colcon_core.shell:Creating package script '/home/rocioromero/robotica_2026-1/install/my_robot_description/share/my_robot_description/package.ps1'
[0.489s] INFO:colcon.colcon_core.shell:Creating package descriptor '/home/rocioromero/robotica_2026-1/install/my_robot_description/share/my_robot_description/package.dsv'
[0.490s] INFO:colcon.colcon_core.shell:Creating package script '/home/rocioromero/robotica_2026-1/install/my_robot_description/share/my_robot_description/package.sh'
[0.490s] INFO:colcon.colcon_core.shell:Creating package script '/home/rocioromero/robotica_2026-1/install/my_robot_description/share/my_robot_description/package.bash'
[0.491s] INFO:colcon.colcon_core.shell:Creating package script '/home/rocioromero/robotica_2026-1/install/my_robot_description/share/my_robot_description/package.zsh'
[0.491s] Level 1:colcon.colcon_core.environment:create_file_with_runtime_dependencies(/home/rocioromero/robotica_2026-1/install/my_robot_description/share/colcon-core/packages/my_robot_description)
[0.492s] Level 1:colcon.colcon_core.environment:create_environment_scripts_only(my_robot_description)
[0.492s] Level 1:colcon.colcon_core.environment:checking '/home/rocioromero/robotica_2026-1/install/my_robot_description' for CMake module files
[0.492s] Level 1:colcon.colcon_core.environment:checking '/home/rocioromero/robotica_2026-1/install/my_robot_description' for CMake config files
[0.493s] Level 1:colcon.colcon_core.shell:create_environment_hook('my_robot_description', 'cmake_prefix_path')
[0.493s] INFO:colcon.colcon_core.shell:Creating environment hook '/home/rocioromero/robotica_2026-1/install/my_robot_description/share/my_robot_description/hook/cmake_prefix_path.ps1'
[0.493s] INFO:colcon.colcon_core.shell:Creating environment descriptor '/home/rocioromero/robotica_2026-1/install/my_robot_description/share/my_robot_description/hook/cmake_prefix_path.dsv'
[0.493s] INFO:colcon.colcon_core.shell:Creating environment hook '/home/rocioromero/robotica_2026-1/install/my_robot_description/share/my_robot_description/hook/cmake_prefix_path.sh'
[0.494s] Level 1:colcon.colcon_core.environment:checking '/home/rocioromero/robotica_2026-1/install/my_robot_description/bin'
[0.494s] Level 1:colcon.colcon_core.environment:checking '/home/rocioromero/robotica_2026-1/install/my_robot_description/lib/pkgconfig/my_robot_description.pc'
[0.494s] Level 1:colcon.colcon_core.environment:checking '/home/rocioromero/robotica_2026-1/install/my_robot_description/lib/python3.12/site-packages'
[0.494s] Level 1:colcon.colcon_core.environment:checking '/home/rocioromero/robotica_2026-1/install/my_robot_description/bin'
[0.494s] INFO:colcon.colcon_core.shell:Creating package script '/home/rocioromero/robotica_2026-1/install/my_robot_description/share/my_robot_description/package.ps1'
[0.495s] INFO:colcon.colcon_core.shell:Creating package descriptor '/home/rocioromero/robotica_2026-1/install/my_robot_description/share/my_robot_description/package.dsv'
[0.495s] INFO:colcon.colcon_core.shell:Creating package script '/home/rocioromero/robotica_2026-1/install/my_robot_description/share/my_robot_description/package.sh'
[0.495s] INFO:colcon.colcon_core.shell:Creating package script '/home/rocioromero/robotica_2026-1/install/my_robot_description/share/my_robot_description/package.bash'
[0.496s] INFO:colcon.colcon_core.shell:Creating package script '/home/rocioromero/robotica_2026-1/install/my_robot_description/share/my_robot_description/package.zsh'
[0.496s] Level 1:colcon.colcon_core.environment:create_file_with_runtime_dependencies(/home/rocioromero/robotica_2026-1/install/my_robot_description/share/colcon-core/packages/my_robot_description)
[0.496s] Level 1:colcon.colcon_core.environment:create_environment_scripts_only(my_robot_bringup)
[0.496s] Level 1:colcon.colcon_core.environment:checking '/home/rocioromero/robotica_2026-1/install/my_robot_bringup' for CMake module files
[0.497s] DEBUG:colcon.colcon_core.event_handler.log_command:Invoked command in '/home/rocioromero/robotica_2026-1/build/my_robot_bringup' returned '0': CMAKE_PREFIX_PATH=${CMAKE_PREFIX_PATH}:/home/rocioromero/robotica_2026-1/install/nodes_topics_py:/opt/ros/jazzy DEBUGINFOD_URLS=https://debuginfod.ubuntu.com /usr/bin/cmake --install /home/rocioromero/robotica_2026-1/build/my_robot_bringup
[0.498s] Level 1:colcon.colcon_core.environment:checking '/home/rocioromero/robotica_2026-1/install/my_robot_bringup' for CMake config files
[0.498s] Level 1:colcon.colcon_core.shell:create_environment_hook('my_robot_bringup', 'cmake_prefix_path')
[0.498s] INFO:colcon.colcon_core.shell:Creating environment hook '/home/rocioromero/robotica_2026-1/install/my_robot_bringup/share/my_robot_bringup/hook/cmake_prefix_path.ps1'
[0.498s] INFO:colcon.colcon_core.shell:Creating environment descriptor '/home/rocioromero/robotica_2026-1/install/my_robot_bringup/share/my_robot_bringup/hook/cmake_prefix_path.dsv'
[0.499s] INFO:colcon.colcon_core.shell:Creating environment hook '/home/rocioromero/robotica_2026-1/install/my_robot_bringup/share/my_robot_bringup/hook/cmake_prefix_path.sh'
[0.499s] Level 1:colcon.colcon_core.environment:checking '/home/rocioromero/robotica_2026-1/install/my_robot_bringup/bin'
[0.499s] Level 1:colcon.colcon_core.environment:checking '/home/rocioromero/robotica_2026-1/install/my_robot_bringup/lib/pkgconfig/my_robot_bringup.pc'
[0.499s] Level 1:colcon.colcon_core.environment:checking '/home/rocioromero/robotica_2026-1/install/my_robot_bringup/lib/python3.12/site-packages'
[0.500s] Level 1:colcon.colcon_core.environment:checking '/home/rocioromero/robotica_2026-1/install/my_robot_bringup/bin'
[0.500s] INFO:colcon.colcon_core.shell:Creating package script '/home/rocioromero/robotica_2026-1/install/my_robot_bringup/share/my_robot_bringup/package.ps1'
[0.500s] INFO:colcon.colcon_core.shell:Creating package descriptor '/home/rocioromero/robotica_2026-1/install/my_robot_bringup/share/my_robot_bringup/package.dsv'
[0.501s] INFO:colcon.colcon_core.shell:Creating package script '/home/rocioromero/robotica_2026-1/install/my_robot_bringup/share/my_robot_bringup/package.sh'
[0.501s] INFO:colcon.colcon_core.shell:Creating package script '/home/rocioromero/robotica_2026-1/install/my_robot_bringup/share/my_robot_bringup/package.bash'
[0.502s] INFO:colcon.colcon_core.shell:Creating package script '/home/rocioromero/robotica_2026-1/install/my_robot_bringup/share/my_robot_bringup/package.zsh'
[0.502s] Level 1:colcon.colcon_core.environment:create_file_with_runtime_dependencies(/home/rocioromero/robotica_2026-1/install/my_robot_bringup/share/colcon-core/packages/my_robot_bringup)
[0.502s] Level 1:colcon.colcon_core.environment:create_environment_scripts_only(my_robot_bringup)
[0.502s] Level 1:colcon.colcon_core.environment:checking '/home/rocioromero/robotica_2026-1/install/my_robot_bringup' for CMake module files
[0.503s] Level 1:colcon.colcon_core.environment:checking '/home/rocioromero/robotica_2026-1/install/my_robot_bringup' for CMake config files
[0.503s] Level 1:colcon.colcon_core.shell:create_environment_hook('my_robot_bringup', 'cmake_prefix_path')
[0.503s] INFO:colcon.colcon_core.shell:Creating environment hook '/home/rocioromero/robotica_2026-1/install/my_robot_bringup/share/my_robot_bringup/hook/cmake_prefix_path.ps1'
[0.503s] INFO:colcon.colcon_core.shell:Creating environment descriptor '/home/rocioromero/robotica_2026-1/install/my_robot_bringup/share/my_robot_bringup/hook/cmake_prefix_path.dsv'
[0.504s] INFO:colcon.colcon_core.shell:Creating environment hook '/home/rocioromero/robotica_2026-1/install/my_robot_bringup/share/my_robot_bringup/hook/cmake_prefix_path.sh'
[0.504s] Level 1:colcon.colcon_core.environment:checking '/home/rocioromero/robotica_2026-1/install/my_robot_bringup/bin'
[0.504s] Level 1:colcon.colcon_core.environment:checking '/home/rocioromero/robotica_2026-1/install/my_robot_bringup/lib/pkgconfig/my_robot_bringup.pc'
[0.504s] Level 1:colcon.colcon_core.environment:checking '/home/rocioromero/robotica_2026-1/install/my_robot_bringup/lib/python3.12/site-packages'
[0.504s] Level 1:colcon.colcon_core.environment:checking '/home/rocioromero/robotica_2026-1/install/my_robot_bringup/bin'
[0.505s] INFO:colcon.colcon_core.shell:Creating package script '/home/rocioromero/robotica_2026-1/install/my_robot_bringup/share/my_robot_bringup/package.ps1'
[0.505s] INFO:colcon.colcon_core.shell:Creating package descriptor '/home/rocioromero/robotica_2026-1/install/my_robot_bringup/share/my_robot_bringup/package.dsv'
[0.505s] INFO:colcon.colcon_core.shell:Creating package script '/home/rocioromero/robotica_2026-1/install/my_robot_bringup/share/my_robot_bringup/package.sh'
[0.506s] INFO:colcon.colcon_core.shell:Creating package script '/home/rocioromero/robotica_2026-1/install/my_robot_bringup/share/my_robot_bringup/package.bash'
[0.506s] INFO:colcon.colcon_core.shell:Creating package script '/home/rocioromero/robotica_2026-1/install/my_robot_bringup/share/my_robot_bringup/package.zsh'
[0.506s] Level 1:colcon.colcon_core.environment:create_file_with_runtime_dependencies(/home/rocioromero/robotica_2026-1/install/my_robot_bringup/share/colcon-core/packages/my_robot_bringup)
[0.508s] DEBUG:colcon.colcon_core.event_handler.log_command:Invoked command in '/home/rocioromero/robotica_2026-1/build/scara_bringup' returned '0': CMAKE_PREFIX_PATH=${CMAKE_PREFIX_PATH}:/home/rocioromero/robotica_2026-1/install/nodes_topics_py:/opt/ros/jazzy DEBUGINFOD_URLS=https://debuginfod.ubuntu.com /usr/bin/cmake --build /home/rocioromero/robotica_2026-1/build/scara_bringup -- -j16 -l16
[0.508s] DEBUG:colcon.colcon_core.event_handler.log_command:Invoking command in '/home/rocioromero/robotica_2026-1/build/scara_bringup': CMAKE_PREFIX_PATH=${CMAKE_PREFIX_PATH}:/home/rocioromero/robotica_2026-1/install/nodes_topics_py:/opt/ros/jazzy DEBUGINFOD_URLS=https://debuginfod.ubuntu.com /usr/bin/cmake --install /home/rocioromero/robotica_2026-1/build/scara_bringup
[0.513s] DEBUG:colcon.colcon_core.event_handler.log_command:Invoked command in '/home/rocioromero/robotica_2026-1/build/scara_description' returned '0': CMAKE_PREFIX_PATH=${CMAKE_PREFIX_PATH}:/home/rocioromero/robotica_2026-1/install/nodes_topics_py:/opt/ros/jazzy DEBUGINFOD_URLS=https://debuginfod.ubuntu.com /usr/bin/cmake --build /home/rocioromero/robotica_2026-1/build/scara_description -- -j16 -l16
[0.514s] DEBUG:colcon.colcon_core.event_handler.log_command:Invoking command in '/home/rocioromero/robotica_2026-1/build/scara_description': CMAKE_PREFIX_PATH=${CMAKE_PREFIX_PATH}:/home/rocioromero/robotica_2026-1/install/nodes_topics_py:/opt/ros/jazzy DEBUGINFOD_URLS=https://debuginfod.ubuntu.com /usr/bin/cmake --install /home/rocioromero/robotica_2026-1/build/scara_description
[0.520s] Level 1:colcon.colcon_core.environment:create_environment_scripts_only(scara_bringup)
[0.521s] Level 1:colcon.colcon_core.environment:checking '/home/rocioromero/robotica_2026-1/install/scara_bringup' for CMake module files
[0.521s] DEBUG:colcon.colcon_core.event_handler.log_command:Invoked command in '/home/rocioromero/robotica_2026-1/build/scara_bringup' returned '0': CMAKE_PREFIX_PATH=${CMAKE_PREFIX_PATH}:/home/rocioromero/robotica_2026-1/install/nodes_topics_py:/opt/ros/jazzy DEBUGINFOD_URLS=https://debuginfod.ubuntu.com /usr/bin/cmake --install /home/rocioromero/robotica_2026-1/build/scara_bringup
[0.521s] Level 1:colcon.colcon_core.environment:checking '/home/rocioromero/robotica_2026-1/install/scara_bringup' for CMake config files
[0.522s] Level 1:colcon.colcon_core.shell:create_environment_hook('scara_bringup', 'cmake_prefix_path')
[0.522s] INFO:colcon.colcon_core.shell:Creating environment hook '/home/rocioromero/robotica_2026-1/install/scara_bringup/share/scara_bringup/hook/cmake_prefix_path.ps1'
[0.522s] INFO:colcon.colcon_core.shell:Creating environment descriptor '/home/rocioromero/robotica_2026-1/install/scara_bringup/share/scara_bringup/hook/cmake_prefix_path.dsv'
[0.523s] INFO:colcon.colcon_core.shell:Creating environment hook '/home/rocioromero/robotica_2026-1/install/scara_bringup/share/scara_bringup/hook/cmake_prefix_path.sh'
[0.529s] Level 1:colcon.colcon_core.environment:checking '/home/rocioromero/robotica_2026-1/install/scara_bringup/bin'
[0.529s] Level 1:colcon.colcon_core.environment:checking '/home/rocioromero/robotica_2026-1/install/scara_bringup/lib/pkgconfig/scara_bringup.pc'
[0.529s] Level 1:colcon.colcon_core.environment:checking '/home/rocioromero/robotica_2026-1/install/scara_bringup/lib/python3.12/site-packages'
[0.529s] Level 1:colcon.colcon_core.environment:checking '/home/rocioromero/robotica_2026-1/install/scara_bringup/bin'
[0.529s] INFO:colcon.colcon_core.shell:Creating package script '/home/rocioromero/robotica_2026-1/install/scara_bringup/share/scara_bringup/package.ps1'
[0.530s] INFO:colcon.colcon_core.shell:Creating package descriptor '/home/rocioromero/robotica_2026-1/install/scara_bringup/share/scara_bringup/package.dsv'
[0.530s] INFO:colcon.colcon_core.shell:Creating package script '/home/rocioromero/robotica_2026-1/install/scara_bringup/share/scara_bringup/package.sh'
[0.530s] INFO:colcon.colcon_core.shell:Creating package script '/home/rocioromero/robotica_2026-1/install/scara_bringup/share/scara_bringup/package.bash'
[0.531s] INFO:colcon.colcon_core.shell:Creating package script '/home/rocioromero/robotica_2026-1/install/scara_bringup/share/scara_bringup/package.zsh'
[0.531s] Level 1:colcon.colcon_core.environment:create_file_with_runtime_dependencies(/home/rocioromero/robotica_2026-1/install/scara_bringup/share/colcon-core/packages/scara_bringup)
[0.531s] Level 1:colcon.colcon_core.environment:create_environment_scripts_only(scara_bringup)
[0.531s] Level 1:colcon.colcon_core.environment:checking '/home/rocioromero/robotica_2026-1/install/scara_bringup' for CMake module files
[0.532s] Level 1:colcon.colcon_core.environment:checking '/home/rocioromero/robotica_2026-1/install/scara_bringup' for CMake config files
[0.532s] Level 1:colcon.colcon_core.shell:create_environment_hook('scara_bringup', 'cmake_prefix_path')
[0.532s] INFO:colcon.colcon_core.shell:Creating environment hook '/home/rocioromero/robotica_2026-1/install/scara_bringup/share/scara_bringup/hook/cmake_prefix_path.ps1'
[0.533s] INFO:colcon.colcon_core.shell:Creating environment descriptor '/home/rocioromero/robotica_2026-1/install/scara_bringup/share/scara_bringup/hook/cmake_prefix_path.dsv'
[0.533s] INFO:colcon.colcon_core.shell:Creating environment hook '/home/rocioromero/robotica_2026-1/install/scara_bringup/share/scara_bringup/hook/cmake_prefix_path.sh'
[0.533s] Level 1:colcon.colcon_core.environment:checking '/home/rocioromero/robotica_2026-1/install/scara_bringup/bin'
[0.533s] Level 1:colcon.colcon_core.environment:checking '/home/rocioromero/robotica_2026-1/install/scara_bringup/lib/pkgconfig/scara_bringup.pc'
[0.533s] Level 1:colcon.colcon_core.environment:checking '/home/rocioromero/robotica_2026-1/install/scara_bringup/lib/python3.12/site-packages'
[0.534s] Level 1:colcon.colcon_core.environment:checking '/home/rocioromero/robotica_2026-1/install/scara_bringup/bin'
[0.534s] INFO:colcon.colcon_core.shell:Creating package script '/home/rocioromero/robotica_2026-1/install/scara_bringup/share/scara_bringup/package.ps1'
[0.534s] INFO:colcon.colcon_core.shell:Creating package descriptor '/home/rocioromero/robotica_2026-1/install/scara_bringup/share/scara_bringup/package.dsv'
[0.535s] INFO:colcon.colcon_core.shell:Creating package script '/home/rocioromero/robotica_2026-1/install/scara_bringup/share/scara_bringup/package.sh'
[0.535s] INFO:colcon.colcon_core.shell:Creating package script '/home/rocioromero/robotica_2026-1/install/scara_bringup/share/scara_bringup/package.bash'
[0.535s] INFO:colcon.colcon_core.shell:Creating package script '/home/rocioromero/robotica_2026-1/install/scara_bringup/share/scara_bringup/package.zsh'
[0.535s] Level 1:colcon.colcon_core.environment:create_file_with_runtime_dependencies(/home/rocioromero/robotica_2026-1/install/scara_bringup/share/colcon-core/packages/scara_bringup)
[0.536s] Level 1:colcon.colcon_core.environment:create_environment_scripts_only(scara_description)
[0.536s] Level 1:colcon.colcon_core.environment:checking '/home/rocioromero/robotica_2026-1/install/scara_description' for CMake module files
[0.537s] DEBUG:colcon.colcon_core.event_handler.log_command:Invoked command in '/home/rocioromero/robotica_2026-1/build/scara_description' returned '0': CMAKE_PREFIX_PATH=${CMAKE_PREFIX_PATH}:/home/rocioromero/robotica_2026-1/install/nodes_topics_py:/opt/ros/jazzy DEBUGINFOD_URLS=https://debuginfod.ubuntu.com /usr/bin/cmake --install /home/rocioromero/robotica_2026-1/build/scara_description
[0.537s] Level 1:colcon.colcon_core.environment:checking '/home/rocioromero/robotica_2026-1/install/scara_description' for CMake config files
[0.538s] Level 1:colcon.colcon_core.shell:create_environment_hook('scara_description', 'cmake_prefix_path')
[0.538s] INFO:colcon.colcon_core.shell:Creating environment hook '/home/rocioromero/robotica_2026-1/install/scara_description/share/scara_description/hook/cmake_prefix_path.ps1'
[0.538s] INFO:colcon.colcon_core.shell:Creating environment descriptor '/home/rocioromero/robotica_2026-1/install/scara_description/share/scara_description/hook/cmake_prefix_path.dsv'
[0.538s] INFO:colcon.colcon_core.shell:Creating environment hook '/home/rocioromero/robotica_2026-1/install/scara_description/share/scara_description/hook/cmake_prefix_path.sh'
[0.539s] Level 1:colcon.colcon_core.environment:checking '/home/rocioromero/robotica_2026-1/install/scara_description/bin'
[0.539s] Level 1:colcon.colcon_core.environment:checking '/home/rocioromero/robotica_2026-1/install/scara_description/lib/pkgconfig/scara_description.pc'
[0.539s] Level 1:colcon.colcon_core.environment:checking '/home/rocioromero/robotica_2026-1/install/scara_description/lib/python3.12/site-packages'
[0.539s] Level 1:colcon.colcon_core.environment:checking '/home/rocioromero/robotica_2026-1/install/scara_description/bin'
[0.539s] INFO:colcon.colcon_core.shell:Creating package script '/home/rocioromero/robotica_2026-1/install/scara_description/share/scara_description/package.ps1'
[0.539s] INFO:colcon.colcon_core.shell:Creating package descriptor '/home/rocioromero/robotica_2026-1/install/scara_description/share/scara_description/package.dsv'
[0.540s] INFO:colcon.colcon_core.shell:Creating package script '/home/rocioromero/robotica_2026-1/install/scara_description/share/scara_description/package.sh'
[0.540s] INFO:colcon.colcon_core.shell:Creating package script '/home/rocioromero/robotica_2026-1/install/scara_description/share/scara_description/package.bash'
[0.540s] INFO:colcon.colcon_core.shell:Creating package script '/home/rocioromero/robotica_2026-1/install/scara_description/share/scara_description/package.zsh'
[0.541s] Level 1:colcon.colcon_core.environment:create_file_with_runtime_dependencies(/home/rocioromero/robotica_2026-1/install/scara_description/share/colcon-core/packages/scara_description)
[0.541s] Level 1:colcon.colcon_core.environment:create_environment_scripts_only(scara_description)
[0.541s] Level 1:colcon.colcon_core.environment:checking '/home/rocioromero/robotica_2026-1/install/scara_description' for CMake module files
[0.541s] Level 1:colcon.colcon_core.environment:checking '/home/rocioromero/robotica_2026-1/install/scara_description' for CMake config files
[0.542s] Level 1:colcon.colcon_core.shell:create_environment_hook('scara_description', 'cmake_prefix_path')
[0.542s] INFO:colcon.colcon_core.shell:Creating environment hook '/home/rocioromero/robotica_2026-1/install/scara_description/share/scara_description/hook/cmake_prefix_path.ps1'
[0.542s] INFO:colcon.colcon_core.shell:Creating environment descriptor '/home/rocioromero/robotica_2026-1/install/scara_description/share/scara_description/hook/cmake_prefix_path.dsv'
[0.542s] INFO:colcon.colcon_core.shell:Creating environment hook '/home/rocioromero/robotica_2026-1/install/scara_description/share/scara_description/hook/cmake_prefix_path.sh'
[0.543s] Level 1:colcon.colcon_core.environment:checking '/home/rocioromero/robotica_2026-1/install/scara_description/bin'
[0.543s] Level 1:colcon.colcon_core.environment:checking '/home/rocioromero/robotica_2026-1/install/scara_description/lib/pkgconfig/scara_description.pc'
[0.543s] Level 1:colcon.colcon_core.environment:checking '/home/rocioromero/robotica_2026-1/install/scara_description/lib/python3.12/site-packages'
[0.543s] Level 1:colcon.colcon_core.environment:checking '/home/rocioromero/robotica_2026-1/install/scara_description/bin'
[0.543s] INFO:colcon.colcon_core.shell:Creating package script '/home/rocioromero/robotica_2026-1/install/scara_description/share/scara_description/package.ps1'
[0.544s] INFO:colcon.colcon_core.shell:Creating package descriptor '/home/rocioromero/robotica_2026-1/install/scara_description/share/scara_description/package.dsv'
[0.544s] INFO:colcon.colcon_core.shell:Creating package script '/home/rocioromero/robotica_2026-1/install/scara_description/share/scara_description/package.sh'
[0.544s] INFO:colcon.colcon_core.shell:Creating package script '/home/rocioromero/robotica_2026-1/install/scara_description/share/scara_description/package.bash'
[0.545s] INFO:colcon.colcon_core.shell:Creating package script '/home/rocioromero/robotica_2026-1/install/scara_description/share/scara_description/package.zsh'
[0.545s] Level 1:colcon.colcon_core.environment:create_file_with_runtime_dependencies(/home/rocioromero/robotica_2026-1/install/scara_description/share/colcon-core/packages/scara_description)
[1.013s] DEBUG:colcon.colcon_core.event_handler.log_command:Invoking command in '/home/rocioromero/robotica_2026-1/nodes_topics_py': DEBUGINFOD_URLS=https://debuginfod.ubuntu.com PYTHONPATH=/home/rocioromero/robotica_2026-1/build/nodes_topics_py/prefix_override:/usr/lib/python3/dist-packages/colcon_core/task/python/colcon_distutils_commands:/home/rocioromero/robotica_2026-1/install/nodes_topics_py/lib/python3.12/site-packages:${PYTHONPATH} /usr/bin/python3 -W ignore:setup.py install is deprecated -W ignore:easy_install command is deprecated setup.py egg_info --egg-base ../build/nodes_topics_py build --build-base /home/rocioromero/robotica_2026-1/build/nodes_topics_py/build install --record /home/rocioromero/robotica_2026-1/build/nodes_topics_py/install.log --single-version-externally-managed install_data
[1.501s] Level 1:colcon.colcon_core.environment:checking '/home/rocioromero/robotica_2026-1/install/nodes_topics_py' for CMake module files
[1.501s] DEBUG:colcon.colcon_core.event_handler.log_command:Invoked command in '/home/rocioromero/robotica_2026-1/nodes_topics_py' returned '0': DEBUGINFOD_URLS=https://debuginfod.ubuntu.com PYTHONPATH=/home/rocioromero/robotica_2026-1/build/nodes_topics_py/prefix_override:/usr/lib/python3/dist-packages/colcon_core/task/python/colcon_distutils_commands:/home/rocioromero/robotica_2026-1/install/nodes_topics_py/lib/python3.12/site-packages:${PYTHONPATH} /usr/bin/python3 -W ignore:setup.py install is deprecated -W ignore:easy_install command is deprecated setup.py egg_info --egg-base ../build/nodes_topics_py build --build-base /home/rocioromero/robotica_2026-1/build/nodes_topics_py/build install --record /home/rocioromero/robotica_2026-1/build/nodes_topics_py/install.log --single-version-externally-managed install_data
[1.501s] Level 1:colcon.colcon_core.environment:checking '/home/rocioromero/robotica_2026-1/install/nodes_topics_py' for CMake config files
[1.502s] Level 1:colcon.colcon_core.environment:checking '/home/rocioromero/robotica_2026-1/install/nodes_topics_py/lib'
[1.502s] Level 1:colcon.colcon_core.environment:checking '/home/rocioromero/robotica_2026-1/install/nodes_topics_py/bin'
[1.502s] Level 1:colcon.colcon_core.environment:checking '/home/rocioromero/robotica_2026-1/install/nodes_topics_py/lib/pkgconfig/nodes_topics_py.pc'
[1.502s] Level 1:colcon.colcon_core.environment:checking '/home/rocioromero/robotica_2026-1/install/nodes_topics_py/lib/python3.12/site-packages'
[1.502s] Level 1:colcon.colcon_core.shell:create_environment_hook('nodes_topics_py', 'pythonpath')
[1.502s] INFO:colcon.colcon_core.shell:Creating environment hook '/home/rocioromero/robotica_2026-1/install/nodes_topics_py/share/nodes_topics_py/hook/pythonpath.ps1'
[1.503s] INFO:colcon.colcon_core.shell:Creating environment descriptor '/home/rocioromero/robotica_2026-1/install/nodes_topics_py/share/nodes_topics_py/hook/pythonpath.dsv'
[1.503s] INFO:colcon.colcon_core.shell:Creating environment hook '/home/rocioromero/robotica_2026-1/install/nodes_topics_py/share/nodes_topics_py/hook/pythonpath.sh'
[1.504s] Level 1:colcon.colcon_core.environment:checking '/home/rocioromero/robotica_2026-1/install/nodes_topics_py/bin'
[1.504s] Level 1:colcon.colcon_core.environment:create_environment_scripts_only(nodes_topics_py)
[1.504s] INFO:colcon.colcon_core.shell:Creating package script '/home/rocioromero/robotica_2026-1/install/nodes_topics_py/share/nodes_topics_py/package.ps1'
[1.504s] INFO:colcon.colcon_core.shell:Creating package descriptor '/home/rocioromero/robotica_2026-1/install/nodes_topics_py/share/nodes_topics_py/package.dsv'
[1.504s] INFO:colcon.colcon_core.shell:Creating package script '/home/rocioromero/robotica_2026-1/install/nodes_topics_py/share/nodes_topics_py/package.sh'
[1.505s] INFO:colcon.colcon_core.shell:Creating package script '/home/rocioromero/robotica_2026-1/install/nodes_topics_py/share/nodes_topics_py/package.bash'
[1.505s] INFO:colcon.colcon_core.shell:Creating package script '/home/rocioromero/robotica_2026-1/install/nodes_topics_py/share/nodes_topics_py/package.zsh'
[1.505s] Level 1:colcon.colcon_core.environment:create_file_with_runtime_dependencies(/home/rocioromero/robotica_2026-1/install/nodes_topics_py/share/colcon-core/packages/nodes_topics_py)
[1.505s] DEBUG:colcon.colcon_parallel_executor.executor.parallel:closing loop
[1.506s] DEBUG:colcon.colcon_parallel_executor.executor.parallel:loop closed
[1.506s] DEBUG:colcon.colcon_parallel_executor.executor.parallel:run_until_complete finished with '0'
[1.506s] DEBUG:colcon.colcon_core.event_reactor:joining thread
[1.511s] INFO:colcon.colcon_core.plugin_system:Skipping extension 'colcon_notification.desktop_notification.terminal_notifier': Not used on non-Darwin systems
[1.511s] INFO:colcon.colcon_core.plugin_system:Skipping extension 'colcon_notification.desktop_notification.win32': Not used on non-Windows systems
[1.511s] INFO:colcon.colcon_notification.desktop_notification:Sending desktop notification using 'notify2'
[1.521s] DEBUG:colcon.colcon_core.event_reactor:joined thread
[1.521s] INFO:colcon.colcon_core.shell:Creating prefix script '/home/rocioromero/robotica_2026-1/install/local_setup.ps1'
[1.522s] INFO:colcon.colcon_core.shell:Creating prefix util module '/home/rocioromero/robotica_2026-1/install/_local_setup_util_ps1.py'
[1.523s] INFO:colcon.colcon_core.shell:Creating prefix chain script '/home/rocioromero/robotica_2026-1/install/setup.ps1'
[1.524s] INFO:colcon.colcon_core.shell:Creating prefix script '/home/rocioromero/robotica_2026-1/install/local_setup.sh'
[1.524s] INFO:colcon.colcon_core.shell:Creating prefix util module '/home/rocioromero/robotica_2026-1/install/_local_setup_util_sh.py'
[1.524s] INFO:colcon.colcon_core.shell:Creating prefix chain script '/home/rocioromero/robotica_2026-1/install/setup.sh'
[1.525s] INFO:colcon.colcon_core.shell:Creating prefix script '/home/rocioromero/robotica_2026-1/install/local_setup.bash'
[1.525s] INFO:colcon.colcon_core.shell:Creating prefix chain script '/home/rocioromero/robotica_2026-1/install/setup.bash'
[1.526s] INFO:colcon.colcon_core.shell:Creating prefix script '/home/rocioromero/robotica_2026-1/install/local_setup.zsh'
[1.527s] INFO:colcon.colcon_core.shell:Creating prefix chain script '/home/rocioromero/robotica_2026-1/install/setup.zsh'
