[0.177s] DEBUG:colcon:Command line arguments: ['/usr/bin/colcon', 'build']
[0.177s] DEBUG:colcon:Parsed command line arguments: Namespace(log_base=None, log_level=None, verb_name='build', build_base='build', install_base='install', merge_install=False, symlink_install=False, test_result_base=None, continue_on_error=False, executor='parallel', parallel_workers=16, event_handlers=None, ignore_user_meta=False, metas=['./colcon.meta'], base_paths=['.'], packages_ignore=None, packages_ignore_regex=None, paths=None, packages_up_to=None, packages_up_to_regex=None, packages_above=None, packages_above_and_dependencies=None, packages_above_depth=None, packages_select_by_dep=None, packages_skip_by_dep=None, packages_skip_up_to=None, packages_select_build_failed=False, packages_skip_build_finished=False, packages_select_test_failures=False, packages_skip_test_passed=False, packages_select=None, packages_skip=None, packages_select_regex=None, packages_skip_regex=None, packages_start=None, packages_end=None, allow_overriding=[], cmake_args=None, cmake_target=None, cmake_target_skip_unavailable=False, cmake_clean_cache=False, cmake_clean_first=False, cmake_force_configure=False, ament_cmake_args=None, catkin_cmake_args=None, catkin_skip_building_tests=False, mixin_files=None, mixin=None, verb_parser=<colcon_mixin.mixin.mixin_argument.MixinArgumentDecorator object at 0x7de01a4467e0>, verb_extension=<colcon_core.verb.build.BuildVerb object at 0x7de01a41d130>, main=<bound method BuildVerb.main of <colcon_core.verb.build.BuildVerb object at 0x7de01a41d130>>, mixin_verb=('build',))
[0.227s] Level 1:colcon.colcon_core.package_discovery:discover_packages(colcon_meta) check parameters
[0.227s] Level 1:colcon.colcon_core.package_discovery:discover_packages(recursive) check parameters
[0.227s] Level 1:colcon.colcon_core.package_discovery:discover_packages(ignore) check parameters
[0.227s] Level 1:colcon.colcon_core.package_discovery:discover_packages(path) check parameters
[0.227s] Level 1:colcon.colcon_core.package_discovery:discover_packages(colcon_meta) discover
[0.227s] Level 1:colcon.colcon_core.package_discovery:discover_packages(recursive) discover
[0.227s] INFO:colcon.colcon_core.package_discovery:Crawling recursively for packages in '/home/rocioromero/robotica_2026-1'
[0.228s] Level 1:colcon.colcon_core.package_identification:_identify(.) by extensions ['ignore', 'ignore_ament_install']
[0.228s] Level 1:colcon.colcon_core.package_identification:_identify(.) by extension 'ignore'
[0.228s] Level 1:colcon.colcon_core.package_identification:_identify(.) by extension 'ignore_ament_install'
[0.228s] Level 1:colcon.colcon_core.package_identification:_identify(.) by extensions ['colcon_pkg']
[0.228s] Level 1:colcon.colcon_core.package_identification:_identify(.) by extension 'colcon_pkg'
[0.228s] Level 1:colcon.colcon_core.package_identification:_identify(.) by extensions ['colcon_meta']
[0.228s] Level 1:colcon.colcon_core.package_identification:_identify(.) by extension 'colcon_meta'
[0.228s] Level 1:colcon.colcon_core.package_identification:_identify(.) by extensions ['ros']
[0.228s] Level 1:colcon.colcon_core.package_identification:_identify(.) by extension 'ros'
[0.249s] Level 1:colcon.colcon_core.package_identification:_identify(.) by extensions ['cmake', 'python']
[0.249s] Level 1:colcon.colcon_core.package_identification:_identify(.) by extension 'cmake'
[0.249s] Level 1:colcon.colcon_core.package_identification:_identify(.) by extension 'python'
[0.249s] Level 1:colcon.colcon_core.package_identification:_identify(.) by extensions ['python_setup_py']
[0.249s] Level 1:colcon.colcon_core.package_identification:_identify(.) by extension 'python_setup_py'
[0.249s] Level 1:colcon.colcon_core.package_identification:_identify(Matlab) by extensions ['ignore', 'ignore_ament_install']
[0.249s] Level 1:colcon.colcon_core.package_identification:_identify(Matlab) by extension 'ignore'
[0.249s] Level 1:colcon.colcon_core.package_identification:_identify(Matlab) by extension 'ignore_ament_install'
[0.249s] Level 1:colcon.colcon_core.package_identification:_identify(Matlab) by extensions ['colcon_pkg']
[0.249s] Level 1:colcon.colcon_core.package_identification:_identify(Matlab) by extension 'colcon_pkg'
[0.249s] Level 1:colcon.colcon_core.package_identification:_identify(Matlab) by extensions ['colcon_meta']
[0.249s] Level 1:colcon.colcon_core.package_identification:_identify(Matlab) by extension 'colcon_meta'
[0.249s] Level 1:colcon.colcon_core.package_identification:_identify(Matlab) by extensions ['ros']
[0.249s] Level 1:colcon.colcon_core.package_identification:_identify(Matlab) by extension 'ros'
[0.249s] Level 1:colcon.colcon_core.package_identification:_identify(Matlab) by extensions ['cmake', 'python']
[0.249s] Level 1:colcon.colcon_core.package_identification:_identify(Matlab) by extension 'cmake'
[0.249s] Level 1:colcon.colcon_core.package_identification:_identify(Matlab) by extension 'python'
[0.249s] Level 1:colcon.colcon_core.package_identification:_identify(Matlab) by extensions ['python_setup_py']
[0.249s] Level 1:colcon.colcon_core.package_identification:_identify(Matlab) by extension 'python_setup_py'
[0.249s] Level 1:colcon.colcon_core.package_identification:_identify(build) by extensions ['ignore', 'ignore_ament_install']
[0.249s] Level 1:colcon.colcon_core.package_identification:_identify(build) by extension 'ignore'
[0.250s] Level 1:colcon.colcon_core.package_identification:_identify(build) ignored
[0.250s] Level 1:colcon.colcon_core.package_identification:_identify(doc) by extensions ['ignore', 'ignore_ament_install']
[0.250s] Level 1:colcon.colcon_core.package_identification:_identify(doc) by extension 'ignore'
[0.250s] Level 1:colcon.colcon_core.package_identification:_identify(doc) by extension 'ignore_ament_install'
[0.250s] Level 1:colcon.colcon_core.package_identification:_identify(doc) by extensions ['colcon_pkg']
[0.250s] Level 1:colcon.colcon_core.package_identification:_identify(doc) by extension 'colcon_pkg'
[0.250s] Level 1:colcon.colcon_core.package_identification:_identify(doc) by extensions ['colcon_meta']
[0.250s] Level 1:colcon.colcon_core.package_identification:_identify(doc) by extension 'colcon_meta'
[0.250s] Level 1:colcon.colcon_core.package_identification:_identify(doc) by extensions ['ros']
[0.250s] Level 1:colcon.colcon_core.package_identification:_identify(doc) by extension 'ros'
[0.250s] Level 1:colcon.colcon_core.package_identification:_identify(doc) by extensions ['cmake', 'python']
[0.250s] Level 1:colcon.colcon_core.package_identification:_identify(doc) by extension 'cmake'
[0.250s] Level 1:colcon.colcon_core.package_identification:_identify(doc) by extension 'python'
[0.250s] Level 1:colcon.colcon_core.package_identification:_identify(doc) by extensions ['python_setup_py']
[0.250s] Level 1:colcon.colcon_core.package_identification:_identify(doc) by extension 'python_setup_py'
[0.250s] Level 1:colcon.colcon_core.package_identification:_identify(doc/imagenes) by extensions ['ignore', 'ignore_ament_install']
[0.250s] Level 1:colcon.colcon_core.package_identification:_identify(doc/imagenes) by extension 'ignore'
[0.250s] Level 1:colcon.colcon_core.package_identification:_identify(doc/imagenes) by extension 'ignore_ament_install'
[0.250s] Level 1:colcon.colcon_core.package_identification:_identify(doc/imagenes) by extensions ['colcon_pkg']
[0.251s] Level 1:colcon.colcon_core.package_identification:_identify(doc/imagenes) by extension 'colcon_pkg'
[0.251s] Level 1:colcon.colcon_core.package_identification:_identify(doc/imagenes) by extensions ['colcon_meta']
[0.251s] Level 1:colcon.colcon_core.package_identification:_identify(doc/imagenes) by extension 'colcon_meta'
[0.251s] Level 1:colcon.colcon_core.package_identification:_identify(doc/imagenes) by extensions ['ros']
[0.251s] Level 1:colcon.colcon_core.package_identification:_identify(doc/imagenes) by extension 'ros'
[0.251s] Level 1:colcon.colcon_core.package_identification:_identify(doc/imagenes) by extensions ['cmake', 'python']
[0.251s] Level 1:colcon.colcon_core.package_identification:_identify(doc/imagenes) by extension 'cmake'
[0.251s] Level 1:colcon.colcon_core.package_identification:_identify(doc/imagenes) by extension 'python'
[0.251s] Level 1:colcon.colcon_core.package_identification:_identify(doc/imagenes) by extensions ['python_setup_py']
[0.251s] Level 1:colcon.colcon_core.package_identification:_identify(doc/imagenes) by extension 'python_setup_py'
[0.251s] Level 1:colcon.colcon_core.package_identification:_identify(install) by extensions ['ignore', 'ignore_ament_install']
[0.251s] Level 1:colcon.colcon_core.package_identification:_identify(install) by extension 'ignore'
[0.251s] Level 1:colcon.colcon_core.package_identification:_identify(install) ignored
[0.251s] Level 1:colcon.colcon_core.package_identification:_identify(log) by extensions ['ignore', 'ignore_ament_install']
[0.251s] Level 1:colcon.colcon_core.package_identification:_identify(log) by extension 'ignore'
[0.251s] Level 1:colcon.colcon_core.package_identification:_identify(log) ignored
[0.251s] Level 1:colcon.colcon_core.package_identification:_identify(movil_robot) by extensions ['ignore', 'ignore_ament_install']
[0.251s] Level 1:colcon.colcon_core.package_identification:_identify(movil_robot) by extension 'ignore'
[0.251s] Level 1:colcon.colcon_core.package_identification:_identify(movil_robot) by extension 'ignore_ament_install'
[0.251s] Level 1:colcon.colcon_core.package_identification:_identify(movil_robot) by extensions ['colcon_pkg']
[0.251s] Level 1:colcon.colcon_core.package_identification:_identify(movil_robot) by extension 'colcon_pkg'
[0.251s] Level 1:colcon.colcon_core.package_identification:_identify(movil_robot) by extensions ['colcon_meta']
[0.251s] Level 1:colcon.colcon_core.package_identification:_identify(movil_robot) by extension 'colcon_meta'
[0.252s] Level 1:colcon.colcon_core.package_identification:_identify(movil_robot) by extensions ['ros']
[0.252s] Level 1:colcon.colcon_core.package_identification:_identify(movil_robot) by extension 'ros'
[0.252s] Level 1:colcon.colcon_core.package_identification:_identify(movil_robot) by extensions ['cmake', 'python']
[0.252s] Level 1:colcon.colcon_core.package_identification:_identify(movil_robot) by extension 'cmake'
[0.252s] Level 1:colcon.colcon_core.package_identification:_identify(movil_robot) by extension 'python'
[0.252s] Level 1:colcon.colcon_core.package_identification:_identify(movil_robot) by extensions ['python_setup_py']
[0.252s] Level 1:colcon.colcon_core.package_identification:_identify(movil_robot) by extension 'python_setup_py'
[0.252s] Level 1:colcon.colcon_core.package_identification:_identify(movil_robot/my_robot_bringup) by extensions ['ignore', 'ignore_ament_install']
[0.252s] Level 1:colcon.colcon_core.package_identification:_identify(movil_robot/my_robot_bringup) by extension 'ignore'
[0.252s] Level 1:colcon.colcon_core.package_identification:_identify(movil_robot/my_robot_bringup) by extension 'ignore_ament_install'
[0.252s] Level 1:colcon.colcon_core.package_identification:_identify(movil_robot/my_robot_bringup) by extensions ['colcon_pkg']
[0.252s] Level 1:colcon.colcon_core.package_identification:_identify(movil_robot/my_robot_bringup) by extension 'colcon_pkg'
[0.252s] Level 1:colcon.colcon_core.package_identification:_identify(movil_robot/my_robot_bringup) by extensions ['colcon_meta']
[0.252s] Level 1:colcon.colcon_core.package_identification:_identify(movil_robot/my_robot_bringup) by extension 'colcon_meta'
[0.252s] Level 1:colcon.colcon_core.package_identification:_identify(movil_robot/my_robot_bringup) by extensions ['ros']
[0.252s] Level 1:colcon.colcon_core.package_identification:_identify(movil_robot/my_robot_bringup) by extension 'ros'
[0.255s] DEBUG:colcon.colcon_core.package_identification:Package 'movil_robot/my_robot_bringup' with type 'ros.ament_cmake' and name 'my_robot_bringup'
[0.255s] Level 1:colcon.colcon_core.package_identification:_identify(movil_robot/my_robot_description) by extensions ['ignore', 'ignore_ament_install']
[0.255s] Level 1:colcon.colcon_core.package_identification:_identify(movil_robot/my_robot_description) by extension 'ignore'
[0.255s] Level 1:colcon.colcon_core.package_identification:_identify(movil_robot/my_robot_description) by extension 'ignore_ament_install'
[0.255s] Level 1:colcon.colcon_core.package_identification:_identify(movil_robot/my_robot_description) by extensions ['colcon_pkg']
[0.255s] Level 1:colcon.colcon_core.package_identification:_identify(movil_robot/my_robot_description) by extension 'colcon_pkg'
[0.255s] Level 1:colcon.colcon_core.package_identification:_identify(movil_robot/my_robot_description) by extensions ['colcon_meta']
[0.255s] Level 1:colcon.colcon_core.package_identification:_identify(movil_robot/my_robot_description) by extension 'colcon_meta'
[0.255s] Level 1:colcon.colcon_core.package_identification:_identify(movil_robot/my_robot_description) by extensions ['ros']
[0.255s] Level 1:colcon.colcon_core.package_identification:_identify(movil_robot/my_robot_description) by extension 'ros'
[0.256s] DEBUG:colcon.colcon_core.package_identification:Package 'movil_robot/my_robot_description' with type 'ros.ament_cmake' and name 'my_robot_description'
[0.256s] Level 1:colcon.colcon_core.package_identification:_identify(nodes_topics_py) by extensions ['ignore', 'ignore_ament_install']
[0.256s] Level 1:colcon.colcon_core.package_identification:_identify(nodes_topics_py) by extension 'ignore'
[0.256s] Level 1:colcon.colcon_core.package_identification:_identify(nodes_topics_py) by extension 'ignore_ament_install'
[0.256s] Level 1:colcon.colcon_core.package_identification:_identify(nodes_topics_py) by extensions ['colcon_pkg']
[0.256s] Level 1:colcon.colcon_core.package_identification:_identify(nodes_topics_py) by extension 'colcon_pkg'
[0.256s] Level 1:colcon.colcon_core.package_identification:_identify(nodes_topics_py) by extensions ['colcon_meta']
[0.256s] Level 1:colcon.colcon_core.package_identification:_identify(nodes_topics_py) by extension 'colcon_meta'
[0.256s] Level 1:colcon.colcon_core.package_identification:_identify(nodes_topics_py) by extensions ['ros']
[0.256s] Level 1:colcon.colcon_core.package_identification:_identify(nodes_topics_py) by extension 'ros'
[0.257s] DEBUG:colcon.colcon_core.package_identification:Package 'nodes_topics_py' with type 'ros.ament_python' and name 'nodes_topics_py'
[0.257s] Level 1:colcon.colcon_core.package_identification:_identify(practicas) by extensions ['ignore', 'ignore_ament_install']
[0.257s] Level 1:colcon.colcon_core.package_identification:_identify(practicas) by extension 'ignore'
[0.257s] Level 1:colcon.colcon_core.package_identification:_identify(practicas) by extension 'ignore_ament_install'
[0.257s] Level 1:colcon.colcon_core.package_identification:_identify(practicas) by extensions ['colcon_pkg']
[0.257s] Level 1:colcon.colcon_core.package_identification:_identify(practicas) by extension 'colcon_pkg'
[0.257s] Level 1:colcon.colcon_core.package_identification:_identify(practicas) by extensions ['colcon_meta']
[0.257s] Level 1:colcon.colcon_core.package_identification:_identify(practicas) by extension 'colcon_meta'
[0.257s] Level 1:colcon.colcon_core.package_identification:_identify(practicas) by extensions ['ros']
[0.257s] Level 1:colcon.colcon_core.package_identification:_identify(practicas) by extension 'ros'
[0.257s] Level 1:colcon.colcon_core.package_identification:_identify(practicas) by extensions ['cmake', 'python']
[0.257s] Level 1:colcon.colcon_core.package_identification:_identify(practicas) by extension 'cmake'
[0.257s] Level 1:colcon.colcon_core.package_identification:_identify(practicas) by extension 'python'
[0.257s] Level 1:colcon.colcon_core.package_identification:_identify(practicas) by extensions ['python_setup_py']
[0.257s] Level 1:colcon.colcon_core.package_identification:_identify(practicas) by extension 'python_setup_py'
[0.258s] Level 1:colcon.colcon_core.package_identification:_identify(practicas/imagen) by extensions ['ignore', 'ignore_ament_install']
[0.258s] Level 1:colcon.colcon_core.package_identification:_identify(practicas/imagen) by extension 'ignore'
[0.258s] Level 1:colcon.colcon_core.package_identification:_identify(practicas/imagen) by extension 'ignore_ament_install'
[0.258s] Level 1:colcon.colcon_core.package_identification:_identify(practicas/imagen) by extensions ['colcon_pkg']
[0.258s] Level 1:colcon.colcon_core.package_identification:_identify(practicas/imagen) by extension 'colcon_pkg'
[0.258s] Level 1:colcon.colcon_core.package_identification:_identify(practicas/imagen) by extensions ['colcon_meta']
[0.258s] Level 1:colcon.colcon_core.package_identification:_identify(practicas/imagen) by extension 'colcon_meta'
[0.258s] Level 1:colcon.colcon_core.package_identification:_identify(practicas/imagen) by extensions ['ros']
[0.258s] Level 1:colcon.colcon_core.package_identification:_identify(practicas/imagen) by extension 'ros'
[0.258s] Level 1:colcon.colcon_core.package_identification:_identify(practicas/imagen) by extensions ['cmake', 'python']
[0.258s] Level 1:colcon.colcon_core.package_identification:_identify(practicas/imagen) by extension 'cmake'
[0.258s] Level 1:colcon.colcon_core.package_identification:_identify(practicas/imagen) by extension 'python'
[0.258s] Level 1:colcon.colcon_core.package_identification:_identify(practicas/imagen) by extensions ['python_setup_py']
[0.258s] Level 1:colcon.colcon_core.package_identification:_identify(practicas/imagen) by extension 'python_setup_py'
[0.258s] Level 1:colcon.colcon_core.package_identification:_identify(scara_pckgs) by extensions ['ignore', 'ignore_ament_install']
[0.258s] Level 1:colcon.colcon_core.package_identification:_identify(scara_pckgs) by extension 'ignore'
[0.258s] Level 1:colcon.colcon_core.package_identification:_identify(scara_pckgs) by extension 'ignore_ament_install'
[0.258s] Level 1:colcon.colcon_core.package_identification:_identify(scara_pckgs) by extensions ['colcon_pkg']
[0.258s] Level 1:colcon.colcon_core.package_identification:_identify(scara_pckgs) by extension 'colcon_pkg'
[0.258s] Level 1:colcon.colcon_core.package_identification:_identify(scara_pckgs) by extensions ['colcon_meta']
[0.258s] Level 1:colcon.colcon_core.package_identification:_identify(scara_pckgs) by extension 'colcon_meta'
[0.258s] Level 1:colcon.colcon_core.package_identification:_identify(scara_pckgs) by extensions ['ros']
[0.258s] Level 1:colcon.colcon_core.package_identification:_identify(scara_pckgs) by extension 'ros'
[0.259s] Level 1:colcon.colcon_core.package_identification:_identify(scara_pckgs) by extensions ['cmake', 'python']
[0.259s] Level 1:colcon.colcon_core.package_identification:_identify(scara_pckgs) by extension 'cmake'
[0.259s] Level 1:colcon.colcon_core.package_identification:_identify(scara_pckgs) by extension 'python'
[0.259s] Level 1:colcon.colcon_core.package_identification:_identify(scara_pckgs) by extensions ['python_setup_py']
[0.259s] Level 1:colcon.colcon_core.package_identification:_identify(scara_pckgs) by extension 'python_setup_py'
[0.259s] Level 1:colcon.colcon_core.package_identification:_identify(scara_pckgs/scara_bringup) by extensions ['ignore', 'ignore_ament_install']
[0.259s] Level 1:colcon.colcon_core.package_identification:_identify(scara_pckgs/scara_bringup) by extension 'ignore'
[0.259s] Level 1:colcon.colcon_core.package_identification:_identify(scara_pckgs/scara_bringup) by extension 'ignore_ament_install'
[0.259s] Level 1:colcon.colcon_core.package_identification:_identify(scara_pckgs/scara_bringup) by extensions ['colcon_pkg']
[0.259s] Level 1:colcon.colcon_core.package_identification:_identify(scara_pckgs/scara_bringup) by extension 'colcon_pkg'
[0.259s] Level 1:colcon.colcon_core.package_identification:_identify(scara_pckgs/scara_bringup) by extensions ['colcon_meta']
[0.259s] Level 1:colcon.colcon_core.package_identification:_identify(scara_pckgs/scara_bringup) by extension 'colcon_meta'
[0.259s] Level 1:colcon.colcon_core.package_identification:_identify(scara_pckgs/scara_bringup) by extensions ['ros']
[0.259s] Level 1:colcon.colcon_core.package_identification:_identify(scara_pckgs/scara_bringup) by extension 'ros'
[0.259s] DEBUG:colcon.colcon_core.package_identification:Package 'scara_pckgs/scara_bringup' with type 'ros.ament_cmake' and name 'scara_bringup'
[0.259s] Level 1:colcon.colcon_core.package_identification:_identify(scara_pckgs/scara_description) by extensions ['ignore', 'ignore_ament_install']
[0.260s] Level 1:colcon.colcon_core.package_identification:_identify(scara_pckgs/scara_description) by extension 'ignore'
[0.260s] Level 1:colcon.colcon_core.package_identification:_identify(scara_pckgs/scara_description) by extension 'ignore_ament_install'
[0.260s] Level 1:colcon.colcon_core.package_identification:_identify(scara_pckgs/scara_description) by extensions ['colcon_pkg']
[0.260s] Level 1:colcon.colcon_core.package_identification:_identify(scara_pckgs/scara_description) by extension 'colcon_pkg'
[0.260s] Level 1:colcon.colcon_core.package_identification:_identify(scara_pckgs/scara_description) by extensions ['colcon_meta']
[0.260s] Level 1:colcon.colcon_core.package_identification:_identify(scara_pckgs/scara_description) by extension 'colcon_meta'
[0.260s] Level 1:colcon.colcon_core.package_identification:_identify(scara_pckgs/scara_description) by extensions ['ros']
[0.260s] Level 1:colcon.colcon_core.package_identification:_identify(scara_pckgs/scara_description) by extension 'ros'
[0.260s] DEBUG:colcon.colcon_core.package_identification:Package 'scara_pckgs/scara_description' with type 'ros.ament_cmake' and name 'scara_description'
[0.260s] Level 1:colcon.colcon_core.package_discovery:discover_packages(recursive) using defaults
[0.260s] Level 1:colcon.colcon_core.package_discovery:discover_packages(ignore) discover
[0.260s] Level 1:colcon.colcon_core.package_discovery:discover_packages(ignore) using defaults
[0.260s] Level 1:colcon.colcon_core.package_discovery:discover_packages(path) discover
[0.260s] Level 1:colcon.colcon_core.package_discovery:discover_packages(path) using defaults
[0.281s] Level 1:colcon.colcon_core.package_discovery:discover_packages(prefix_path) check parameters
[0.281s] Level 1:colcon.colcon_core.package_discovery:discover_packages(prefix_path) discover
[0.282s] Level 1:colcon.colcon_core.package_discovery:discover_packages(prefix_path) using defaults
[0.283s] Level 5:colcon.colcon_core.verb:set package 'my_robot_bringup' build argument 'cmake_args' from command line to 'None'
[0.283s] Level 5:colcon.colcon_core.verb:set package 'my_robot_bringup' build argument 'cmake_target' from command line to 'None'
[0.283s] Level 5:colcon.colcon_core.verb:set package 'my_robot_bringup' build argument 'cmake_target_skip_unavailable' from command line to 'False'
[0.283s] Level 5:colcon.colcon_core.verb:set package 'my_robot_bringup' build argument 'cmake_clean_cache' from command line to 'False'
[0.283s] Level 5:colcon.colcon_core.verb:set package 'my_robot_bringup' build argument 'cmake_clean_first' from command line to 'False'
[0.283s] Level 5:colcon.colcon_core.verb:set package 'my_robot_bringup' build argument 'cmake_force_configure' from command line to 'False'
[0.283s] Level 5:colcon.colcon_core.verb:set package 'my_robot_bringup' build argument 'ament_cmake_args' from command line to 'None'
[0.284s] Level 5:colcon.colcon_core.verb:set package 'my_robot_bringup' build argument 'catkin_cmake_args' from command line to 'None'
[0.284s] Level 5:colcon.colcon_core.verb:set package 'my_robot_bringup' build argument 'catkin_skip_building_tests' from command line to 'False'
[0.284s] DEBUG:colcon.colcon_core.verb:Building package 'my_robot_bringup' with the following arguments: {'ament_cmake_args': None, 'build_base': '/home/rocioromero/robotica_2026-1/build/my_robot_bringup', 'catkin_cmake_args': None, 'catkin_skip_building_tests': False, 'cmake_args': None, 'cmake_clean_cache': False, 'cmake_clean_first': False, 'cmake_force_configure': False, 'cmake_target': None, 'cmake_target_skip_unavailable': False, 'install_base': '/home/rocioromero/robotica_2026-1/install/my_robot_bringup', 'merge_install': False, 'path': '/home/rocioromero/robotica_2026-1/movil_robot/my_robot_bringup', 'symlink_install': False, 'test_result_base': None}
[0.284s] Level 5:colcon.colcon_core.verb:set package 'my_robot_description' build argument 'cmake_args' from command line to 'None'
[0.284s] Level 5:colcon.colcon_core.verb:set package 'my_robot_description' build argument 'cmake_target' from command line to 'None'
[0.284s] Level 5:colcon.colcon_core.verb:set package 'my_robot_description' build argument 'cmake_target_skip_unavailable' from command line to 'False'
[0.284s] Level 5:colcon.colcon_core.verb:set package 'my_robot_description' build argument 'cmake_clean_cache' from command line to 'False'
[0.284s] Level 5:colcon.colcon_core.verb:set package 'my_robot_description' build argument 'cmake_clean_first' from command line to 'False'
[0.284s] Level 5:colcon.colcon_core.verb:set package 'my_robot_description' build argument 'cmake_force_configure' from command line to 'False'
[0.284s] Level 5:colcon.colcon_core.verb:set package 'my_robot_description' build argument 'ament_cmake_args' from command line to 'None'
[0.284s] Level 5:colcon.colcon_core.verb:set package 'my_robot_description' build argument 'catkin_cmake_args' from command line to 'None'
[0.284s] Level 5:colcon.colcon_core.verb:set package 'my_robot_description' build argument 'catkin_skip_building_tests' from command line to 'False'
[0.284s] DEBUG:colcon.colcon_core.verb:Building package 'my_robot_description' with the following arguments: {'ament_cmake_args': None, 'build_base': '/home/rocioromero/robotica_2026-1/build/my_robot_description', 'catkin_cmake_args': None, 'catkin_skip_building_tests': False, 'cmake_args': None, 'cmake_clean_cache': False, 'cmake_clean_first': False, 'cmake_force_configure': False, 'cmake_target': None, 'cmake_target_skip_unavailable': False, 'install_base': '/home/rocioromero/robotica_2026-1/install/my_robot_description', 'merge_install': False, 'path': '/home/rocioromero/robotica_2026-1/movil_robot/my_robot_description', 'symlink_install': False, 'test_result_base': None}
[0.284s] Level 5:colcon.colcon_core.verb:set package 'nodes_topics_py' build argument 'cmake_args' from command line to 'None'
[0.284s] Level 5:colcon.colcon_core.verb:set package 'nodes_topics_py' build argument 'cmake_target' from command line to 'None'
[0.284s] Level 5:colcon.colcon_core.verb:set package 'nodes_topics_py' build argument 'cmake_target_skip_unavailable' from command line to 'False'
[0.284s] Level 5:colcon.colcon_core.verb:set package 'nodes_topics_py' build argument 'cmake_clean_cache' from command line to 'False'
[0.284s] Level 5:colcon.colcon_core.verb:set package 'nodes_topics_py' build argument 'cmake_clean_first' from command line to 'False'
[0.284s] Level 5:colcon.colcon_core.verb:set package 'nodes_topics_py' build argument 'cmake_force_configure' from command line to 'False'
[0.284s] Level 5:colcon.colcon_core.verb:set package 'nodes_topics_py' build argument 'ament_cmake_args' from command line to 'None'
[0.284s] Level 5:colcon.colcon_core.verb:set package 'nodes_topics_py' build argument 'catkin_cmake_args' from command line to 'None'
[0.284s] Level 5:colcon.colcon_core.verb:set package 'nodes_topics_py' build argument 'catkin_skip_building_tests' from command line to 'False'
[0.284s] DEBUG:colcon.colcon_core.verb:Building package 'nodes_topics_py' with the following arguments: {'ament_cmake_args': None, 'build_base': '/home/rocioromero/robotica_2026-1/build/nodes_topics_py', 'catkin_cmake_args': None, 'catkin_skip_building_tests': False, 'cmake_args': None, 'cmake_clean_cache': False, 'cmake_clean_first': False, 'cmake_force_configure': False, 'cmake_target': None, 'cmake_target_skip_unavailable': False, 'install_base': '/home/rocioromero/robotica_2026-1/install/nodes_topics_py', 'merge_install': False, 'path': '/home/rocioromero/robotica_2026-1/nodes_topics_py', 'symlink_install': False, 'test_result_base': None}
[0.285s] Level 5:colcon.colcon_core.verb:set package 'scara_bringup' build argument 'cmake_args' from command line to 'None'
[0.285s] Level 5:colcon.colcon_core.verb:set package 'scara_bringup' build argument 'cmake_target' from command line to 'None'
[0.285s] Level 5:colcon.colcon_core.verb:set package 'scara_bringup' build argument 'cmake_target_skip_unavailable' from command line to 'False'
[0.285s] Level 5:colcon.colcon_core.verb:set package 'scara_bringup' build argument 'cmake_clean_cache' from command line to 'False'
[0.285s] Level 5:colcon.colcon_core.verb:set package 'scara_bringup' build argument 'cmake_clean_first' from command line to 'False'
[0.285s] Level 5:colcon.colcon_core.verb:set package 'scara_bringup' build argument 'cmake_force_configure' from command line to 'False'
[0.285s] Level 5:colcon.colcon_core.verb:set package 'scara_bringup' build argument 'ament_cmake_args' from command line to 'None'
[0.285s] Level 5:colcon.colcon_core.verb:set package 'scara_bringup' build argument 'catkin_cmake_args' from command line to 'None'
[0.285s] Level 5:colcon.colcon_core.verb:set package 'scara_bringup' build argument 'catkin_skip_building_tests' from command line to 'False'
[0.285s] DEBUG:colcon.colcon_core.verb:Building package 'scara_bringup' with the following arguments: {'ament_cmake_args': None, 'build_base': '/home/rocioromero/robotica_2026-1/build/scara_bringup', 'catkin_cmake_args': None, 'catkin_skip_building_tests': False, 'cmake_args': None, 'cmake_clean_cache': False, 'cmake_clean_first': False, 'cmake_force_configure': False, 'cmake_target': None, 'cmake_target_skip_unavailable': False, 'install_base': '/home/rocioromero/robotica_2026-1/install/scara_bringup', 'merge_install': False, 'path': '/home/rocioromero/robotica_2026-1/scara_pckgs/scara_bringup', 'symlink_install': False, 'test_result_base': None}
[0.285s] Level 5:colcon.colcon_core.verb:set package 'scara_description' build argument 'cmake_args' from command line to 'None'
[0.285s] Level 5:colcon.colcon_core.verb:set package 'scara_description' build argument 'cmake_target' from command line to 'None'
[0.285s] Level 5:colcon.colcon_core.verb:set package 'scara_description' build argument 'cmake_target_skip_unavailable' from command line to 'False'
[0.285s] Level 5:colcon.colcon_core.verb:set package 'scara_description' build argument 'cmake_clean_cache' from command line to 'False'
[0.285s] Level 5:colcon.colcon_core.verb:set package 'scara_description' build argument 'cmake_clean_first' from command line to 'False'
[0.285s] Level 5:colcon.colcon_core.verb:set package 'scara_description' build argument 'cmake_force_configure' from command line to 'False'
[0.285s] Level 5:colcon.colcon_core.verb:set package 'scara_description' build argument 'ament_cmake_args' from command line to 'None'
[0.285s] Level 5:colcon.colcon_core.verb:set package 'scara_description' build argument 'catkin_cmake_args' from command line to 'None'
[0.285s] Level 5:colcon.colcon_core.verb:set package 'scara_description' build argument 'catkin_skip_building_tests' from command line to 'False'
[0.285s] DEBUG:colcon.colcon_core.verb:Building package 'scara_description' with the following arguments: {'ament_cmake_args': None, 'build_base': '/home/rocioromero/robotica_2026-1/build/scara_description', 'catkin_cmake_args': None, 'catkin_skip_building_tests': False, 'cmake_args': None, 'cmake_clean_cache': False, 'cmake_clean_first': False, 'cmake_force_configure': False, 'cmake_target': None, 'cmake_target_skip_unavailable': False, 'install_base': '/home/rocioromero/robotica_2026-1/install/scara_description', 'merge_install': False, 'path': '/home/rocioromero/robotica_2026-1/scara_pckgs/scara_description', 'symlink_install': False, 'test_result_base': None}
[0.285s] INFO:colcon.colcon_core.executor:Executing jobs using 'parallel' executor
[0.286s] DEBUG:colcon.colcon_parallel_executor.executor.parallel:run_until_complete
[0.286s] INFO:colcon.colcon_ros.task.ament_cmake.build:Building ROS package in '/home/rocioromero/robotica_2026-1/movil_robot/my_robot_bringup' with build type 'ament_cmake'
[0.286s] INFO:colcon.colcon_cmake.task.cmake.build:Building CMake package in '/home/rocioromero/robotica_2026-1/movil_robot/my_robot_bringup'
[0.290s] INFO:colcon.colcon_core.plugin_system:Skipping extension 'colcon_core.shell.bat': Not used on non-Windows systems
[0.290s] INFO:colcon.colcon_core.shell:Skip shell extension 'powershell' for command environment: Not usable outside of PowerShell
[0.291s] DEBUG:colcon.colcon_core.shell:Skip shell extension 'dsv' for command environment
[0.292s] INFO:colcon.colcon_ros.task.ament_cmake.build:Building ROS package in '/home/rocioromero/robotica_2026-1/movil_robot/my_robot_description' with build type 'ament_cmake'
[0.292s] INFO:colcon.colcon_cmake.task.cmake.build:Building CMake package in '/home/rocioromero/robotica_2026-1/movil_robot/my_robot_description'
[0.292s] INFO:colcon.colcon_core.shell:Skip shell extension 'powershell' for command environment: Not usable outside of PowerShell
[0.292s] DEBUG:colcon.colcon_core.shell:Skip shell extension 'dsv' for command environment
[0.293s] INFO:colcon.colcon_ros.task.ament_python.build:Building ROS package in '/home/rocioromero/robotica_2026-1/nodes_topics_py' with build type 'ament_python'
[0.293s] Level 1:colcon.colcon_core.shell:create_environment_hook('nodes_topics_py', 'ament_prefix_path')
[0.293s] INFO:colcon.colcon_core.shell:Creating environment hook '/home/rocioromero/robotica_2026-1/install/nodes_topics_py/share/nodes_topics_py/hook/ament_prefix_path.ps1'
[0.294s] INFO:colcon.colcon_core.shell:Creating environment descriptor '/home/rocioromero/robotica_2026-1/install/nodes_topics_py/share/nodes_topics_py/hook/ament_prefix_path.dsv'
[0.294s] INFO:colcon.colcon_core.shell:Creating environment hook '/home/rocioromero/robotica_2026-1/install/nodes_topics_py/share/nodes_topics_py/hook/ament_prefix_path.sh'
[0.294s] INFO:colcon.colcon_core.shell:Skip shell extension 'powershell' for command environment: Not usable outside of PowerShell
[0.295s] DEBUG:colcon.colcon_core.shell:Skip shell extension 'dsv' for command environment
[0.295s] INFO:colcon.colcon_ros.task.ament_cmake.build:Building ROS package in '/home/rocioromero/robotica_2026-1/scara_pckgs/scara_bringup' with build type 'ament_cmake'
[0.295s] INFO:colcon.colcon_cmake.task.cmake.build:Building CMake package in '/home/rocioromero/robotica_2026-1/scara_pckgs/scara_bringup'
[0.295s] INFO:colcon.colcon_core.shell:Skip shell extension 'powershell' for command environment: Not usable outside of PowerShell
[0.295s] DEBUG:colcon.colcon_core.shell:Skip shell extension 'dsv' for command environment
[0.296s] INFO:colcon.colcon_ros.task.ament_cmake.build:Building ROS package in '/home/rocioromero/robotica_2026-1/scara_pckgs/scara_description' with build type 'ament_cmake'
[0.296s] INFO:colcon.colcon_cmake.task.cmake.build:Building CMake package in '/home/rocioromero/robotica_2026-1/scara_pckgs/scara_description'
[0.296s] INFO:colcon.colcon_core.shell:Skip shell extension 'powershell' for command environment: Not usable outside of PowerShell
[0.296s] DEBUG:colcon.colcon_core.shell:Skip shell extension 'dsv' for command environment
[0.299s] DEBUG:colcon.colcon_core.event_handler.log_command:Invoking command in '/home/rocioromero/robotica_2026-1/build/my_robot_bringup': DEBUGINFOD_URLS=https://debuginfod.ubuntu.com /usr/bin/cmake /home/rocioromero/robotica_2026-1/movil_robot/my_robot_bringup -DCMAKE_INSTALL_PREFIX=/home/rocioromero/robotica_2026-1/install/my_robot_bringup
[0.301s] DEBUG:colcon.colcon_core.event_handler.log_command:Invoking command in '/home/rocioromero/robotica_2026-1/build/my_robot_description': DEBUGINFOD_URLS=https://debuginfod.ubuntu.com /usr/bin/cmake /home/rocioromero/robotica_2026-1/movil_robot/my_robot_description -DCMAKE_INSTALL_PREFIX=/home/rocioromero/robotica_2026-1/install/my_robot_description
[0.440s] INFO:colcon.colcon_core.task.python.build:Building Python package in '/home/rocioromero/robotica_2026-1/nodes_topics_py'
[0.440s] INFO:colcon.colcon_core.shell:Skip shell extension 'powershell' for command environment: Not usable outside of PowerShell
[0.440s] DEBUG:colcon.colcon_core.shell:Skip shell extension 'dsv' for command environment
[0.443s] DEBUG:colcon.colcon_core.event_handler.log_command:Invoking command in '/home/rocioromero/robotica_2026-1/build/scara_bringup': DEBUGINFOD_URLS=https://debuginfod.ubuntu.com /usr/bin/cmake /home/rocioromero/robotica_2026-1/scara_pckgs/scara_bringup -DCMAKE_INSTALL_PREFIX=/home/rocioromero/robotica_2026-1/install/scara_bringup
[0.447s] DEBUG:colcon.colcon_core.event_handler.log_command:Invoking command in '/home/rocioromero/robotica_2026-1/build/scara_description': DEBUGINFOD_URLS=https://debuginfod.ubuntu.com /usr/bin/cmake /home/rocioromero/robotica_2026-1/scara_pckgs/scara_description -DCMAKE_INSTALL_PREFIX=/home/rocioromero/robotica_2026-1/install/scara_description
[0.762s] DEBUG:colcon.colcon_core.event_handler.log_command:Invoked command in '/home/rocioromero/robotica_2026-1/build/my_robot_description' returned '1': DEBUGINFOD_URLS=https://debuginfod.ubuntu.com /usr/bin/cmake /home/rocioromero/robotica_2026-1/movil_robot/my_robot_description -DCMAKE_INSTALL_PREFIX=/home/rocioromero/robotica_2026-1/install/my_robot_description
[0.765s] DEBUG:colcon.colcon_core.event_handler.log_command:Invoked command in '/home/rocioromero/robotica_2026-1/build/my_robot_bringup' returned '1': DEBUGINFOD_URLS=https://debuginfod.ubuntu.com /usr/bin/cmake /home/rocioromero/robotica_2026-1/movil_robot/my_robot_bringup -DCMAKE_INSTALL_PREFIX=/home/rocioromero/robotica_2026-1/install/my_robot_bringup
[0.768s] DEBUG:colcon.colcon_core.event_handler.log_command:Invoked command in '/home/rocioromero/robotica_2026-1/build/scara_description' returned '1': DEBUGINFOD_URLS=https://debuginfod.ubuntu.com /usr/bin/cmake /home/rocioromero/robotica_2026-1/scara_pckgs/scara_description -DCMAKE_INSTALL_PREFIX=/home/rocioromero/robotica_2026-1/install/scara_description
[0.770s] DEBUG:colcon.colcon_core.event_handler.log_command:Invoked command in '/home/rocioromero/robotica_2026-1/build/scara_bringup' returned '1': DEBUGINFOD_URLS=https://debuginfod.ubuntu.com /usr/bin/cmake /home/rocioromero/robotica_2026-1/scara_pckgs/scara_bringup -DCMAKE_INSTALL_PREFIX=/home/rocioromero/robotica_2026-1/install/scara_bringup
[0.775s] Level 1:colcon.colcon_core.environment:create_environment_scripts_only(my_robot_description)
[0.781s] Level 1:colcon.colcon_core.environment:checking '/home/rocioromero/robotica_2026-1/install/my_robot_description' for CMake module files
[0.781s] Level 1:colcon.colcon_core.environment:checking '/home/rocioromero/robotica_2026-1/install/my_robot_description' for CMake config files
[0.781s] Level 1:colcon.colcon_core.environment:checking '/home/rocioromero/robotica_2026-1/install/my_robot_description/bin'
[0.781s] Level 1:colcon.colcon_core.environment:checking '/home/rocioromero/robotica_2026-1/install/my_robot_description/lib/pkgconfig/my_robot_description.pc'
[0.781s] Level 1:colcon.colcon_core.environment:checking '/home/rocioromero/robotica_2026-1/install/my_robot_description/lib/python3.12/site-packages'
[0.782s] Level 1:colcon.colcon_core.environment:checking '/home/rocioromero/robotica_2026-1/install/my_robot_description/bin'
[0.782s] INFO:colcon.colcon_core.shell:Creating package script '/home/rocioromero/robotica_2026-1/install/my_robot_description/share/my_robot_description/package.ps1'
[0.782s] INFO:colcon.colcon_core.shell:Creating package descriptor '/home/rocioromero/robotica_2026-1/install/my_robot_description/share/my_robot_description/package.dsv'
[0.783s] INFO:colcon.colcon_core.shell:Creating package script '/home/rocioromero/robotica_2026-1/install/my_robot_description/share/my_robot_description/package.sh'
[0.783s] INFO:colcon.colcon_core.shell:Creating package script '/home/rocioromero/robotica_2026-1/install/my_robot_description/share/my_robot_description/package.bash'
[0.784s] INFO:colcon.colcon_core.shell:Creating package script '/home/rocioromero/robotica_2026-1/install/my_robot_description/share/my_robot_description/package.zsh'
[0.785s] Level 1:colcon.colcon_core.environment:create_file_with_runtime_dependencies(/home/rocioromero/robotica_2026-1/install/my_robot_description/share/colcon-core/packages/my_robot_description)
[0.976s] DEBUG:colcon.colcon_parallel_executor.executor.parallel:closing loop
[0.976s] DEBUG:colcon.colcon_parallel_executor.executor.parallel:loop closed
[0.976s] DEBUG:colcon.colcon_parallel_executor.executor.parallel:run_until_complete finished with '1'
[0.976s] DEBUG:colcon.colcon_core.event_reactor:joining thread
[0.983s] INFO:colcon.colcon_core.plugin_system:Skipping extension 'colcon_notification.desktop_notification.terminal_notifier': Not used on non-Darwin systems
[0.983s] INFO:colcon.colcon_core.plugin_system:Skipping extension 'colcon_notification.desktop_notification.win32': Not used on non-Windows systems
[0.983s] INFO:colcon.colcon_notification.desktop_notification:Sending desktop notification using 'notify2'
[0.995s] DEBUG:colcon.colcon_core.event_reactor:joined thread
[0.995s] INFO:colcon.colcon_core.shell:Creating prefix script '/home/rocioromero/robotica_2026-1/install/local_setup.ps1'
[0.996s] INFO:colcon.colcon_core.shell:Creating prefix util module '/home/rocioromero/robotica_2026-1/install/_local_setup_util_ps1.py'
[0.997s] INFO:colcon.colcon_core.shell:Creating prefix chain script '/home/rocioromero/robotica_2026-1/install/setup.ps1'
[0.997s] INFO:colcon.colcon_core.shell:Creating prefix script '/home/rocioromero/robotica_2026-1/install/local_setup.sh'
[0.998s] INFO:colcon.colcon_core.shell:Creating prefix util module '/home/rocioromero/robotica_2026-1/install/_local_setup_util_sh.py'
[0.998s] INFO:colcon.colcon_core.shell:Creating prefix chain script '/home/rocioromero/robotica_2026-1/install/setup.sh'
[0.999s] INFO:colcon.colcon_core.shell:Creating prefix script '/home/rocioromero/robotica_2026-1/install/local_setup.bash'
[0.999s] INFO:colcon.colcon_core.shell:Creating prefix chain script '/home/rocioromero/robotica_2026-1/install/setup.bash'
[1.000s] INFO:colcon.colcon_core.shell:Creating prefix script '/home/rocioromero/robotica_2026-1/install/local_setup.zsh'
[1.000s] INFO:colcon.colcon_core.shell:Creating prefix chain script '/home/rocioromero/robotica_2026-1/install/setup.zsh'
