[0.012s] Invoking command in '/home/rocioromero/robotica_2026-1/build/my_robot_bringup': DEBUGINFOD_URLS=https://debuginfod.ubuntu.com /usr/bin/cmake /home/rocioromero/robotica_2026-1/movil_robot/my_robot_bringup -DCMAKE_INSTALL_PREFIX=/home/rocioromero/robotica_2026-1/install/my_robot_bringup
[0.157s] -- The C compiler identification is GNU 13.3.0
[0.229s] -- The CXX compiler identification is GNU 13.3.0
[0.250s] -- Detecting C compiler ABI info
[0.336s] -- Detecting C compiler ABI info - done
[0.345s] -- Check for working C compiler: /usr/bin/cc - skipped
[0.346s] -- Detecting C compile features
[0.346s] -- Detecting C compile features - done
[0.355s] -- Detecting CXX compiler ABI info
[0.449s] -- Detecting CXX compiler ABI info - done
[0.459s] -- Check for working CXX compiler: /usr/bin/c++ - skipped
[0.459s] -- Detecting CXX compile features
[0.459s] -- Detecting CXX compile features - done
[0.471s] [31mCMake Error at CMakeLists.txt:9 (find_package):
[0.471s]   By not providing "Findament_cmake.cmake" in CMAKE_MODULE_PATH this project
[0.471s]   has asked CMake to find a package configuration file provided by
[0.472s]   "ament_cmake", but CMake did not find one.
[0.472s] 
[0.472s]   Could not find a package configuration file provided by "ament_cmake" with
[0.472s]   any of the following names:
[0.472s] 
[0.472s]     ament_cmakeConfig.cmake
[0.472s]     ament_cmake-config.cmake
[0.472s] 
[0.472s]   Add the installation prefix of "ament_cmake" to CMAKE_PREFIX_PATH or set
[0.472s]   "ament_cmake_DIR" to a directory containing one of the above files.  If
[0.472s]   "ament_cmake" provides a separate development package or SDK, be sure it
[0.472s]   has been installed.
[0.473s] 
[0.473s] [0m
[0.473s] -- Configuring incomplete, errors occurred!
[0.478s] Invoked command in '/home/rocioromero/robotica_2026-1/build/my_robot_bringup' returned '1': DEBUGINFOD_URLS=https://debuginfod.ubuntu.com /usr/bin/cmake /home/rocioromero/robotica_2026-1/movil_robot/my_robot_bringup -DCMAKE_INSTALL_PREFIX=/home/rocioromero/robotica_2026-1/install/my_robot_bringup
