-- Install configuration: ""
-- Up-to-date: /home/rocioromero/robotica_2026-1/install/scara_bringup/share/scara_bringup//launch
-- Up-to-date: /home/rocioromero/robotica_2026-1/install/scara_bringup/share/scara_bringup//launch/trajectory_controller_scara.launch.py
-- Up-to-date: /home/rocioromero/robotica_2026-1/install/scara_bringup/share/scara_bringup//launch/position_controller_scara.launch.py
-- Up-to-date: /home/rocioromero/robotica_2026-1/install/scara_bringup/share/scara_bringup//launch/simple_controller_scara.launch.py
-- Up-to-date: /home/rocioromero/robotica_2026-1/install/scara_bringup/share/scara_bringup//launch/roberto_pos_controller_scara.launch.py
-- Up-to-date: /home/rocioromero/robotica_2026-1/install/scara_bringup/share/scara_bringup//launch/tes2_trayectory_controller_scara.launch.py
-- Up-to-date: /home/rocioromero/robotica_2026-1/install/scara_bringup/share/scara_bringup//launch/gz2_scara.launch.py
-- Up-to-date: /home/rocioromero/robotica_2026-1/install/scara_bringup/share/scara_bringup//launch/test_trajectory_controller.launch.py
-- Up-to-date: /home/rocioromero/robotica_2026-1/install/scara_bringup/share/scara_bringup//rviz
-- Up-to-date: /home/rocioromero/robotica_2026-1/install/scara_bringup/share/scara_bringup//rviz/scara_trajectory_controller_rviz.rviz
-- Up-to-date: /home/rocioromero/robotica_2026-1/install/scara_bringup/share/scara_bringup//world
-- Up-to-date: /home/rocioromero/robotica_2026-1/install/scara_bringup/share/scara_bringup//world/test_2_world
-- Up-to-date: /home/rocioromero/robotica_2026-1/install/scara_bringup/share/scara_bringup//world/test_2_world/roberto
-- Up-to-date: /home/rocioromero/robotica_2026-1/install/scara_bringup/share/scara_bringup//world/test_2_world/roberto/model.sdf
-- Up-to-date: /home/rocioromero/robotica_2026-1/install/scara_bringup/share/scara_bringup//world/test_2_world/roberto/model.config
-- Up-to-date: /home/rocioromero/robotica_2026-1/install/scara_bringup/share/scara_bringup//world/test_world
-- Up-to-date: /home/rocioromero/robotica_2026-1/install/scara_bringup/share/scara_bringup//world/test_world/model.sdf
-- Up-to-date: /home/rocioromero/robotica_2026-1/install/scara_bringup/share/scara_bringup//world/test_world/model.config
-- Up-to-date: /home/rocioromero/robotica_2026-1/install/scara_bringup/share/scara_bringup//world/test_2_world.world
-- Up-to-date: /home/rocioromero/robotica_2026-1/install/scara_bringup/share/scara_bringup//world/test_w_1.world
-- Up-to-date: /home/rocioromero/robotica_2026-1/install/scara_bringup/share/scara_bringup//config
-- Up-to-date: /home/rocioromero/robotica_2026-1/install/scara_bringup/share/scara_bringup//config/gz_bridge.yaml
-- Up-to-date: /home/rocioromero/robotica_2026-1/install/scara_bringup/share/ament_index/resource_index/package_run_dependencies/scara_bringup
-- Up-to-date: /home/rocioromero/robotica_2026-1/install/scara_bringup/share/ament_index/resource_index/parent_prefix_path/scara_bringup
-- Up-to-date: /home/rocioromero/robotica_2026-1/install/scara_bringup/share/scara_bringup/environment/ament_prefix_path.sh
-- Up-to-date: /home/rocioromero/robotica_2026-1/install/scara_bringup/share/scara_bringup/environment/ament_prefix_path.dsv
-- Up-to-date: /home/rocioromero/robotica_2026-1/install/scara_bringup/share/scara_bringup/environment/path.sh
-- Up-to-date: /home/rocioromero/robotica_2026-1/install/scara_bringup/share/scara_bringup/environment/path.dsv
-- Up-to-date: /home/rocioromero/robotica_2026-1/install/scara_bringup/share/scara_bringup/local_setup.bash
-- Up-to-date: /home/rocioromero/robotica_2026-1/install/scara_bringup/share/scara_bringup/local_setup.sh
-- Up-to-date: /home/rocioromero/robotica_2026-1/install/scara_bringup/share/scara_bringup/local_setup.zsh
-- Up-to-date: /home/rocioromero/robotica_2026-1/install/scara_bringup/share/scara_bringup/local_setup.dsv
-- Up-to-date: /home/rocioromero/robotica_2026-1/install/scara_bringup/share/scara_bringup/package.dsv
-- Up-to-date: /home/rocioromero/robotica_2026-1/install/scara_bringup/share/ament_index/resource_index/packages/scara_bringup
-- Up-to-date: /home/rocioromero/robotica_2026-1/install/scara_bringup/share/scara_bringup/cmake/scara_bringupConfig.cmake
-- Up-to-date: /home/rocioromero/robotica_2026-1/install/scara_bringup/share/scara_bringup/cmake/scara_bringupConfig-version.cmake
-- Up-to-date: /home/rocioromero/robotica_2026-1/install/scara_bringup/share/scara_bringup/package.xml
