[0.133s] DEBUG:colcon:Command line arguments: ['/usr/bin/colcon', 'build']
[0.133s] DEBUG:colcon:Parsed command line arguments: Namespace(log_base=None, log_level=None, verb_name='build', build_base='build', install_base='install', merge_install=False, symlink_install=False, test_result_base=None, continue_on_error=False, executor='parallel', parallel_workers=16, event_handlers=None, ignore_user_meta=False, metas=['./colcon.meta'], base_paths=['.'], packages_ignore=None, packages_ignore_regex=None, paths=None, packages_up_to=None, packages_up_to_regex=None, packages_above=None, packages_above_and_dependencies=None, packages_above_depth=None, packages_select_by_dep=None, packages_skip_by_dep=None, packages_skip_up_to=None, packages_select_build_failed=False, packages_skip_build_finished=False, packages_select_test_failures=False, packages_skip_test_passed=False, packages_select=None, packages_skip=None, packages_select_regex=None, packages_skip_regex=None, packages_start=None, packages_end=None, allow_overriding=[], cmake_args=None, cmake_target=None, cmake_target_skip_unavailable=False, cmake_clean_cache=False, cmake_clean_first=False, cmake_force_configure=False, ament_cmake_args=None, catkin_cmake_args=None, catkin_skip_building_tests=False, mixin_files=None, mixin=None, verb_parser=<colcon_mixin.mixin.mixin_argument.MixinArgumentDecorator object at 0x7b5389783ef0>, verb_extension=<colcon_core.verb.build.BuildVerb object at 0x7b5389938ce0>, main=<bound method BuildVerb.main of <colcon_core.verb.build.BuildVerb object at 0x7b5389938ce0>>, mixin_verb=('build',))
[0.164s] Level 1:colcon.colcon_core.package_discovery:discover_packages(colcon_meta) check parameters
[0.164s] Level 1:colcon.colcon_core.package_discovery:discover_packages(recursive) check parameters
[0.164s] Level 1:colcon.colcon_core.package_discovery:discover_packages(ignore) check parameters
[0.164s] Level 1:colcon.colcon_core.package_discovery:discover_packages(path) check parameters
[0.164s] Level 1:colcon.colcon_core.package_discovery:discover_packages(colcon_meta) discover
[0.164s] Level 1:colcon.colcon_core.package_discovery:discover_packages(recursive) discover
[0.164s] INFO:colcon.colcon_core.package_discovery:Crawling recursively for packages in '/home/rocioromero/robotica_2026-1'
[0.164s] Level 1:colcon.colcon_core.package_identification:_identify(.) by extensions ['ignore', 'ignore_ament_install']
[0.165s] Level 1:colcon.colcon_core.package_identification:_identify(.) by extension 'ignore'
[0.165s] Level 1:colcon.colcon_core.package_identification:_identify(.) by extension 'ignore_ament_install'
[0.165s] Level 1:colcon.colcon_core.package_identification:_identify(.) by extensions ['colcon_pkg']
[0.165s] Level 1:colcon.colcon_core.package_identification:_identify(.) by extension 'colcon_pkg'
[0.165s] Level 1:colcon.colcon_core.package_identification:_identify(.) by extensions ['colcon_meta']
[0.165s] Level 1:colcon.colcon_core.package_identification:_identify(.) by extension 'colcon_meta'
[0.165s] Level 1:colcon.colcon_core.package_identification:_identify(.) by extensions ['ros']
[0.165s] Level 1:colcon.colcon_core.package_identification:_identify(.) by extension 'ros'
[0.184s] Level 1:colcon.colcon_core.package_identification:_identify(.) by extensions ['cmake', 'python']
[0.184s] Level 1:colcon.colcon_core.package_identification:_identify(.) by extension 'cmake'
[0.184s] Level 1:colcon.colcon_core.package_identification:_identify(.) by extension 'python'
[0.184s] Level 1:colcon.colcon_core.package_identification:_identify(.) by extensions ['python_setup_py']
[0.184s] Level 1:colcon.colcon_core.package_identification:_identify(.) by extension 'python_setup_py'
[0.185s] Level 1:colcon.colcon_core.package_identification:_identify(Matlab) by extensions ['ignore', 'ignore_ament_install']
[0.185s] Level 1:colcon.colcon_core.package_identification:_identify(Matlab) by extension 'ignore'
[0.185s] Level 1:colcon.colcon_core.package_identification:_identify(Matlab) by extension 'ignore_ament_install'
[0.185s] Level 1:colcon.colcon_core.package_identification:_identify(Matlab) by extensions ['colcon_pkg']
[0.185s] Level 1:colcon.colcon_core.package_identification:_identify(Matlab) by extension 'colcon_pkg'
[0.185s] Level 1:colcon.colcon_core.package_identification:_identify(Matlab) by extensions ['colcon_meta']
[0.185s] Level 1:colcon.colcon_core.package_identification:_identify(Matlab) by extension 'colcon_meta'
[0.185s] Level 1:colcon.colcon_core.package_identification:_identify(Matlab) by extensions ['ros']
[0.185s] Level 1:colcon.colcon_core.package_identification:_identify(Matlab) by extension 'ros'
[0.185s] Level 1:colcon.colcon_core.package_identification:_identify(Matlab) by extensions ['cmake', 'python']
[0.185s] Level 1:colcon.colcon_core.package_identification:_identify(Matlab) by extension 'cmake'
[0.185s] Level 1:colcon.colcon_core.package_identification:_identify(Matlab) by extension 'python'
[0.185s] Level 1:colcon.colcon_core.package_identification:_identify(Matlab) by extensions ['python_setup_py']
[0.185s] Level 1:colcon.colcon_core.package_identification:_identify(Matlab) by extension 'python_setup_py'
[0.185s] Level 1:colcon.colcon_core.package_identification:_identify(build) by extensions ['ignore', 'ignore_ament_install']
[0.185s] Level 1:colcon.colcon_core.package_identification:_identify(build) by extension 'ignore'
[0.185s] Level 1:colcon.colcon_core.package_identification:_identify(build) ignored
[0.185s] Level 1:colcon.colcon_core.package_identification:_identify(doc) by extensions ['ignore', 'ignore_ament_install']
[0.186s] Level 1:colcon.colcon_core.package_identification:_identify(doc) by extension 'ignore'
[0.186s] Level 1:colcon.colcon_core.package_identification:_identify(doc) by extension 'ignore_ament_install'
[0.186s] Level 1:colcon.colcon_core.package_identification:_identify(doc) by extensions ['colcon_pkg']
[0.186s] Level 1:colcon.colcon_core.package_identification:_identify(doc) by extension 'colcon_pkg'
[0.186s] Level 1:colcon.colcon_core.package_identification:_identify(doc) by extensions ['colcon_meta']
[0.186s] Level 1:colcon.colcon_core.package_identification:_identify(doc) by extension 'colcon_meta'
[0.186s] Level 1:colcon.colcon_core.package_identification:_identify(doc) by extensions ['ros']
[0.186s] Level 1:colcon.colcon_core.package_identification:_identify(doc) by extension 'ros'
[0.186s] Level 1:colcon.colcon_core.package_identification:_identify(doc) by extensions ['cmake', 'python']
[0.186s] Level 1:colcon.colcon_core.package_identification:_identify(doc) by extension 'cmake'
[0.186s] Level 1:colcon.colcon_core.package_identification:_identify(doc) by extension 'python'
[0.186s] Level 1:colcon.colcon_core.package_identification:_identify(doc) by extensions ['python_setup_py']
[0.186s] Level 1:colcon.colcon_core.package_identification:_identify(doc) by extension 'python_setup_py'
[0.186s] Level 1:colcon.colcon_core.package_identification:_identify(doc/imagenes) by extensions ['ignore', 'ignore_ament_install']
[0.186s] Level 1:colcon.colcon_core.package_identification:_identify(doc/imagenes) by extension 'ignore'
[0.186s] Level 1:colcon.colcon_core.package_identification:_identify(doc/imagenes) by extension 'ignore_ament_install'
[0.186s] Level 1:colcon.colcon_core.package_identification:_identify(doc/imagenes) by extensions ['colcon_pkg']
[0.186s] Level 1:colcon.colcon_core.package_identification:_identify(doc/imagenes) by extension 'colcon_pkg'
[0.186s] Level 1:colcon.colcon_core.package_identification:_identify(doc/imagenes) by extensions ['colcon_meta']
[0.186s] Level 1:colcon.colcon_core.package_identification:_identify(doc/imagenes) by extension 'colcon_meta'
[0.186s] Level 1:colcon.colcon_core.package_identification:_identify(doc/imagenes) by extensions ['ros']
[0.186s] Level 1:colcon.colcon_core.package_identification:_identify(doc/imagenes) by extension 'ros'
[0.187s] Level 1:colcon.colcon_core.package_identification:_identify(doc/imagenes) by extensions ['cmake', 'python']
[0.187s] Level 1:colcon.colcon_core.package_identification:_identify(doc/imagenes) by extension 'cmake'
[0.187s] Level 1:colcon.colcon_core.package_identification:_identify(doc/imagenes) by extension 'python'
[0.187s] Level 1:colcon.colcon_core.package_identification:_identify(doc/imagenes) by extensions ['python_setup_py']
[0.187s] Level 1:colcon.colcon_core.package_identification:_identify(doc/imagenes) by extension 'python_setup_py'
[0.187s] Level 1:colcon.colcon_core.package_identification:_identify(install) by extensions ['ignore', 'ignore_ament_install']
[0.187s] Level 1:colcon.colcon_core.package_identification:_identify(install) by extension 'ignore'
[0.187s] Level 1:colcon.colcon_core.package_identification:_identify(install) ignored
[0.187s] Level 1:colcon.colcon_core.package_identification:_identify(log) by extensions ['ignore', 'ignore_ament_install']
[0.187s] Level 1:colcon.colcon_core.package_identification:_identify(log) by extension 'ignore'
[0.187s] Level 1:colcon.colcon_core.package_identification:_identify(log) ignored
[0.187s] Level 1:colcon.colcon_core.package_identification:_identify(movil_robot) by extensions ['ignore', 'ignore_ament_install']
[0.187s] Level 1:colcon.colcon_core.package_identification:_identify(movil_robot) by extension 'ignore'
[0.187s] Level 1:colcon.colcon_core.package_identification:_identify(movil_robot) by extension 'ignore_ament_install'
[0.187s] Level 1:colcon.colcon_core.package_identification:_identify(movil_robot) by extensions ['colcon_pkg']
[0.187s] Level 1:colcon.colcon_core.package_identification:_identify(movil_robot) by extension 'colcon_pkg'
[0.187s] Level 1:colcon.colcon_core.package_identification:_identify(movil_robot) by extensions ['colcon_meta']
[0.187s] Level 1:colcon.colcon_core.package_identification:_identify(movil_robot) by extension 'colcon_meta'
[0.187s] Level 1:colcon.colcon_core.package_identification:_identify(movil_robot) by extensions ['ros']
[0.187s] Level 1:colcon.colcon_core.package_identification:_identify(movil_robot) by extension 'ros'
[0.188s] Level 1:colcon.colcon_core.package_identification:_identify(movil_robot) by extensions ['cmake', 'python']
[0.188s] Level 1:colcon.colcon_core.package_identification:_identify(movil_robot) by extension 'cmake'
[0.188s] Level 1:colcon.colcon_core.package_identification:_identify(movil_robot) by extension 'python'
[0.188s] Level 1:colcon.colcon_core.package_identification:_identify(movil_robot) by extensions ['python_setup_py']
[0.188s] Level 1:colcon.colcon_core.package_identification:_identify(movil_robot) by extension 'python_setup_py'
[0.188s] Level 1:colcon.colcon_core.package_identification:_identify(movil_robot/my_robot_bringup) by extensions ['ignore', 'ignore_ament_install']
[0.188s] Level 1:colcon.colcon_core.package_identification:_identify(movil_robot/my_robot_bringup) by extension 'ignore'
[0.188s] Level 1:colcon.colcon_core.package_identification:_identify(movil_robot/my_robot_bringup) by extension 'ignore_ament_install'
[0.188s] Level 1:colcon.colcon_core.package_identification:_identify(movil_robot/my_robot_bringup) by extensions ['colcon_pkg']
[0.188s] Level 1:colcon.colcon_core.package_identification:_identify(movil_robot/my_robot_bringup) by extension 'colcon_pkg'
[0.188s] Level 1:colcon.colcon_core.package_identification:_identify(movil_robot/my_robot_bringup) by extensions ['colcon_meta']
[0.188s] Level 1:colcon.colcon_core.package_identification:_identify(movil_robot/my_robot_bringup) by extension 'colcon_meta'
[0.188s] Level 1:colcon.colcon_core.package_identification:_identify(movil_robot/my_robot_bringup) by extensions ['ros']
[0.188s] Level 1:colcon.colcon_core.package_identification:_identify(movil_robot/my_robot_bringup) by extension 'ros'
[0.190s] DEBUG:colcon.colcon_core.package_identification:Package 'movil_robot/my_robot_bringup' with type 'ros.ament_cmake' and name 'my_robot_bringup'
[0.190s] Level 1:colcon.colcon_core.package_identification:_identify(movil_robot/my_robot_description) by extensions ['ignore', 'ignore_ament_install']
[0.190s] Level 1:colcon.colcon_core.package_identification:_identify(movil_robot/my_robot_description) by extension 'ignore'
[0.190s] Level 1:colcon.colcon_core.package_identification:_identify(movil_robot/my_robot_description) by extension 'ignore_ament_install'
[0.190s] Level 1:colcon.colcon_core.package_identification:_identify(movil_robot/my_robot_description) by extensions ['colcon_pkg']
[0.190s] Level 1:colcon.colcon_core.package_identification:_identify(movil_robot/my_robot_description) by extension 'colcon_pkg'
[0.190s] Level 1:colcon.colcon_core.package_identification:_identify(movil_robot/my_robot_description) by extensions ['colcon_meta']
[0.190s] Level 1:colcon.colcon_core.package_identification:_identify(movil_robot/my_robot_description) by extension 'colcon_meta'
[0.190s] Level 1:colcon.colcon_core.package_identification:_identify(movil_robot/my_robot_description) by extensions ['ros']
[0.190s] Level 1:colcon.colcon_core.package_identification:_identify(movil_robot/my_robot_description) by extension 'ros'
[0.191s] DEBUG:colcon.colcon_core.package_identification:Package 'movil_robot/my_robot_description' with type 'ros.ament_cmake' and name 'my_robot_description'
[0.191s] Level 1:colcon.colcon_core.package_identification:_identify(nodes_topics_py) by extensions ['ignore', 'ignore_ament_install']
[0.191s] Level 1:colcon.colcon_core.package_identification:_identify(nodes_topics_py) by extension 'ignore'
[0.191s] Level 1:colcon.colcon_core.package_identification:_identify(nodes_topics_py) by extension 'ignore_ament_install'
[0.191s] Level 1:colcon.colcon_core.package_identification:_identify(nodes_topics_py) by extensions ['colcon_pkg']
[0.191s] Level 1:colcon.colcon_core.package_identification:_identify(nodes_topics_py) by extension 'colcon_pkg'
[0.191s] Level 1:colcon.colcon_core.package_identification:_identify(nodes_topics_py) by extensions ['colcon_meta']
[0.191s] Level 1:colcon.colcon_core.package_identification:_identify(nodes_topics_py) by extension 'colcon_meta'
[0.191s] Level 1:colcon.colcon_core.package_identification:_identify(nodes_topics_py) by extensions ['ros']
[0.191s] Level 1:colcon.colcon_core.package_identification:_identify(nodes_topics_py) by extension 'ros'
[0.191s] DEBUG:colcon.colcon_core.package_identification:Package 'nodes_topics_py' with type 'ros.ament_python' and name 'nodes_topics_py'
[0.192s] Level 1:colcon.colcon_core.package_identification:_identify(practicas) by extensions ['ignore', 'ignore_ament_install']
[0.192s] Level 1:colcon.colcon_core.package_identification:_identify(practicas) by extension 'ignore'
[0.192s] Level 1:colcon.colcon_core.package_identification:_identify(practicas) by extension 'ignore_ament_install'
[0.192s] Level 1:colcon.colcon_core.package_identification:_identify(practicas) by extensions ['colcon_pkg']
[0.192s] Level 1:colcon.colcon_core.package_identification:_identify(practicas) by extension 'colcon_pkg'
[0.192s] Level 1:colcon.colcon_core.package_identification:_identify(practicas) by extensions ['colcon_meta']
[0.192s] Level 1:colcon.colcon_core.package_identification:_identify(practicas) by extension 'colcon_meta'
[0.192s] Level 1:colcon.colcon_core.package_identification:_identify(practicas) by extensions ['ros']
[0.192s] Level 1:colcon.colcon_core.package_identification:_identify(practicas) by extension 'ros'
[0.192s] Level 1:colcon.colcon_core.package_identification:_identify(practicas) by extensions ['cmake', 'python']
[0.192s] Level 1:colcon.colcon_core.package_identification:_identify(practicas) by extension 'cmake'
[0.192s] Level 1:colcon.colcon_core.package_identification:_identify(practicas) by extension 'python'
[0.192s] Level 1:colcon.colcon_core.package_identification:_identify(practicas) by extensions ['python_setup_py']
[0.192s] Level 1:colcon.colcon_core.package_identification:_identify(practicas) by extension 'python_setup_py'
[0.192s] Level 1:colcon.colcon_core.package_identification:_identify(practicas/imagen) by extensions ['ignore', 'ignore_ament_install']
[0.192s] Level 1:colcon.colcon_core.package_identification:_identify(practicas/imagen) by extension 'ignore'
[0.192s] Level 1:colcon.colcon_core.package_identification:_identify(practicas/imagen) by extension 'ignore_ament_install'
[0.192s] Level 1:colcon.colcon_core.package_identification:_identify(practicas/imagen) by extensions ['colcon_pkg']
[0.192s] Level 1:colcon.colcon_core.package_identification:_identify(practicas/imagen) by extension 'colcon_pkg'
[0.192s] Level 1:colcon.colcon_core.package_identification:_identify(practicas/imagen) by extensions ['colcon_meta']
[0.192s] Level 1:colcon.colcon_core.package_identification:_identify(practicas/imagen) by extension 'colcon_meta'
[0.192s] Level 1:colcon.colcon_core.package_identification:_identify(practicas/imagen) by extensions ['ros']
[0.193s] Level 1:colcon.colcon_core.package_identification:_identify(practicas/imagen) by extension 'ros'
[0.193s] Level 1:colcon.colcon_core.package_identification:_identify(practicas/imagen) by extensions ['cmake', 'python']
[0.193s] Level 1:colcon.colcon_core.package_identification:_identify(practicas/imagen) by extension 'cmake'
[0.193s] Level 1:colcon.colcon_core.package_identification:_identify(practicas/imagen) by extension 'python'
[0.193s] Level 1:colcon.colcon_core.package_identification:_identify(practicas/imagen) by extensions ['python_setup_py']
[0.193s] Level 1:colcon.colcon_core.package_identification:_identify(practicas/imagen) by extension 'python_setup_py'
[0.193s] Level 1:colcon.colcon_core.package_identification:_identify(scara_pckgs) by extensions ['ignore', 'ignore_ament_install']
[0.193s] Level 1:colcon.colcon_core.package_identification:_identify(scara_pckgs) by extension 'ignore'
[0.193s] Level 1:colcon.colcon_core.package_identification:_identify(scara_pckgs) by extension 'ignore_ament_install'
[0.193s] Level 1:colcon.colcon_core.package_identification:_identify(scara_pckgs) by extensions ['colcon_pkg']
[0.193s] Level 1:colcon.colcon_core.package_identification:_identify(scara_pckgs) by extension 'colcon_pkg'
[0.193s] Level 1:colcon.colcon_core.package_identification:_identify(scara_pckgs) by extensions ['colcon_meta']
[0.193s] Level 1:colcon.colcon_core.package_identification:_identify(scara_pckgs) by extension 'colcon_meta'
[0.193s] Level 1:colcon.colcon_core.package_identification:_identify(scara_pckgs) by extensions ['ros']
[0.193s] Level 1:colcon.colcon_core.package_identification:_identify(scara_pckgs) by extension 'ros'
[0.193s] Level 1:colcon.colcon_core.package_identification:_identify(scara_pckgs) by extensions ['cmake', 'python']
[0.193s] Level 1:colcon.colcon_core.package_identification:_identify(scara_pckgs) by extension 'cmake'
[0.193s] Level 1:colcon.colcon_core.package_identification:_identify(scara_pckgs) by extension 'python'
[0.193s] Level 1:colcon.colcon_core.package_identification:_identify(scara_pckgs) by extensions ['python_setup_py']
[0.193s] Level 1:colcon.colcon_core.package_identification:_identify(scara_pckgs) by extension 'python_setup_py'
[0.193s] Level 1:colcon.colcon_core.package_identification:_identify(scara_pckgs/scara_bringup) by extensions ['ignore', 'ignore_ament_install']
[0.193s] Level 1:colcon.colcon_core.package_identification:_identify(scara_pckgs/scara_bringup) by extension 'ignore'
[0.194s] Level 1:colcon.colcon_core.package_identification:_identify(scara_pckgs/scara_bringup) by extension 'ignore_ament_install'
[0.194s] Level 1:colcon.colcon_core.package_identification:_identify(scara_pckgs/scara_bringup) by extensions ['colcon_pkg']
[0.194s] Level 1:colcon.colcon_core.package_identification:_identify(scara_pckgs/scara_bringup) by extension 'colcon_pkg'
[0.194s] Level 1:colcon.colcon_core.package_identification:_identify(scara_pckgs/scara_bringup) by extensions ['colcon_meta']
[0.194s] Level 1:colcon.colcon_core.package_identification:_identify(scara_pckgs/scara_bringup) by extension 'colcon_meta'
[0.194s] Level 1:colcon.colcon_core.package_identification:_identify(scara_pckgs/scara_bringup) by extensions ['ros']
[0.194s] Level 1:colcon.colcon_core.package_identification:_identify(scara_pckgs/scara_bringup) by extension 'ros'
[0.194s] DEBUG:colcon.colcon_core.package_identification:Package 'scara_pckgs/scara_bringup' with type 'ros.ament_cmake' and name 'scara_bringup'
[0.194s] Level 1:colcon.colcon_core.package_identification:_identify(scara_pckgs/scara_description) by extensions ['ignore', 'ignore_ament_install']
[0.194s] Level 1:colcon.colcon_core.package_identification:_identify(scara_pckgs/scara_description) by extension 'ignore'
[0.194s] Level 1:colcon.colcon_core.package_identification:_identify(scara_pckgs/scara_description) by extension 'ignore_ament_install'
[0.194s] Level 1:colcon.colcon_core.package_identification:_identify(scara_pckgs/scara_description) by extensions ['colcon_pkg']
[0.194s] Level 1:colcon.colcon_core.package_identification:_identify(scara_pckgs/scara_description) by extension 'colcon_pkg'
[0.194s] Level 1:colcon.colcon_core.package_identification:_identify(scara_pckgs/scara_description) by extensions ['colcon_meta']
[0.194s] Level 1:colcon.colcon_core.package_identification:_identify(scara_pckgs/scara_description) by extension 'colcon_meta'
[0.194s] Level 1:colcon.colcon_core.package_identification:_identify(scara_pckgs/scara_description) by extensions ['ros']
[0.194s] Level 1:colcon.colcon_core.package_identification:_identify(scara_pckgs/scara_description) by extension 'ros'
[0.195s] DEBUG:colcon.colcon_core.package_identification:Package 'scara_pckgs/scara_description' with type 'ros.ament_cmake' and name 'scara_description'
[0.195s] Level 1:colcon.colcon_core.package_discovery:discover_packages(recursive) using defaults
[0.195s] Level 1:colcon.colcon_core.package_discovery:discover_packages(ignore) discover
[0.195s] Level 1:colcon.colcon_core.package_discovery:discover_packages(ignore) using defaults
[0.195s] Level 1:colcon.colcon_core.package_discovery:discover_packages(path) discover
[0.195s] Level 1:colcon.colcon_core.package_discovery:discover_packages(path) using defaults
[0.209s] Level 1:colcon.colcon_core.package_discovery:discover_packages(prefix_path) check parameters
[0.209s] Level 1:colcon.colcon_core.package_discovery:discover_packages(prefix_path) discover
[0.217s] DEBUG:colcon.colcon_installed_package_information.package_discovery:Found 390 installed packages in /opt/ros/jazzy
[0.219s] Level 1:colcon.colcon_core.package_discovery:discover_packages(prefix_path) using defaults
[0.259s] Level 5:colcon.colcon_core.verb:set package 'my_robot_bringup' build argument 'cmake_args' from command line to 'None'
[0.259s] Level 5:colcon.colcon_core.verb:set package 'my_robot_bringup' build argument 'cmake_target' from command line to 'None'
[0.259s] Level 5:colcon.colcon_core.verb:set package 'my_robot_bringup' build argument 'cmake_target_skip_unavailable' from command line to 'False'
[0.259s] Level 5:colcon.colcon_core.verb:set package 'my_robot_bringup' build argument 'cmake_clean_cache' from command line to 'False'
[0.260s] Level 5:colcon.colcon_core.verb:set package 'my_robot_bringup' build argument 'cmake_clean_first' from command line to 'False'
[0.260s] Level 5:colcon.colcon_core.verb:set package 'my_robot_bringup' build argument 'cmake_force_configure' from command line to 'False'
[0.260s] Level 5:colcon.colcon_core.verb:set package 'my_robot_bringup' build argument 'ament_cmake_args' from command line to 'None'
[0.260s] Level 5:colcon.colcon_core.verb:set package 'my_robot_bringup' build argument 'catkin_cmake_args' from command line to 'None'
[0.260s] Level 5:colcon.colcon_core.verb:set package 'my_robot_bringup' build argument 'catkin_skip_building_tests' from command line to 'False'
[0.260s] DEBUG:colcon.colcon_core.verb:Building package 'my_robot_bringup' with the following arguments: {'ament_cmake_args': None, 'build_base': '/home/rocioromero/robotica_2026-1/build/my_robot_bringup', 'catkin_cmake_args': None, 'catkin_skip_building_tests': False, 'cmake_args': None, 'cmake_clean_cache': False, 'cmake_clean_first': False, 'cmake_force_configure': False, 'cmake_target': None, 'cmake_target_skip_unavailable': False, 'install_base': '/home/rocioromero/robotica_2026-1/install/my_robot_bringup', 'merge_install': False, 'path': '/home/rocioromero/robotica_2026-1/movil_robot/my_robot_bringup', 'symlink_install': False, 'test_result_base': None}
[0.260s] Level 5:colcon.colcon_core.verb:set package 'my_robot_description' build argument 'cmake_args' from command line to 'None'
[0.260s] Level 5:colcon.colcon_core.verb:set package 'my_robot_description' build argument 'cmake_target' from command line to 'None'
[0.260s] Level 5:colcon.colcon_core.verb:set package 'my_robot_description' build argument 'cmake_target_skip_unavailable' from command line to 'False'
[0.260s] Level 5:colcon.colcon_core.verb:set package 'my_robot_description' build argument 'cmake_clean_cache' from command line to 'False'
[0.260s] Level 5:colcon.colcon_core.verb:set package 'my_robot_description' build argument 'cmake_clean_first' from command line to 'False'
[0.260s] Level 5:colcon.colcon_core.verb:set package 'my_robot_description' build argument 'cmake_force_configure' from command line to 'False'
[0.260s] Level 5:colcon.colcon_core.verb:set package 'my_robot_description' build argument 'ament_cmake_args' from command line to 'None'
[0.260s] Level 5:colcon.colcon_core.verb:set package 'my_robot_description' build argument 'catkin_cmake_args' from command line to 'None'
[0.260s] Level 5:colcon.colcon_core.verb:set package 'my_robot_description' build argument 'catkin_skip_building_tests' from command line to 'False'
[0.260s] DEBUG:colcon.colcon_core.verb:Building package 'my_robot_description' with the following arguments: {'ament_cmake_args': None, 'build_base': '/home/rocioromero/robotica_2026-1/build/my_robot_description', 'catkin_cmake_args': None, 'catkin_skip_building_tests': False, 'cmake_args': None, 'cmake_clean_cache': False, 'cmake_clean_first': False, 'cmake_force_configure': False, 'cmake_target': None, 'cmake_target_skip_unavailable': False, 'install_base': '/home/rocioromero/robotica_2026-1/install/my_robot_description', 'merge_install': False, 'path': '/home/rocioromero/robotica_2026-1/movil_robot/my_robot_description', 'symlink_install': False, 'test_result_base': None}
[0.260s] Level 5:colcon.colcon_core.verb:set package 'nodes_topics_py' build argument 'cmake_args' from command line to 'None'
[0.260s] Level 5:colcon.colcon_core.verb:set package 'nodes_topics_py' build argument 'cmake_target' from command line to 'None'
[0.260s] Level 5:colcon.colcon_core.verb:set package 'nodes_topics_py' build argument 'cmake_target_skip_unavailable' from command line to 'False'
[0.260s] Level 5:colcon.colcon_core.verb:set package 'nodes_topics_py' build argument 'cmake_clean_cache' from command line to 'False'
[0.260s] Level 5:colcon.colcon_core.verb:set package 'nodes_topics_py' build argument 'cmake_clean_first' from command line to 'False'
[0.260s] Level 5:colcon.colcon_core.verb:set package 'nodes_topics_py' build argument 'cmake_force_configure' from command line to 'False'
[0.260s] Level 5:colcon.colcon_core.verb:set package 'nodes_topics_py' build argument 'ament_cmake_args' from command line to 'None'
[0.260s] Level 5:colcon.colcon_core.verb:set package 'nodes_topics_py' build argument 'catkin_cmake_args' from command line to 'None'
[0.260s] Level 5:colcon.colcon_core.verb:set package 'nodes_topics_py' build argument 'catkin_skip_building_tests' from command line to 'False'
[0.260s] DEBUG:colcon.colcon_core.verb:Building package 'nodes_topics_py' with the following arguments: {'ament_cmake_args': None, 'build_base': '/home/rocioromero/robotica_2026-1/build/nodes_topics_py', 'catkin_cmake_args': None, 'catkin_skip_building_tests': False, 'cmake_args': None, 'cmake_clean_cache': False, 'cmake_clean_first': False, 'cmake_force_configure': False, 'cmake_target': None, 'cmake_target_skip_unavailable': False, 'install_base': '/home/rocioromero/robotica_2026-1/install/nodes_topics_py', 'merge_install': False, 'path': '/home/rocioromero/robotica_2026-1/nodes_topics_py', 'symlink_install': False, 'test_result_base': None}
[0.261s] Level 5:colcon.colcon_core.verb:set package 'scara_bringup' build argument 'cmake_args' from command line to 'None'
[0.261s] Level 5:colcon.colcon_core.verb:set package 'scara_bringup' build argument 'cmake_target' from command line to 'None'
[0.261s] Level 5:colcon.colcon_core.verb:set package 'scara_bringup' build argument 'cmake_target_skip_unavailable' from command line to 'False'
[0.261s] Level 5:colcon.colcon_core.verb:set package 'scara_bringup' build argument 'cmake_clean_cache' from command line to 'False'
[0.261s] Level 5:colcon.colcon_core.verb:set package 'scara_bringup' build argument 'cmake_clean_first' from command line to 'False'
[0.261s] Level 5:colcon.colcon_core.verb:set package 'scara_bringup' build argument 'cmake_force_configure' from command line to 'False'
[0.261s] Level 5:colcon.colcon_core.verb:set package 'scara_bringup' build argument 'ament_cmake_args' from command line to 'None'
[0.261s] Level 5:colcon.colcon_core.verb:set package 'scara_bringup' build argument 'catkin_cmake_args' from command line to 'None'
[0.261s] Level 5:colcon.colcon_core.verb:set package 'scara_bringup' build argument 'catkin_skip_building_tests' from command line to 'False'
[0.261s] DEBUG:colcon.colcon_core.verb:Building package 'scara_bringup' with the following arguments: {'ament_cmake_args': None, 'build_base': '/home/rocioromero/robotica_2026-1/build/scara_bringup', 'catkin_cmake_args': None, 'catkin_skip_building_tests': False, 'cmake_args': None, 'cmake_clean_cache': False, 'cmake_clean_first': False, 'cmake_force_configure': False, 'cmake_target': None, 'cmake_target_skip_unavailable': False, 'install_base': '/home/rocioromero/robotica_2026-1/install/scara_bringup', 'merge_install': False, 'path': '/home/rocioromero/robotica_2026-1/scara_pckgs/scara_bringup', 'symlink_install': False, 'test_result_base': None}
[0.261s] Level 5:colcon.colcon_core.verb:set package 'scara_description' build argument 'cmake_args' from command line to 'None'
[0.261s] Level 5:colcon.colcon_core.verb:set package 'scara_description' build argument 'cmake_target' from command line to 'None'
[0.261s] Level 5:colcon.colcon_core.verb:set package 'scara_description' build argument 'cmake_target_skip_unavailable' from command line to 'False'
[0.261s] Level 5:colcon.colcon_core.verb:set package 'scara_description' build argument 'cmake_clean_cache' from command line to 'False'
[0.261s] Level 5:colcon.colcon_core.verb:set package 'scara_description' build argument 'cmake_clean_first' from command line to 'False'
[0.261s] Level 5:colcon.colcon_core.verb:set package 'scara_description' build argument 'cmake_force_configure' from command line to 'False'
[0.261s] Level 5:colcon.colcon_core.verb:set package 'scara_description' build argument 'ament_cmake_args' from command line to 'None'
[0.261s] Level 5:colcon.colcon_core.verb:set package 'scara_description' build argument 'catkin_cmake_args' from command line to 'None'
[0.261s] Level 5:colcon.colcon_core.verb:set package 'scara_description' build argument 'catkin_skip_building_tests' from command line to 'False'
[0.261s] DEBUG:colcon.colcon_core.verb:Building package 'scara_description' with the following arguments: {'ament_cmake_args': None, 'build_base': '/home/rocioromero/robotica_2026-1/build/scara_description', 'catkin_cmake_args': None, 'catkin_skip_building_tests': False, 'cmake_args': None, 'cmake_clean_cache': False, 'cmake_clean_first': False, 'cmake_force_configure': False, 'cmake_target': None, 'cmake_target_skip_unavailable': False, 'install_base': '/home/rocioromero/robotica_2026-1/install/scara_description', 'merge_install': False, 'path': '/home/rocioromero/robotica_2026-1/scara_pckgs/scara_description', 'symlink_install': False, 'test_result_base': None}
[0.261s] INFO:colcon.colcon_core.executor:Executing jobs using 'parallel' executor
[0.262s] DEBUG:colcon.colcon_parallel_executor.executor.parallel:run_until_complete
[0.262s] INFO:colcon.colcon_ros.task.ament_cmake.build:Building ROS package in '/home/rocioromero/robotica_2026-1/movil_robot/my_robot_bringup' with build type 'ament_cmake'
[0.262s] INFO:colcon.colcon_cmake.task.cmake.build:Building CMake package in '/home/rocioromero/robotica_2026-1/movil_robot/my_robot_bringup'
[0.264s] INFO:colcon.colcon_core.plugin_system:Skipping extension 'colcon_core.shell.bat': Not used on non-Windows systems
[0.264s] INFO:colcon.colcon_core.shell:Skip shell extension 'powershell' for command environment: Not usable outside of PowerShell
[0.264s] DEBUG:colcon.colcon_core.shell:Skip shell extension 'dsv' for command environment
[0.268s] INFO:colcon.colcon_ros.task.ament_cmake.build:Building ROS package in '/home/rocioromero/robotica_2026-1/movil_robot/my_robot_description' with build type 'ament_cmake'
[0.268s] INFO:colcon.colcon_cmake.task.cmake.build:Building CMake package in '/home/rocioromero/robotica_2026-1/movil_robot/my_robot_description'
[0.268s] INFO:colcon.colcon_core.shell:Skip shell extension 'powershell' for command environment: Not usable outside of PowerShell
[0.268s] DEBUG:colcon.colcon_core.shell:Skip shell extension 'dsv' for command environment
[0.271s] INFO:colcon.colcon_ros.task.ament_python.build:Building ROS package in '/home/rocioromero/robotica_2026-1/nodes_topics_py' with build type 'ament_python'
[0.271s] Level 1:colcon.colcon_core.shell:create_environment_hook('nodes_topics_py', 'ament_prefix_path')
[0.271s] INFO:colcon.colcon_core.shell:Creating environment hook '/home/rocioromero/robotica_2026-1/install/nodes_topics_py/share/nodes_topics_py/hook/ament_prefix_path.ps1'
[0.272s] INFO:colcon.colcon_core.shell:Creating environment descriptor '/home/rocioromero/robotica_2026-1/install/nodes_topics_py/share/nodes_topics_py/hook/ament_prefix_path.dsv'
[0.272s] INFO:colcon.colcon_core.shell:Creating environment hook '/home/rocioromero/robotica_2026-1/install/nodes_topics_py/share/nodes_topics_py/hook/ament_prefix_path.sh'
[0.273s] INFO:colcon.colcon_core.shell:Skip shell extension 'powershell' for command environment: Not usable outside of PowerShell
[0.273s] DEBUG:colcon.colcon_core.shell:Skip shell extension 'dsv' for command environment
[0.275s] INFO:colcon.colcon_ros.task.ament_cmake.build:Building ROS package in '/home/rocioromero/robotica_2026-1/scara_pckgs/scara_bringup' with build type 'ament_cmake'
[0.275s] INFO:colcon.colcon_cmake.task.cmake.build:Building CMake package in '/home/rocioromero/robotica_2026-1/scara_pckgs/scara_bringup'
[0.275s] INFO:colcon.colcon_core.shell:Skip shell extension 'powershell' for command environment: Not usable outside of PowerShell
[0.275s] DEBUG:colcon.colcon_core.shell:Skip shell extension 'dsv' for command environment
[0.278s] INFO:colcon.colcon_ros.task.ament_cmake.build:Building ROS package in '/home/rocioromero/robotica_2026-1/scara_pckgs/scara_description' with build type 'ament_cmake'
[0.278s] INFO:colcon.colcon_cmake.task.cmake.build:Building CMake package in '/home/rocioromero/robotica_2026-1/scara_pckgs/scara_description'
[0.278s] INFO:colcon.colcon_core.shell:Skip shell extension 'powershell' for command environment: Not usable outside of PowerShell
[0.278s] DEBUG:colcon.colcon_core.shell:Skip shell extension 'dsv' for command environment
[0.284s] DEBUG:colcon.colcon_core.event_handler.log_command:Invoking command in '/home/rocioromero/robotica_2026-1/build/my_robot_bringup': CMAKE_PREFIX_PATH=${CMAKE_PREFIX_PATH}:/opt/ros/jazzy DEBUGINFOD_URLS=https://debuginfod.ubuntu.com /usr/bin/cmake /home/rocioromero/robotica_2026-1/movil_robot/my_robot_bringup -DCMAKE_INSTALL_PREFIX=/home/rocioromero/robotica_2026-1/install/my_robot_bringup
[0.285s] DEBUG:colcon.colcon_core.event_handler.log_command:Invoking command in '/home/rocioromero/robotica_2026-1/build/my_robot_description': CMAKE_PREFIX_PATH=${CMAKE_PREFIX_PATH}:/opt/ros/jazzy DEBUGINFOD_URLS=https://debuginfod.ubuntu.com /usr/bin/cmake /home/rocioromero/robotica_2026-1/movil_robot/my_robot_description -DCMAKE_INSTALL_PREFIX=/home/rocioromero/robotica_2026-1/install/my_robot_description
[0.481s] INFO:colcon.colcon_core.task.python.build:Building Python package in '/home/rocioromero/robotica_2026-1/nodes_topics_py'
[0.481s] INFO:colcon.colcon_core.shell:Skip shell extension 'powershell' for command environment: Not usable outside of PowerShell
[0.481s] DEBUG:colcon.colcon_core.shell:Skip shell extension 'dsv' for command environment
[0.488s] DEBUG:colcon.colcon_core.event_handler.log_command:Invoking command in '/home/rocioromero/robotica_2026-1/build/scara_bringup': CMAKE_PREFIX_PATH=${CMAKE_PREFIX_PATH}:/opt/ros/jazzy DEBUGINFOD_URLS=https://debuginfod.ubuntu.com /usr/bin/cmake /home/rocioromero/robotica_2026-1/scara_pckgs/scara_bringup -DCMAKE_INSTALL_PREFIX=/home/rocioromero/robotica_2026-1/install/scara_bringup
[0.490s] DEBUG:colcon.colcon_core.event_handler.log_command:Invoking command in '/home/rocioromero/robotica_2026-1/build/scara_description': CMAKE_PREFIX_PATH=${CMAKE_PREFIX_PATH}:/opt/ros/jazzy DEBUGINFOD_URLS=https://debuginfod.ubuntu.com /usr/bin/cmake /home/rocioromero/robotica_2026-1/scara_pckgs/scara_description -DCMAKE_INSTALL_PREFIX=/home/rocioromero/robotica_2026-1/install/scara_description
[0.720s] DEBUG:colcon.colcon_core.event_handler.log_command:Invoked command in '/home/rocioromero/robotica_2026-1/build/my_robot_description' returned '0': CMAKE_PREFIX_PATH=${CMAKE_PREFIX_PATH}:/opt/ros/jazzy DEBUGINFOD_URLS=https://debuginfod.ubuntu.com /usr/bin/cmake /home/rocioromero/robotica_2026-1/movil_robot/my_robot_description -DCMAKE_INSTALL_PREFIX=/home/rocioromero/robotica_2026-1/install/my_robot_description
[0.722s] DEBUG:colcon.colcon_core.event_handler.log_command:Invoking command in '/home/rocioromero/robotica_2026-1/build/my_robot_description': CMAKE_PREFIX_PATH=${CMAKE_PREFIX_PATH}:/opt/ros/jazzy DEBUGINFOD_URLS=https://debuginfod.ubuntu.com /usr/bin/cmake --build /home/rocioromero/robotica_2026-1/build/my_robot_description -- -j16 -l16
[0.723s] DEBUG:colcon.colcon_core.event_handler.log_command:Invoked command in '/home/rocioromero/robotica_2026-1/build/my_robot_bringup' returned '0': CMAKE_PREFIX_PATH=${CMAKE_PREFIX_PATH}:/opt/ros/jazzy DEBUGINFOD_URLS=https://debuginfod.ubuntu.com /usr/bin/cmake /home/rocioromero/robotica_2026-1/movil_robot/my_robot_bringup -DCMAKE_INSTALL_PREFIX=/home/rocioromero/robotica_2026-1/install/my_robot_bringup
[0.724s] DEBUG:colcon.colcon_core.event_handler.log_command:Invoking command in '/home/rocioromero/robotica_2026-1/build/my_robot_bringup': CMAKE_PREFIX_PATH=${CMAKE_PREFIX_PATH}:/opt/ros/jazzy DEBUGINFOD_URLS=https://debuginfod.ubuntu.com /usr/bin/cmake --build /home/rocioromero/robotica_2026-1/build/my_robot_bringup -- -j16 -l16
[0.767s] DEBUG:colcon.colcon_core.event_handler.log_command:Invoked command in '/home/rocioromero/robotica_2026-1/build/my_robot_bringup' returned '0': CMAKE_PREFIX_PATH=${CMAKE_PREFIX_PATH}:/opt/ros/jazzy DEBUGINFOD_URLS=https://debuginfod.ubuntu.com /usr/bin/cmake --build /home/rocioromero/robotica_2026-1/build/my_robot_bringup -- -j16 -l16
[0.778s] DEBUG:colcon.colcon_core.event_handler.log_command:Invoking command in '/home/rocioromero/robotica_2026-1/build/my_robot_bringup': CMAKE_PREFIX_PATH=${CMAKE_PREFIX_PATH}:/opt/ros/jazzy DEBUGINFOD_URLS=https://debuginfod.ubuntu.com /usr/bin/cmake --install /home/rocioromero/robotica_2026-1/build/my_robot_bringup
[0.779s] DEBUG:colcon.colcon_core.event_handler.log_command:Invoked command in '/home/rocioromero/robotica_2026-1/build/my_robot_description' returned '0': CMAKE_PREFIX_PATH=${CMAKE_PREFIX_PATH}:/opt/ros/jazzy DEBUGINFOD_URLS=https://debuginfod.ubuntu.com /usr/bin/cmake --build /home/rocioromero/robotica_2026-1/build/my_robot_description -- -j16 -l16
[0.780s] DEBUG:colcon.colcon_core.event_handler.log_command:Invoking command in '/home/rocioromero/robotica_2026-1/build/my_robot_description': CMAKE_PREFIX_PATH=${CMAKE_PREFIX_PATH}:/opt/ros/jazzy DEBUGINFOD_URLS=https://debuginfod.ubuntu.com /usr/bin/cmake --install /home/rocioromero/robotica_2026-1/build/my_robot_description
[0.794s] Level 1:colcon.colcon_core.environment:create_environment_scripts_only(my_robot_bringup)
[0.794s] DEBUG:colcon.colcon_core.event_handler.log_command:Invoked command in '/home/rocioromero/robotica_2026-1/build/my_robot_bringup' returned '0': CMAKE_PREFIX_PATH=${CMAKE_PREFIX_PATH}:/opt/ros/jazzy DEBUGINFOD_URLS=https://debuginfod.ubuntu.com /usr/bin/cmake --install /home/rocioromero/robotica_2026-1/build/my_robot_bringup
[0.797s] Level 1:colcon.colcon_core.environment:checking '/home/rocioromero/robotica_2026-1/install/my_robot_bringup' for CMake module files
[0.797s] Level 1:colcon.colcon_core.environment:checking '/home/rocioromero/robotica_2026-1/install/my_robot_bringup' for CMake config files
[0.798s] Level 1:colcon.colcon_core.shell:create_environment_hook('my_robot_bringup', 'cmake_prefix_path')
[0.798s] INFO:colcon.colcon_core.shell:Creating environment hook '/home/rocioromero/robotica_2026-1/install/my_robot_bringup/share/my_robot_bringup/hook/cmake_prefix_path.ps1'
[0.798s] INFO:colcon.colcon_core.shell:Creating environment descriptor '/home/rocioromero/robotica_2026-1/install/my_robot_bringup/share/my_robot_bringup/hook/cmake_prefix_path.dsv'
[0.799s] INFO:colcon.colcon_core.shell:Creating environment hook '/home/rocioromero/robotica_2026-1/install/my_robot_bringup/share/my_robot_bringup/hook/cmake_prefix_path.sh'
[0.799s] Level 1:colcon.colcon_core.environment:checking '/home/rocioromero/robotica_2026-1/install/my_robot_bringup/bin'
[0.799s] Level 1:colcon.colcon_core.environment:checking '/home/rocioromero/robotica_2026-1/install/my_robot_bringup/lib/pkgconfig/my_robot_bringup.pc'
[0.800s] Level 1:colcon.colcon_core.environment:checking '/home/rocioromero/robotica_2026-1/install/my_robot_bringup/lib/python3.12/site-packages'
[0.800s] Level 1:colcon.colcon_core.environment:checking '/home/rocioromero/robotica_2026-1/install/my_robot_bringup/bin'
[0.800s] INFO:colcon.colcon_core.shell:Creating package script '/home/rocioromero/robotica_2026-1/install/my_robot_bringup/share/my_robot_bringup/package.ps1'
[0.801s] INFO:colcon.colcon_core.shell:Creating package descriptor '/home/rocioromero/robotica_2026-1/install/my_robot_bringup/share/my_robot_bringup/package.dsv'
[0.801s] INFO:colcon.colcon_core.shell:Creating package script '/home/rocioromero/robotica_2026-1/install/my_robot_bringup/share/my_robot_bringup/package.sh'
[0.802s] INFO:colcon.colcon_core.shell:Creating package script '/home/rocioromero/robotica_2026-1/install/my_robot_bringup/share/my_robot_bringup/package.bash'
[0.802s] INFO:colcon.colcon_core.shell:Creating package script '/home/rocioromero/robotica_2026-1/install/my_robot_bringup/share/my_robot_bringup/package.zsh'
[0.803s] Level 1:colcon.colcon_core.environment:create_file_with_runtime_dependencies(/home/rocioromero/robotica_2026-1/install/my_robot_bringup/share/colcon-core/packages/my_robot_bringup)
[0.803s] Level 1:colcon.colcon_core.environment:create_environment_scripts_only(my_robot_bringup)
[0.803s] Level 1:colcon.colcon_core.environment:checking '/home/rocioromero/robotica_2026-1/install/my_robot_bringup' for CMake module files
[0.804s] Level 1:colcon.colcon_core.environment:checking '/home/rocioromero/robotica_2026-1/install/my_robot_bringup' for CMake config files
[0.804s] Level 1:colcon.colcon_core.shell:create_environment_hook('my_robot_bringup', 'cmake_prefix_path')
[0.804s] INFO:colcon.colcon_core.shell:Creating environment hook '/home/rocioromero/robotica_2026-1/install/my_robot_bringup/share/my_robot_bringup/hook/cmake_prefix_path.ps1'
[0.805s] INFO:colcon.colcon_core.shell:Creating environment descriptor '/home/rocioromero/robotica_2026-1/install/my_robot_bringup/share/my_robot_bringup/hook/cmake_prefix_path.dsv'
[0.805s] INFO:colcon.colcon_core.shell:Creating environment hook '/home/rocioromero/robotica_2026-1/install/my_robot_bringup/share/my_robot_bringup/hook/cmake_prefix_path.sh'
[0.806s] Level 1:colcon.colcon_core.environment:checking '/home/rocioromero/robotica_2026-1/install/my_robot_bringup/bin'
[0.806s] Level 1:colcon.colcon_core.environment:checking '/home/rocioromero/robotica_2026-1/install/my_robot_bringup/lib/pkgconfig/my_robot_bringup.pc'
[0.806s] Level 1:colcon.colcon_core.environment:checking '/home/rocioromero/robotica_2026-1/install/my_robot_bringup/lib/python3.12/site-packages'
[0.806s] Level 1:colcon.colcon_core.environment:checking '/home/rocioromero/robotica_2026-1/install/my_robot_bringup/bin'
[0.806s] INFO:colcon.colcon_core.shell:Creating package script '/home/rocioromero/robotica_2026-1/install/my_robot_bringup/share/my_robot_bringup/package.ps1'
[0.807s] INFO:colcon.colcon_core.shell:Creating package descriptor '/home/rocioromero/robotica_2026-1/install/my_robot_bringup/share/my_robot_bringup/package.dsv'
[0.807s] INFO:colcon.colcon_core.shell:Creating package script '/home/rocioromero/robotica_2026-1/install/my_robot_bringup/share/my_robot_bringup/package.sh'
[0.808s] INFO:colcon.colcon_core.shell:Creating package script '/home/rocioromero/robotica_2026-1/install/my_robot_bringup/share/my_robot_bringup/package.bash'
[0.808s] INFO:colcon.colcon_core.shell:Creating package script '/home/rocioromero/robotica_2026-1/install/my_robot_bringup/share/my_robot_bringup/package.zsh'
[0.809s] Level 1:colcon.colcon_core.environment:create_file_with_runtime_dependencies(/home/rocioromero/robotica_2026-1/install/my_robot_bringup/share/colcon-core/packages/my_robot_bringup)
[0.810s] Level 1:colcon.colcon_core.environment:create_environment_scripts_only(my_robot_description)
[0.810s] Level 1:colcon.colcon_core.environment:checking '/home/rocioromero/robotica_2026-1/install/my_robot_description' for CMake module files
[0.811s] DEBUG:colcon.colcon_core.event_handler.log_command:Invoked command in '/home/rocioromero/robotica_2026-1/build/my_robot_description' returned '0': CMAKE_PREFIX_PATH=${CMAKE_PREFIX_PATH}:/opt/ros/jazzy DEBUGINFOD_URLS=https://debuginfod.ubuntu.com /usr/bin/cmake --install /home/rocioromero/robotica_2026-1/build/my_robot_description
[0.811s] Level 1:colcon.colcon_core.environment:checking '/home/rocioromero/robotica_2026-1/install/my_robot_description' for CMake config files
[0.812s] Level 1:colcon.colcon_core.shell:create_environment_hook('my_robot_description', 'cmake_prefix_path')
[0.812s] INFO:colcon.colcon_core.shell:Creating environment hook '/home/rocioromero/robotica_2026-1/install/my_robot_description/share/my_robot_description/hook/cmake_prefix_path.ps1'
[0.813s] INFO:colcon.colcon_core.shell:Creating environment descriptor '/home/rocioromero/robotica_2026-1/install/my_robot_description/share/my_robot_description/hook/cmake_prefix_path.dsv'
[0.813s] INFO:colcon.colcon_core.shell:Creating environment hook '/home/rocioromero/robotica_2026-1/install/my_robot_description/share/my_robot_description/hook/cmake_prefix_path.sh'
[0.814s] Level 1:colcon.colcon_core.environment:checking '/home/rocioromero/robotica_2026-1/install/my_robot_description/bin'
[0.814s] Level 1:colcon.colcon_core.environment:checking '/home/rocioromero/robotica_2026-1/install/my_robot_description/lib/pkgconfig/my_robot_description.pc'
[0.814s] Level 1:colcon.colcon_core.environment:checking '/home/rocioromero/robotica_2026-1/install/my_robot_description/lib/python3.12/site-packages'
[0.814s] Level 1:colcon.colcon_core.environment:checking '/home/rocioromero/robotica_2026-1/install/my_robot_description/bin'
[0.815s] INFO:colcon.colcon_core.shell:Creating package script '/home/rocioromero/robotica_2026-1/install/my_robot_description/share/my_robot_description/package.ps1'
[0.815s] INFO:colcon.colcon_core.shell:Creating package descriptor '/home/rocioromero/robotica_2026-1/install/my_robot_description/share/my_robot_description/package.dsv'
[0.815s] INFO:colcon.colcon_core.shell:Creating package script '/home/rocioromero/robotica_2026-1/install/my_robot_description/share/my_robot_description/package.sh'
[0.816s] INFO:colcon.colcon_core.shell:Creating package script '/home/rocioromero/robotica_2026-1/install/my_robot_description/share/my_robot_description/package.bash'
[0.816s] INFO:colcon.colcon_core.shell:Creating package script '/home/rocioromero/robotica_2026-1/install/my_robot_description/share/my_robot_description/package.zsh'
[0.816s] Level 1:colcon.colcon_core.environment:create_file_with_runtime_dependencies(/home/rocioromero/robotica_2026-1/install/my_robot_description/share/colcon-core/packages/my_robot_description)
[0.817s] Level 1:colcon.colcon_core.environment:create_environment_scripts_only(my_robot_description)
[0.817s] Level 1:colcon.colcon_core.environment:checking '/home/rocioromero/robotica_2026-1/install/my_robot_description' for CMake module files
[0.817s] Level 1:colcon.colcon_core.environment:checking '/home/rocioromero/robotica_2026-1/install/my_robot_description' for CMake config files
[0.818s] Level 1:colcon.colcon_core.shell:create_environment_hook('my_robot_description', 'cmake_prefix_path')
[0.818s] INFO:colcon.colcon_core.shell:Creating environment hook '/home/rocioromero/robotica_2026-1/install/my_robot_description/share/my_robot_description/hook/cmake_prefix_path.ps1'
[0.818s] INFO:colcon.colcon_core.shell:Creating environment descriptor '/home/rocioromero/robotica_2026-1/install/my_robot_description/share/my_robot_description/hook/cmake_prefix_path.dsv'
[0.818s] INFO:colcon.colcon_core.shell:Creating environment hook '/home/rocioromero/robotica_2026-1/install/my_robot_description/share/my_robot_description/hook/cmake_prefix_path.sh'
[0.819s] Level 1:colcon.colcon_core.environment:checking '/home/rocioromero/robotica_2026-1/install/my_robot_description/bin'
[0.819s] Level 1:colcon.colcon_core.environment:checking '/home/rocioromero/robotica_2026-1/install/my_robot_description/lib/pkgconfig/my_robot_description.pc'
[0.819s] Level 1:colcon.colcon_core.environment:checking '/home/rocioromero/robotica_2026-1/install/my_robot_description/lib/python3.12/site-packages'
[0.819s] Level 1:colcon.colcon_core.environment:checking '/home/rocioromero/robotica_2026-1/install/my_robot_description/bin'
[0.819s] INFO:colcon.colcon_core.shell:Creating package script '/home/rocioromero/robotica_2026-1/install/my_robot_description/share/my_robot_description/package.ps1'
[0.820s] INFO:colcon.colcon_core.shell:Creating package descriptor '/home/rocioromero/robotica_2026-1/install/my_robot_description/share/my_robot_description/package.dsv'
[0.820s] INFO:colcon.colcon_core.shell:Creating package script '/home/rocioromero/robotica_2026-1/install/my_robot_description/share/my_robot_description/package.sh'
[0.821s] INFO:colcon.colcon_core.shell:Creating package script '/home/rocioromero/robotica_2026-1/install/my_robot_description/share/my_robot_description/package.bash'
[0.821s] INFO:colcon.colcon_core.shell:Creating package script '/home/rocioromero/robotica_2026-1/install/my_robot_description/share/my_robot_description/package.zsh'
[0.821s] Level 1:colcon.colcon_core.environment:create_file_with_runtime_dependencies(/home/rocioromero/robotica_2026-1/install/my_robot_description/share/colcon-core/packages/my_robot_description)
[0.883s] DEBUG:colcon.colcon_core.event_handler.log_command:Invoked command in '/home/rocioromero/robotica_2026-1/build/scara_bringup' returned '0': CMAKE_PREFIX_PATH=${CMAKE_PREFIX_PATH}:/opt/ros/jazzy DEBUGINFOD_URLS=https://debuginfod.ubuntu.com /usr/bin/cmake /home/rocioromero/robotica_2026-1/scara_pckgs/scara_bringup -DCMAKE_INSTALL_PREFIX=/home/rocioromero/robotica_2026-1/install/scara_bringup
[0.884s] DEBUG:colcon.colcon_core.event_handler.log_command:Invoking command in '/home/rocioromero/robotica_2026-1/build/scara_bringup': CMAKE_PREFIX_PATH=${CMAKE_PREFIX_PATH}:/opt/ros/jazzy DEBUGINFOD_URLS=https://debuginfod.ubuntu.com /usr/bin/cmake --build /home/rocioromero/robotica_2026-1/build/scara_bringup -- -j16 -l16
[0.891s] DEBUG:colcon.colcon_core.event_handler.log_command:Invoked command in '/home/rocioromero/robotica_2026-1/build/scara_description' returned '0': CMAKE_PREFIX_PATH=${CMAKE_PREFIX_PATH}:/opt/ros/jazzy DEBUGINFOD_URLS=https://debuginfod.ubuntu.com /usr/bin/cmake /home/rocioromero/robotica_2026-1/scara_pckgs/scara_description -DCMAKE_INSTALL_PREFIX=/home/rocioromero/robotica_2026-1/install/scara_description
[0.891s] DEBUG:colcon.colcon_core.event_handler.log_command:Invoking command in '/home/rocioromero/robotica_2026-1/build/scara_description': CMAKE_PREFIX_PATH=${CMAKE_PREFIX_PATH}:/opt/ros/jazzy DEBUGINFOD_URLS=https://debuginfod.ubuntu.com /usr/bin/cmake --build /home/rocioromero/robotica_2026-1/build/scara_description -- -j16 -l16
[0.924s] DEBUG:colcon.colcon_core.event_handler.log_command:Invoked command in '/home/rocioromero/robotica_2026-1/build/scara_bringup' returned '0': CMAKE_PREFIX_PATH=${CMAKE_PREFIX_PATH}:/opt/ros/jazzy DEBUGINFOD_URLS=https://debuginfod.ubuntu.com /usr/bin/cmake --build /home/rocioromero/robotica_2026-1/build/scara_bringup -- -j16 -l16
[0.925s] DEBUG:colcon.colcon_core.event_handler.log_command:Invoking command in '/home/rocioromero/robotica_2026-1/build/scara_bringup': CMAKE_PREFIX_PATH=${CMAKE_PREFIX_PATH}:/opt/ros/jazzy DEBUGINFOD_URLS=https://debuginfod.ubuntu.com /usr/bin/cmake --install /home/rocioromero/robotica_2026-1/build/scara_bringup
[0.932s] DEBUG:colcon.colcon_core.event_handler.log_command:Invoked command in '/home/rocioromero/robotica_2026-1/build/scara_description' returned '0': CMAKE_PREFIX_PATH=${CMAKE_PREFIX_PATH}:/opt/ros/jazzy DEBUGINFOD_URLS=https://debuginfod.ubuntu.com /usr/bin/cmake --build /home/rocioromero/robotica_2026-1/build/scara_description -- -j16 -l16
[0.934s] DEBUG:colcon.colcon_core.event_handler.log_command:Invoking command in '/home/rocioromero/robotica_2026-1/build/scara_description': CMAKE_PREFIX_PATH=${CMAKE_PREFIX_PATH}:/opt/ros/jazzy DEBUGINFOD_URLS=https://debuginfod.ubuntu.com /usr/bin/cmake --install /home/rocioromero/robotica_2026-1/build/scara_description
[0.940s] Level 1:colcon.colcon_core.environment:create_environment_scripts_only(scara_bringup)
[0.941s] Level 1:colcon.colcon_core.environment:checking '/home/rocioromero/robotica_2026-1/install/scara_bringup' for CMake module files
[0.941s] DEBUG:colcon.colcon_core.event_handler.log_command:Invoked command in '/home/rocioromero/robotica_2026-1/build/scara_bringup' returned '0': CMAKE_PREFIX_PATH=${CMAKE_PREFIX_PATH}:/opt/ros/jazzy DEBUGINFOD_URLS=https://debuginfod.ubuntu.com /usr/bin/cmake --install /home/rocioromero/robotica_2026-1/build/scara_bringup
[0.941s] Level 1:colcon.colcon_core.environment:checking '/home/rocioromero/robotica_2026-1/install/scara_bringup' for CMake config files
[0.942s] Level 1:colcon.colcon_core.shell:create_environment_hook('scara_bringup', 'cmake_prefix_path')
[0.942s] INFO:colcon.colcon_core.shell:Creating environment hook '/home/rocioromero/robotica_2026-1/install/scara_bringup/share/scara_bringup/hook/cmake_prefix_path.ps1'
[0.943s] INFO:colcon.colcon_core.shell:Creating environment descriptor '/home/rocioromero/robotica_2026-1/install/scara_bringup/share/scara_bringup/hook/cmake_prefix_path.dsv'
[0.945s] INFO:colcon.colcon_core.shell:Creating environment hook '/home/rocioromero/robotica_2026-1/install/scara_bringup/share/scara_bringup/hook/cmake_prefix_path.sh'
[0.947s] Level 1:colcon.colcon_core.environment:checking '/home/rocioromero/robotica_2026-1/install/scara_bringup/bin'
[0.947s] Level 1:colcon.colcon_core.environment:checking '/home/rocioromero/robotica_2026-1/install/scara_bringup/lib/pkgconfig/scara_bringup.pc'
[0.947s] Level 1:colcon.colcon_core.environment:checking '/home/rocioromero/robotica_2026-1/install/scara_bringup/lib/python3.12/site-packages'
[0.948s] Level 1:colcon.colcon_core.environment:checking '/home/rocioromero/robotica_2026-1/install/scara_bringup/bin'
[0.948s] INFO:colcon.colcon_core.shell:Creating package script '/home/rocioromero/robotica_2026-1/install/scara_bringup/share/scara_bringup/package.ps1'
[0.949s] INFO:colcon.colcon_core.shell:Creating package descriptor '/home/rocioromero/robotica_2026-1/install/scara_bringup/share/scara_bringup/package.dsv'
[0.949s] INFO:colcon.colcon_core.shell:Creating package script '/home/rocioromero/robotica_2026-1/install/scara_bringup/share/scara_bringup/package.sh'
[0.950s] INFO:colcon.colcon_core.shell:Creating package script '/home/rocioromero/robotica_2026-1/install/scara_bringup/share/scara_bringup/package.bash'
[0.950s] INFO:colcon.colcon_core.shell:Creating package script '/home/rocioromero/robotica_2026-1/install/scara_bringup/share/scara_bringup/package.zsh'
[0.950s] Level 1:colcon.colcon_core.environment:create_file_with_runtime_dependencies(/home/rocioromero/robotica_2026-1/install/scara_bringup/share/colcon-core/packages/scara_bringup)
[0.951s] Level 1:colcon.colcon_core.environment:create_environment_scripts_only(scara_bringup)
[0.951s] Level 1:colcon.colcon_core.environment:checking '/home/rocioromero/robotica_2026-1/install/scara_bringup' for CMake module files
[0.951s] Level 1:colcon.colcon_core.environment:checking '/home/rocioromero/robotica_2026-1/install/scara_bringup' for CMake config files
[0.951s] Level 1:colcon.colcon_core.shell:create_environment_hook('scara_bringup', 'cmake_prefix_path')
[0.952s] INFO:colcon.colcon_core.shell:Creating environment hook '/home/rocioromero/robotica_2026-1/install/scara_bringup/share/scara_bringup/hook/cmake_prefix_path.ps1'
[0.952s] INFO:colcon.colcon_core.shell:Creating environment descriptor '/home/rocioromero/robotica_2026-1/install/scara_bringup/share/scara_bringup/hook/cmake_prefix_path.dsv'
[0.952s] INFO:colcon.colcon_core.shell:Creating environment hook '/home/rocioromero/robotica_2026-1/install/scara_bringup/share/scara_bringup/hook/cmake_prefix_path.sh'
[0.952s] Level 1:colcon.colcon_core.environment:checking '/home/rocioromero/robotica_2026-1/install/scara_bringup/bin'
[0.953s] Level 1:colcon.colcon_core.environment:checking '/home/rocioromero/robotica_2026-1/install/scara_bringup/lib/pkgconfig/scara_bringup.pc'
[0.953s] Level 1:colcon.colcon_core.environment:checking '/home/rocioromero/robotica_2026-1/install/scara_bringup/lib/python3.12/site-packages'
[0.953s] Level 1:colcon.colcon_core.environment:checking '/home/rocioromero/robotica_2026-1/install/scara_bringup/bin'
[0.953s] INFO:colcon.colcon_core.shell:Creating package script '/home/rocioromero/robotica_2026-1/install/scara_bringup/share/scara_bringup/package.ps1'
[0.954s] INFO:colcon.colcon_core.shell:Creating package descriptor '/home/rocioromero/robotica_2026-1/install/scara_bringup/share/scara_bringup/package.dsv'
[0.954s] INFO:colcon.colcon_core.shell:Creating package script '/home/rocioromero/robotica_2026-1/install/scara_bringup/share/scara_bringup/package.sh'
[0.954s] INFO:colcon.colcon_core.shell:Creating package script '/home/rocioromero/robotica_2026-1/install/scara_bringup/share/scara_bringup/package.bash'
[0.955s] INFO:colcon.colcon_core.shell:Creating package script '/home/rocioromero/robotica_2026-1/install/scara_bringup/share/scara_bringup/package.zsh'
[0.955s] Level 1:colcon.colcon_core.environment:create_file_with_runtime_dependencies(/home/rocioromero/robotica_2026-1/install/scara_bringup/share/colcon-core/packages/scara_bringup)
[0.956s] Level 1:colcon.colcon_core.environment:create_environment_scripts_only(scara_description)
[0.956s] Level 1:colcon.colcon_core.environment:checking '/home/rocioromero/robotica_2026-1/install/scara_description' for CMake module files
[0.957s] DEBUG:colcon.colcon_core.event_handler.log_command:Invoked command in '/home/rocioromero/robotica_2026-1/build/scara_description' returned '0': CMAKE_PREFIX_PATH=${CMAKE_PREFIX_PATH}:/opt/ros/jazzy DEBUGINFOD_URLS=https://debuginfod.ubuntu.com /usr/bin/cmake --install /home/rocioromero/robotica_2026-1/build/scara_description
[0.957s] Level 1:colcon.colcon_core.environment:checking '/home/rocioromero/robotica_2026-1/install/scara_description' for CMake config files
[0.957s] Level 1:colcon.colcon_core.shell:create_environment_hook('scara_description', 'cmake_prefix_path')
[0.957s] INFO:colcon.colcon_core.shell:Creating environment hook '/home/rocioromero/robotica_2026-1/install/scara_description/share/scara_description/hook/cmake_prefix_path.ps1'
[0.958s] INFO:colcon.colcon_core.shell:Creating environment descriptor '/home/rocioromero/robotica_2026-1/install/scara_description/share/scara_description/hook/cmake_prefix_path.dsv'
[0.958s] INFO:colcon.colcon_core.shell:Creating environment hook '/home/rocioromero/robotica_2026-1/install/scara_description/share/scara_description/hook/cmake_prefix_path.sh'
[0.958s] Level 1:colcon.colcon_core.environment:checking '/home/rocioromero/robotica_2026-1/install/scara_description/bin'
[0.958s] Level 1:colcon.colcon_core.environment:checking '/home/rocioromero/robotica_2026-1/install/scara_description/lib/pkgconfig/scara_description.pc'
[0.959s] Level 1:colcon.colcon_core.environment:checking '/home/rocioromero/robotica_2026-1/install/scara_description/lib/python3.12/site-packages'
[0.959s] Level 1:colcon.colcon_core.environment:checking '/home/rocioromero/robotica_2026-1/install/scara_description/bin'
[0.959s] INFO:colcon.colcon_core.shell:Creating package script '/home/rocioromero/robotica_2026-1/install/scara_description/share/scara_description/package.ps1'
[0.959s] INFO:colcon.colcon_core.shell:Creating package descriptor '/home/rocioromero/robotica_2026-1/install/scara_description/share/scara_description/package.dsv'
[0.960s] INFO:colcon.colcon_core.shell:Creating package script '/home/rocioromero/robotica_2026-1/install/scara_description/share/scara_description/package.sh'
[0.960s] INFO:colcon.colcon_core.shell:Creating package script '/home/rocioromero/robotica_2026-1/install/scara_description/share/scara_description/package.bash'
[0.960s] INFO:colcon.colcon_core.shell:Creating package script '/home/rocioromero/robotica_2026-1/install/scara_description/share/scara_description/package.zsh'
[0.961s] Level 1:colcon.colcon_core.environment:create_file_with_runtime_dependencies(/home/rocioromero/robotica_2026-1/install/scara_description/share/colcon-core/packages/scara_description)
[0.961s] Level 1:colcon.colcon_core.environment:create_environment_scripts_only(scara_description)
[0.961s] Level 1:colcon.colcon_core.environment:checking '/home/rocioromero/robotica_2026-1/install/scara_description' for CMake module files
[0.962s] Level 1:colcon.colcon_core.environment:checking '/home/rocioromero/robotica_2026-1/install/scara_description' for CMake config files
[0.962s] Level 1:colcon.colcon_core.shell:create_environment_hook('scara_description', 'cmake_prefix_path')
[0.962s] INFO:colcon.colcon_core.shell:Creating environment hook '/home/rocioromero/robotica_2026-1/install/scara_description/share/scara_description/hook/cmake_prefix_path.ps1'
[0.962s] INFO:colcon.colcon_core.shell:Creating environment descriptor '/home/rocioromero/robotica_2026-1/install/scara_description/share/scara_description/hook/cmake_prefix_path.dsv'
[0.963s] INFO:colcon.colcon_core.shell:Creating environment hook '/home/rocioromero/robotica_2026-1/install/scara_description/share/scara_description/hook/cmake_prefix_path.sh'
[0.963s] Level 1:colcon.colcon_core.environment:checking '/home/rocioromero/robotica_2026-1/install/scara_description/bin'
[0.963s] Level 1:colcon.colcon_core.environment:checking '/home/rocioromero/robotica_2026-1/install/scara_description/lib/pkgconfig/scara_description.pc'
[0.963s] Level 1:colcon.colcon_core.environment:checking '/home/rocioromero/robotica_2026-1/install/scara_description/lib/python3.12/site-packages'
[0.964s] Level 1:colcon.colcon_core.environment:checking '/home/rocioromero/robotica_2026-1/install/scara_description/bin'
[0.964s] INFO:colcon.colcon_core.shell:Creating package script '/home/rocioromero/robotica_2026-1/install/scara_description/share/scara_description/package.ps1'
[0.964s] INFO:colcon.colcon_core.shell:Creating package descriptor '/home/rocioromero/robotica_2026-1/install/scara_description/share/scara_description/package.dsv'
[0.965s] INFO:colcon.colcon_core.shell:Creating package script '/home/rocioromero/robotica_2026-1/install/scara_description/share/scara_description/package.sh'
[0.965s] INFO:colcon.colcon_core.shell:Creating package script '/home/rocioromero/robotica_2026-1/install/scara_description/share/scara_description/package.bash'
[0.965s] INFO:colcon.colcon_core.shell:Creating package script '/home/rocioromero/robotica_2026-1/install/scara_description/share/scara_description/package.zsh'
[0.965s] Level 1:colcon.colcon_core.environment:create_file_with_runtime_dependencies(/home/rocioromero/robotica_2026-1/install/scara_description/share/colcon-core/packages/scara_description)
[1.097s] DEBUG:colcon.colcon_core.event_handler.log_command:Invoking command in '/home/rocioromero/robotica_2026-1/nodes_topics_py': DEBUGINFOD_URLS=https://debuginfod.ubuntu.com PYTHONPATH=/home/rocioromero/robotica_2026-1/build/nodes_topics_py/prefix_override:/usr/lib/python3/dist-packages/colcon_core/task/python/colcon_distutils_commands:/home/rocioromero/robotica_2026-1/install/nodes_topics_py/lib/python3.12/site-packages:${PYTHONPATH} /usr/bin/python3 -W ignore:setup.py install is deprecated -W ignore:easy_install command is deprecated setup.py egg_info --egg-base ../build/nodes_topics_py build --build-base /home/rocioromero/robotica_2026-1/build/nodes_topics_py/build install --record /home/rocioromero/robotica_2026-1/build/nodes_topics_py/install.log --single-version-externally-managed install_data
[1.579s] Level 1:colcon.colcon_core.environment:checking '/home/rocioromero/robotica_2026-1/install/nodes_topics_py' for CMake module files
[1.580s] DEBUG:colcon.colcon_core.event_handler.log_command:Invoked command in '/home/rocioromero/robotica_2026-1/nodes_topics_py' returned '0': DEBUGINFOD_URLS=https://debuginfod.ubuntu.com PYTHONPATH=/home/rocioromero/robotica_2026-1/build/nodes_topics_py/prefix_override:/usr/lib/python3/dist-packages/colcon_core/task/python/colcon_distutils_commands:/home/rocioromero/robotica_2026-1/install/nodes_topics_py/lib/python3.12/site-packages:${PYTHONPATH} /usr/bin/python3 -W ignore:setup.py install is deprecated -W ignore:easy_install command is deprecated setup.py egg_info --egg-base ../build/nodes_topics_py build --build-base /home/rocioromero/robotica_2026-1/build/nodes_topics_py/build install --record /home/rocioromero/robotica_2026-1/build/nodes_topics_py/install.log --single-version-externally-managed install_data
[1.580s] Level 1:colcon.colcon_core.environment:checking '/home/rocioromero/robotica_2026-1/install/nodes_topics_py' for CMake config files
[1.580s] Level 1:colcon.colcon_core.environment:checking '/home/rocioromero/robotica_2026-1/install/nodes_topics_py/lib'
[1.581s] Level 1:colcon.colcon_core.environment:checking '/home/rocioromero/robotica_2026-1/install/nodes_topics_py/bin'
[1.581s] Level 1:colcon.colcon_core.environment:checking '/home/rocioromero/robotica_2026-1/install/nodes_topics_py/lib/pkgconfig/nodes_topics_py.pc'
[1.581s] Level 1:colcon.colcon_core.environment:checking '/home/rocioromero/robotica_2026-1/install/nodes_topics_py/lib/python3.12/site-packages'
[1.581s] Level 1:colcon.colcon_core.shell:create_environment_hook('nodes_topics_py', 'pythonpath')
[1.581s] INFO:colcon.colcon_core.shell:Creating environment hook '/home/rocioromero/robotica_2026-1/install/nodes_topics_py/share/nodes_topics_py/hook/pythonpath.ps1'
[1.581s] INFO:colcon.colcon_core.shell:Creating environment descriptor '/home/rocioromero/robotica_2026-1/install/nodes_topics_py/share/nodes_topics_py/hook/pythonpath.dsv'
[1.582s] INFO:colcon.colcon_core.shell:Creating environment hook '/home/rocioromero/robotica_2026-1/install/nodes_topics_py/share/nodes_topics_py/hook/pythonpath.sh'
[1.582s] Level 1:colcon.colcon_core.environment:checking '/home/rocioromero/robotica_2026-1/install/nodes_topics_py/bin'
[1.582s] Level 1:colcon.colcon_core.environment:create_environment_scripts_only(nodes_topics_py)
[1.582s] INFO:colcon.colcon_core.shell:Creating package script '/home/rocioromero/robotica_2026-1/install/nodes_topics_py/share/nodes_topics_py/package.ps1'
[1.583s] INFO:colcon.colcon_core.shell:Creating package descriptor '/home/rocioromero/robotica_2026-1/install/nodes_topics_py/share/nodes_topics_py/package.dsv'
[1.583s] INFO:colcon.colcon_core.shell:Creating package script '/home/rocioromero/robotica_2026-1/install/nodes_topics_py/share/nodes_topics_py/package.sh'
[1.583s] INFO:colcon.colcon_core.shell:Creating package script '/home/rocioromero/robotica_2026-1/install/nodes_topics_py/share/nodes_topics_py/package.bash'
[1.584s] INFO:colcon.colcon_core.shell:Creating package script '/home/rocioromero/robotica_2026-1/install/nodes_topics_py/share/nodes_topics_py/package.zsh'
[1.584s] Level 1:colcon.colcon_core.environment:create_file_with_runtime_dependencies(/home/rocioromero/robotica_2026-1/install/nodes_topics_py/share/colcon-core/packages/nodes_topics_py)
[1.584s] DEBUG:colcon.colcon_parallel_executor.executor.parallel:closing loop
[1.585s] DEBUG:colcon.colcon_parallel_executor.executor.parallel:loop closed
[1.585s] DEBUG:colcon.colcon_parallel_executor.executor.parallel:run_until_complete finished with '0'
[1.585s] DEBUG:colcon.colcon_core.event_reactor:joining thread
[1.590s] INFO:colcon.colcon_core.plugin_system:Skipping extension 'colcon_notification.desktop_notification.terminal_notifier': Not used on non-Darwin systems
[1.590s] INFO:colcon.colcon_core.plugin_system:Skipping extension 'colcon_notification.desktop_notification.win32': Not used on non-Windows systems
[1.590s] INFO:colcon.colcon_notification.desktop_notification:Sending desktop notification using 'notify2'
[1.602s] DEBUG:colcon.colcon_core.event_reactor:joined thread
[1.602s] INFO:colcon.colcon_core.shell:Creating prefix script '/home/rocioromero/robotica_2026-1/install/local_setup.ps1'
[1.603s] INFO:colcon.colcon_core.shell:Creating prefix util module '/home/rocioromero/robotica_2026-1/install/_local_setup_util_ps1.py'
[1.604s] INFO:colcon.colcon_core.shell:Creating prefix chain script '/home/rocioromero/robotica_2026-1/install/setup.ps1'
[1.604s] INFO:colcon.colcon_core.shell:Creating prefix script '/home/rocioromero/robotica_2026-1/install/local_setup.sh'
[1.605s] INFO:colcon.colcon_core.shell:Creating prefix util module '/home/rocioromero/robotica_2026-1/install/_local_setup_util_sh.py'
[1.605s] INFO:colcon.colcon_core.shell:Creating prefix chain script '/home/rocioromero/robotica_2026-1/install/setup.sh'
[1.606s] INFO:colcon.colcon_core.shell:Creating prefix script '/home/rocioromero/robotica_2026-1/install/local_setup.bash'
[1.606s] INFO:colcon.colcon_core.shell:Creating prefix chain script '/home/rocioromero/robotica_2026-1/install/setup.bash'
[1.607s] INFO:colcon.colcon_core.shell:Creating prefix script '/home/rocioromero/robotica_2026-1/install/local_setup.zsh'
[1.607s] INFO:colcon.colcon_core.shell:Creating prefix chain script '/home/rocioromero/robotica_2026-1/install/setup.zsh'
