[0.193s] Invoking command in '/home/rocioromero/robotica_2026-1/build/scara_bringup': CMAKE_PREFIX_PATH=${CMAKE_PREFIX_PATH}:/home/rocioromero/robotica_2026-1/install/nodes_topics_py:/opt/ros/jazzy DEBUGINFOD_URLS=https://debuginfod.ubuntu.com /usr/bin/cmake --build /home/rocioromero/robotica_2026-1/build/scara_bringup -- -j16 -l16
[0.241s] Invoked command in '/home/rocioromero/robotica_2026-1/build/scara_bringup' returned '0': CMAKE_PREFIX_PATH=${CMAKE_PREFIX_PATH}:/home/rocioromero/robotica_2026-1/install/nodes_topics_py:/opt/ros/jazzy DEBUGINFOD_URLS=https://debuginfod.ubuntu.com /usr/bin/cmake --build /home/rocioromero/robotica_2026-1/build/scara_bringup -- -j16 -l16
[0.242s] Invoking command in '/home/rocioromero/robotica_2026-1/build/scara_bringup': CMAKE_PREFIX_PATH=${CMAKE_PREFIX_PATH}:/home/rocioromero/robotica_2026-1/install/nodes_topics_py:/opt/ros/jazzy DEBUGINFOD_URLS=https://debuginfod.ubuntu.com /usr/bin/cmake --install /home/rocioromero/robotica_2026-1/build/scara_bringup
[0.251s] -- Install configuration: ""
[0.251s] -- Up-to-date: /home/rocioromero/robotica_2026-1/install/scara_bringup/share/scara_bringup//launch
[0.251s] -- Up-to-date: /home/rocioromero/robotica_2026-1/install/scara_bringup/share/scara_bringup//launch/trajectory_controller_scara.launch.py
[0.251s] -- Up-to-date: /home/rocioromero/robotica_2026-1/install/scara_bringup/share/scara_bringup//launch/position_controller_scara.launch.py
[0.251s] -- Up-to-date: /home/rocioromero/robotica_2026-1/install/scara_bringup/share/scara_bringup//launch/simple_controller_scara.launch.py
[0.251s] -- Up-to-date: /home/rocioromero/robotica_2026-1/install/scara_bringup/share/scara_bringup//launch/roberto_pos_controller_scara.launch.py
[0.252s] -- Up-to-date: /home/rocioromero/robotica_2026-1/install/scara_bringup/share/scara_bringup//launch/tes2_trayectory_controller_scara.launch.py
[0.252s] -- Up-to-date: /home/rocioromero/robotica_2026-1/install/scara_bringup/share/scara_bringup//launch/gz2_scara.launch.py
[0.252s] -- Up-to-date: /home/rocioromero/robotica_2026-1/install/scara_bringup/share/scara_bringup//launch/test_trajectory_controller.launch.py
[0.252s] -- Up-to-date: /home/rocioromero/robotica_2026-1/install/scara_bringup/share/scara_bringup//rviz
[0.252s] -- Up-to-date: /home/rocioromero/robotica_2026-1/install/scara_bringup/share/scara_bringup//rviz/scara_trajectory_controller_rviz.rviz
[0.252s] -- Up-to-date: /home/rocioromero/robotica_2026-1/install/scara_bringup/share/scara_bringup//world
[0.252s] -- Up-to-date: /home/rocioromero/robotica_2026-1/install/scara_bringup/share/scara_bringup//world/test_2_world
[0.252s] -- Up-to-date: /home/rocioromero/robotica_2026-1/install/scara_bringup/share/scara_bringup//world/test_2_world/roberto
[0.252s] -- Up-to-date: /home/rocioromero/robotica_2026-1/install/scara_bringup/share/scara_bringup//world/test_2_world/roberto/model.sdf
[0.252s] -- Up-to-date: /home/rocioromero/robotica_2026-1/install/scara_bringup/share/scara_bringup//world/test_2_world/roberto/model.config
[0.252s] -- Up-to-date: /home/rocioromero/robotica_2026-1/install/scara_bringup/share/scara_bringup//world/test_world
[0.252s] -- Up-to-date: /home/rocioromero/robotica_2026-1/install/scara_bringup/share/scara_bringup//world/test_world/model.sdf
[0.253s] -- Up-to-date: /home/rocioromero/robotica_2026-1/install/scara_bringup/share/scara_bringup//world/test_world/model.config
[0.253s] -- Up-to-date: /home/rocioromero/robotica_2026-1/install/scara_bringup/share/scara_bringup//world/test_2_world.world
[0.253s] -- Up-to-date: /home/rocioromero/robotica_2026-1/install/scara_bringup/share/scara_bringup//world/test_w_1.world
[0.253s] -- Up-to-date: /home/rocioromero/robotica_2026-1/install/scara_bringup/share/scara_bringup//config
[0.253s] -- Up-to-date: /home/rocioromero/robotica_2026-1/install/scara_bringup/share/scara_bringup//config/gz_bridge.yaml
[0.253s] -- Up-to-date: /home/rocioromero/robotica_2026-1/install/scara_bringup/share/ament_index/resource_index/package_run_dependencies/scara_bringup
[0.253s] -- Up-to-date: /home/rocioromero/robotica_2026-1/install/scara_bringup/share/ament_index/resource_index/parent_prefix_path/scara_bringup
[0.253s] -- Up-to-date: /home/rocioromero/robotica_2026-1/install/scara_bringup/share/scara_bringup/environment/ament_prefix_path.sh
[0.253s] -- Up-to-date: /home/rocioromero/robotica_2026-1/install/scara_bringup/share/scara_bringup/environment/ament_prefix_path.dsv
[0.253s] -- Up-to-date: /home/rocioromero/robotica_2026-1/install/scara_bringup/share/scara_bringup/environment/path.sh
[0.253s] -- Up-to-date: /home/rocioromero/robotica_2026-1/install/scara_bringup/share/scara_bringup/environment/path.dsv
[0.254s] -- Up-to-date: /home/rocioromero/robotica_2026-1/install/scara_bringup/share/scara_bringup/local_setup.bash
[0.254s] -- Up-to-date: /home/rocioromero/robotica_2026-1/install/scara_bringup/share/scara_bringup/local_setup.sh
[0.254s] -- Up-to-date: /home/rocioromero/robotica_2026-1/install/scara_bringup/share/scara_bringup/local_setup.zsh
[0.254s] -- Up-to-date: /home/rocioromero/robotica_2026-1/install/scara_bringup/share/scara_bringup/local_setup.dsv
[0.254s] -- Installing: /home/rocioromero/robotica_2026-1/install/scara_bringup/share/scara_bringup/package.dsv
[0.254s] -- Up-to-date: /home/rocioromero/robotica_2026-1/install/scara_bringup/share/ament_index/resource_index/packages/scara_bringup
[0.254s] -- Up-to-date: /home/rocioromero/robotica_2026-1/install/scara_bringup/share/scara_bringup/cmake/scara_bringupConfig.cmake
[0.254s] -- Up-to-date: /home/rocioromero/robotica_2026-1/install/scara_bringup/share/scara_bringup/cmake/scara_bringupConfig-version.cmake
[0.254s] -- Up-to-date: /home/rocioromero/robotica_2026-1/install/scara_bringup/share/scara_bringup/package.xml
[0.256s] Invoked command in '/home/rocioromero/robotica_2026-1/build/scara_bringup' returned '0': CMAKE_PREFIX_PATH=${CMAKE_PREFIX_PATH}:/home/rocioromero/robotica_2026-1/install/nodes_topics_py:/opt/ros/jazzy DEBUGINFOD_URLS=https://debuginfod.ubuntu.com /usr/bin/cmake --install /home/rocioromero/robotica_2026-1/build/scara_bringup
