[0.148s] Invoking command in '/home/rocioromero/robotica_2026-1/build/scara_bringup': DEBUGINFOD_URLS=https://debuginfod.ubuntu.com /usr/bin/cmake /home/rocioromero/robotica_2026-1/scara_pckgs/scara_bringup -DCMAKE_INSTALL_PREFIX=/home/rocioromero/robotica_2026-1/install/scara_bringup
[0.194s] -- The C compiler identification is GNU 13.3.0
[0.246s] -- The CXX compiler identification is GNU 13.3.0
[0.261s] -- Detecting C compiler ABI info
[0.340s] -- Detecting C compiler ABI info - done
[0.348s] -- Check for working C compiler: /usr/bin/cc - skipped
[0.348s] -- Detecting C compile features
[0.349s] -- Detecting C compile features - done
[0.356s] -- Detecting CXX compiler ABI info
[0.449s] -- Detecting CXX compiler ABI info - done
[0.458s] -- Check for working CXX compiler: /usr/bin/c++ - skipped
[0.458s] -- Detecting CXX compile features
[0.458s] -- Detecting CXX compile features - done
[0.470s] [31mCMake Error at CMakeLists.txt:9 (find_package):
[0.470s]   By not providing "Findament_cmake.cmake" in CMAKE_MODULE_PATH this project
[0.470s]   has asked CMake to find a package configuration file provided by
[0.470s]   "ament_cmake", but CMake did not find one.
[0.470s] 
[0.470s]   Could not find a package configuration file provided by "ament_cmake" with
[0.470s]   any of the following names:
[0.470s] 
[0.470s]     ament_cmakeConfig.cmake
[0.471s]     ament_cmake-config.cmake
[0.471s] 
[0.471s]   Add the installation prefix of "ament_cmake" to CMAKE_PREFIX_PATH or set
[0.471s]   "ament_cmake_DIR" to a directory containing one of the above files.  If
[0.471s]   "ament_cmake" provides a separate development package or SDK, be sure it
[0.471s]   has been installed.
[0.471s] 
[0.471s] [0m
[0.471s] -- Configuring incomplete, errors occurred!
[0.474s] Invoked command in '/home/rocioromero/robotica_2026-1/build/scara_bringup' returned '1': DEBUGINFOD_URLS=https://debuginfod.ubuntu.com /usr/bin/cmake /home/rocioromero/robotica_2026-1/scara_pckgs/scara_bringup -DCMAKE_INSTALL_PREFIX=/home/rocioromero/robotica_2026-1/install/scara_bringup
