[0.095s] DEBUG:colcon:Command line arguments: ['/usr/bin/colcon', 'build']
[0.095s] DEBUG:colcon:Parsed command line arguments: Namespace(log_base=None, log_level=None, verb_name='build', build_base='build', install_base='install', merge_install=False, symlink_install=False, test_result_base=None, continue_on_error=False, executor='parallel', parallel_workers=16, event_handlers=None, ignore_user_meta=False, metas=['./colcon.meta'], base_paths=['.'], packages_ignore=None, packages_ignore_regex=None, paths=None, packages_up_to=None, packages_up_to_regex=None, packages_above=None, packages_above_and_dependencies=None, packages_above_depth=None, packages_select_by_dep=None, packages_skip_by_dep=None, packages_skip_up_to=None, packages_select_build_failed=False, packages_skip_build_finished=False, packages_select_test_failures=False, packages_skip_test_passed=False, packages_select=None, packages_skip=None, packages_select_regex=None, packages_skip_regex=None, packages_start=None, packages_end=None, allow_overriding=[], cmake_args=None, cmake_target=None, cmake_target_skip_unavailable=False, cmake_clean_cache=False, cmake_clean_first=False, cmake_force_configure=False, ament_cmake_args=None, catkin_cmake_args=None, catkin_skip_building_tests=False, mixin_files=None, mixin=None, verb_parser=<colcon_mixin.mixin.mixin_argument.MixinArgumentDecorator object at 0x71f1b6cb02f0>, verb_extension=<colcon_core.verb.build.BuildVerb object at 0x71f1b6c8bbc0>, main=<bound method BuildVerb.main of <colcon_core.verb.build.BuildVerb object at 0x71f1b6c8bbc0>>, mixin_verb=('build',))
[0.128s] Level 1:colcon.colcon_core.package_discovery:discover_packages(colcon_meta) check parameters
[0.128s] Level 1:colcon.colcon_core.package_discovery:discover_packages(recursive) check parameters
[0.128s] Level 1:colcon.colcon_core.package_discovery:discover_packages(ignore) check parameters
[0.128s] Level 1:colcon.colcon_core.package_discovery:discover_packages(path) check parameters
[0.128s] Level 1:colcon.colcon_core.package_discovery:discover_packages(colcon_meta) discover
[0.128s] Level 1:colcon.colcon_core.package_discovery:discover_packages(recursive) discover
[0.128s] INFO:colcon.colcon_core.package_discovery:Crawling recursively for packages in '/home/rocioromero/robotica_2026-1'
[0.128s] Level 1:colcon.colcon_core.package_identification:_identify(.) by extensions ['ignore', 'ignore_ament_install']
[0.128s] Level 1:colcon.colcon_core.package_identification:_identify(.) by extension 'ignore'
[0.128s] Level 1:colcon.colcon_core.package_identification:_identify(.) by extension 'ignore_ament_install'
[0.128s] Level 1:colcon.colcon_core.package_identification:_identify(.) by extensions ['colcon_pkg']
[0.128s] Level 1:colcon.colcon_core.package_identification:_identify(.) by extension 'colcon_pkg'
[0.128s] Level 1:colcon.colcon_core.package_identification:_identify(.) by extensions ['colcon_meta']
[0.128s] Level 1:colcon.colcon_core.package_identification:_identify(.) by extension 'colcon_meta'
[0.128s] Level 1:colcon.colcon_core.package_identification:_identify(.) by extensions ['ros']
[0.128s] Level 1:colcon.colcon_core.package_identification:_identify(.) by extension 'ros'
[0.149s] Level 1:colcon.colcon_core.package_identification:_identify(.) by extensions ['cmake', 'python']
[0.149s] Level 1:colcon.colcon_core.package_identification:_identify(.) by extension 'cmake'
[0.149s] Level 1:colcon.colcon_core.package_identification:_identify(.) by extension 'python'
[0.149s] Level 1:colcon.colcon_core.package_identification:_identify(.) by extensions ['python_setup_py']
[0.149s] Level 1:colcon.colcon_core.package_identification:_identify(.) by extension 'python_setup_py'
[0.149s] Level 1:colcon.colcon_core.package_identification:_identify(Matlab) by extensions ['ignore', 'ignore_ament_install']
[0.149s] Level 1:colcon.colcon_core.package_identification:_identify(Matlab) by extension 'ignore'
[0.149s] Level 1:colcon.colcon_core.package_identification:_identify(Matlab) by extension 'ignore_ament_install'
[0.149s] Level 1:colcon.colcon_core.package_identification:_identify(Matlab) by extensions ['colcon_pkg']
[0.149s] Level 1:colcon.colcon_core.package_identification:_identify(Matlab) by extension 'colcon_pkg'
[0.149s] Level 1:colcon.colcon_core.package_identification:_identify(Matlab) by extensions ['colcon_meta']
[0.149s] Level 1:colcon.colcon_core.package_identification:_identify(Matlab) by extension 'colcon_meta'
[0.150s] Level 1:colcon.colcon_core.package_identification:_identify(Matlab) by extensions ['ros']
[0.150s] Level 1:colcon.colcon_core.package_identification:_identify(Matlab) by extension 'ros'
[0.150s] Level 1:colcon.colcon_core.package_identification:_identify(Matlab) by extensions ['cmake', 'python']
[0.150s] Level 1:colcon.colcon_core.package_identification:_identify(Matlab) by extension 'cmake'
[0.150s] Level 1:colcon.colcon_core.package_identification:_identify(Matlab) by extension 'python'
[0.150s] Level 1:colcon.colcon_core.package_identification:_identify(Matlab) by extensions ['python_setup_py']
[0.150s] Level 1:colcon.colcon_core.package_identification:_identify(Matlab) by extension 'python_setup_py'
[0.150s] Level 1:colcon.colcon_core.package_identification:_identify(build) by extensions ['ignore', 'ignore_ament_install']
[0.150s] Level 1:colcon.colcon_core.package_identification:_identify(build) by extension 'ignore'
[0.150s] Level 1:colcon.colcon_core.package_identification:_identify(build) ignored
[0.150s] Level 1:colcon.colcon_core.package_identification:_identify(doc) by extensions ['ignore', 'ignore_ament_install']
[0.150s] Level 1:colcon.colcon_core.package_identification:_identify(doc) by extension 'ignore'
[0.150s] Level 1:colcon.colcon_core.package_identification:_identify(doc) by extension 'ignore_ament_install'
[0.150s] Level 1:colcon.colcon_core.package_identification:_identify(doc) by extensions ['colcon_pkg']
[0.150s] Level 1:colcon.colcon_core.package_identification:_identify(doc) by extension 'colcon_pkg'
[0.150s] Level 1:colcon.colcon_core.package_identification:_identify(doc) by extensions ['colcon_meta']
[0.150s] Level 1:colcon.colcon_core.package_identification:_identify(doc) by extension 'colcon_meta'
[0.150s] Level 1:colcon.colcon_core.package_identification:_identify(doc) by extensions ['ros']
[0.150s] Level 1:colcon.colcon_core.package_identification:_identify(doc) by extension 'ros'
[0.150s] Level 1:colcon.colcon_core.package_identification:_identify(doc) by extensions ['cmake', 'python']
[0.150s] Level 1:colcon.colcon_core.package_identification:_identify(doc) by extension 'cmake'
[0.151s] Level 1:colcon.colcon_core.package_identification:_identify(doc) by extension 'python'
[0.151s] Level 1:colcon.colcon_core.package_identification:_identify(doc) by extensions ['python_setup_py']
[0.151s] Level 1:colcon.colcon_core.package_identification:_identify(doc) by extension 'python_setup_py'
[0.151s] Level 1:colcon.colcon_core.package_identification:_identify(doc/imagenes) by extensions ['ignore', 'ignore_ament_install']
[0.151s] Level 1:colcon.colcon_core.package_identification:_identify(doc/imagenes) by extension 'ignore'
[0.151s] Level 1:colcon.colcon_core.package_identification:_identify(doc/imagenes) by extension 'ignore_ament_install'
[0.151s] Level 1:colcon.colcon_core.package_identification:_identify(doc/imagenes) by extensions ['colcon_pkg']
[0.151s] Level 1:colcon.colcon_core.package_identification:_identify(doc/imagenes) by extension 'colcon_pkg'
[0.151s] Level 1:colcon.colcon_core.package_identification:_identify(doc/imagenes) by extensions ['colcon_meta']
[0.151s] Level 1:colcon.colcon_core.package_identification:_identify(doc/imagenes) by extension 'colcon_meta'
[0.151s] Level 1:colcon.colcon_core.package_identification:_identify(doc/imagenes) by extensions ['ros']
[0.151s] Level 1:colcon.colcon_core.package_identification:_identify(doc/imagenes) by extension 'ros'
[0.151s] Level 1:colcon.colcon_core.package_identification:_identify(doc/imagenes) by extensions ['cmake', 'python']
[0.151s] Level 1:colcon.colcon_core.package_identification:_identify(doc/imagenes) by extension 'cmake'
[0.151s] Level 1:colcon.colcon_core.package_identification:_identify(doc/imagenes) by extension 'python'
[0.151s] Level 1:colcon.colcon_core.package_identification:_identify(doc/imagenes) by extensions ['python_setup_py']
[0.151s] Level 1:colcon.colcon_core.package_identification:_identify(doc/imagenes) by extension 'python_setup_py'
[0.151s] Level 1:colcon.colcon_core.package_identification:_identify(install) by extensions ['ignore', 'ignore_ament_install']
[0.151s] Level 1:colcon.colcon_core.package_identification:_identify(install) by extension 'ignore'
[0.151s] Level 1:colcon.colcon_core.package_identification:_identify(install) ignored
[0.152s] Level 1:colcon.colcon_core.package_identification:_identify(log) by extensions ['ignore', 'ignore_ament_install']
[0.152s] Level 1:colcon.colcon_core.package_identification:_identify(log) by extension 'ignore'
[0.152s] Level 1:colcon.colcon_core.package_identification:_identify(log) ignored
[0.152s] Level 1:colcon.colcon_core.package_identification:_identify(movil_robot) by extensions ['ignore', 'ignore_ament_install']
[0.152s] Level 1:colcon.colcon_core.package_identification:_identify(movil_robot) by extension 'ignore'
[0.152s] Level 1:colcon.colcon_core.package_identification:_identify(movil_robot) by extension 'ignore_ament_install'
[0.152s] Level 1:colcon.colcon_core.package_identification:_identify(movil_robot) by extensions ['colcon_pkg']
[0.152s] Level 1:colcon.colcon_core.package_identification:_identify(movil_robot) by extension 'colcon_pkg'
[0.152s] Level 1:colcon.colcon_core.package_identification:_identify(movil_robot) by extensions ['colcon_meta']
[0.152s] Level 1:colcon.colcon_core.package_identification:_identify(movil_robot) by extension 'colcon_meta'
[0.152s] Level 1:colcon.colcon_core.package_identification:_identify(movil_robot) by extensions ['ros']
[0.152s] Level 1:colcon.colcon_core.package_identification:_identify(movil_robot) by extension 'ros'
[0.152s] Level 1:colcon.colcon_core.package_identification:_identify(movil_robot) by extensions ['cmake', 'python']
[0.152s] Level 1:colcon.colcon_core.package_identification:_identify(movil_robot) by extension 'cmake'
[0.152s] Level 1:colcon.colcon_core.package_identification:_identify(movil_robot) by extension 'python'
[0.152s] Level 1:colcon.colcon_core.package_identification:_identify(movil_robot) by extensions ['python_setup_py']
[0.152s] Level 1:colcon.colcon_core.package_identification:_identify(movil_robot) by extension 'python_setup_py'
[0.152s] Level 1:colcon.colcon_core.package_identification:_identify(movil_robot/my_robot_bringup) by extensions ['ignore', 'ignore_ament_install']
[0.152s] Level 1:colcon.colcon_core.package_identification:_identify(movil_robot/my_robot_bringup) by extension 'ignore'
[0.152s] Level 1:colcon.colcon_core.package_identification:_identify(movil_robot/my_robot_bringup) by extension 'ignore_ament_install'
[0.152s] Level 1:colcon.colcon_core.package_identification:_identify(movil_robot/my_robot_bringup) by extensions ['colcon_pkg']
[0.153s] Level 1:colcon.colcon_core.package_identification:_identify(movil_robot/my_robot_bringup) by extension 'colcon_pkg'
[0.153s] Level 1:colcon.colcon_core.package_identification:_identify(movil_robot/my_robot_bringup) by extensions ['colcon_meta']
[0.153s] Level 1:colcon.colcon_core.package_identification:_identify(movil_robot/my_robot_bringup) by extension 'colcon_meta'
[0.153s] Level 1:colcon.colcon_core.package_identification:_identify(movil_robot/my_robot_bringup) by extensions ['ros']
[0.153s] Level 1:colcon.colcon_core.package_identification:_identify(movil_robot/my_robot_bringup) by extension 'ros'
[0.154s] DEBUG:colcon.colcon_core.package_identification:Package 'movil_robot/my_robot_bringup' with type 'ros.ament_cmake' and name 'my_robot_bringup'
[0.155s] Level 1:colcon.colcon_core.package_identification:_identify(movil_robot/my_robot_description) by extensions ['ignore', 'ignore_ament_install']
[0.155s] Level 1:colcon.colcon_core.package_identification:_identify(movil_robot/my_robot_description) by extension 'ignore'
[0.155s] Level 1:colcon.colcon_core.package_identification:_identify(movil_robot/my_robot_description) by extension 'ignore_ament_install'
[0.155s] Level 1:colcon.colcon_core.package_identification:_identify(movil_robot/my_robot_description) by extensions ['colcon_pkg']
[0.155s] Level 1:colcon.colcon_core.package_identification:_identify(movil_robot/my_robot_description) by extension 'colcon_pkg'
[0.155s] Level 1:colcon.colcon_core.package_identification:_identify(movil_robot/my_robot_description) by extensions ['colcon_meta']
[0.155s] Level 1:colcon.colcon_core.package_identification:_identify(movil_robot/my_robot_description) by extension 'colcon_meta'
[0.155s] Level 1:colcon.colcon_core.package_identification:_identify(movil_robot/my_robot_description) by extensions ['ros']
[0.155s] Level 1:colcon.colcon_core.package_identification:_identify(movil_robot/my_robot_description) by extension 'ros'
[0.155s] DEBUG:colcon.colcon_core.package_identification:Package 'movil_robot/my_robot_description' with type 'ros.ament_cmake' and name 'my_robot_description'
[0.155s] Level 1:colcon.colcon_core.package_identification:_identify(nodes_topics_py) by extensions ['ignore', 'ignore_ament_install']
[0.155s] Level 1:colcon.colcon_core.package_identification:_identify(nodes_topics_py) by extension 'ignore'
[0.155s] Level 1:colcon.colcon_core.package_identification:_identify(nodes_topics_py) by extension 'ignore_ament_install'
[0.155s] Level 1:colcon.colcon_core.package_identification:_identify(nodes_topics_py) by extensions ['colcon_pkg']
[0.156s] Level 1:colcon.colcon_core.package_identification:_identify(nodes_topics_py) by extension 'colcon_pkg'
[0.156s] Level 1:colcon.colcon_core.package_identification:_identify(nodes_topics_py) by extensions ['colcon_meta']
[0.156s] Level 1:colcon.colcon_core.package_identification:_identify(nodes_topics_py) by extension 'colcon_meta'
[0.156s] Level 1:colcon.colcon_core.package_identification:_identify(nodes_topics_py) by extensions ['ros']
[0.156s] Level 1:colcon.colcon_core.package_identification:_identify(nodes_topics_py) by extension 'ros'
[0.156s] DEBUG:colcon.colcon_core.package_identification:Package 'nodes_topics_py' with type 'ros.ament_python' and name 'nodes_topics_py'
[0.156s] Level 1:colcon.colcon_core.package_identification:_identify(practicas) by extensions ['ignore', 'ignore_ament_install']
[0.156s] Level 1:colcon.colcon_core.package_identification:_identify(practicas) by extension 'ignore'
[0.156s] Level 1:colcon.colcon_core.package_identification:_identify(practicas) by extension 'ignore_ament_install'
[0.156s] Level 1:colcon.colcon_core.package_identification:_identify(practicas) by extensions ['colcon_pkg']
[0.156s] Level 1:colcon.colcon_core.package_identification:_identify(practicas) by extension 'colcon_pkg'
[0.156s] Level 1:colcon.colcon_core.package_identification:_identify(practicas) by extensions ['colcon_meta']
[0.156s] Level 1:colcon.colcon_core.package_identification:_identify(practicas) by extension 'colcon_meta'
[0.156s] Level 1:colcon.colcon_core.package_identification:_identify(practicas) by extensions ['ros']
[0.156s] Level 1:colcon.colcon_core.package_identification:_identify(practicas) by extension 'ros'
[0.157s] Level 1:colcon.colcon_core.package_identification:_identify(practicas) by extensions ['cmake', 'python']
[0.157s] Level 1:colcon.colcon_core.package_identification:_identify(practicas) by extension 'cmake'
[0.157s] Level 1:colcon.colcon_core.package_identification:_identify(practicas) by extension 'python'
[0.157s] Level 1:colcon.colcon_core.package_identification:_identify(practicas) by extensions ['python_setup_py']
[0.157s] Level 1:colcon.colcon_core.package_identification:_identify(practicas) by extension 'python_setup_py'
[0.157s] Level 1:colcon.colcon_core.package_identification:_identify(practicas/imagen) by extensions ['ignore', 'ignore_ament_install']
[0.157s] Level 1:colcon.colcon_core.package_identification:_identify(practicas/imagen) by extension 'ignore'
[0.157s] Level 1:colcon.colcon_core.package_identification:_identify(practicas/imagen) by extension 'ignore_ament_install'
[0.157s] Level 1:colcon.colcon_core.package_identification:_identify(practicas/imagen) by extensions ['colcon_pkg']
[0.157s] Level 1:colcon.colcon_core.package_identification:_identify(practicas/imagen) by extension 'colcon_pkg'
[0.157s] Level 1:colcon.colcon_core.package_identification:_identify(practicas/imagen) by extensions ['colcon_meta']
[0.157s] Level 1:colcon.colcon_core.package_identification:_identify(practicas/imagen) by extension 'colcon_meta'
[0.157s] Level 1:colcon.colcon_core.package_identification:_identify(practicas/imagen) by extensions ['ros']
[0.157s] Level 1:colcon.colcon_core.package_identification:_identify(practicas/imagen) by extension 'ros'
[0.157s] Level 1:colcon.colcon_core.package_identification:_identify(practicas/imagen) by extensions ['cmake', 'python']
[0.157s] Level 1:colcon.colcon_core.package_identification:_identify(practicas/imagen) by extension 'cmake'
[0.157s] Level 1:colcon.colcon_core.package_identification:_identify(practicas/imagen) by extension 'python'
[0.157s] Level 1:colcon.colcon_core.package_identification:_identify(practicas/imagen) by extensions ['python_setup_py']
[0.157s] Level 1:colcon.colcon_core.package_identification:_identify(practicas/imagen) by extension 'python_setup_py'
[0.157s] Level 1:colcon.colcon_core.package_identification:_identify(scara_pckgs) by extensions ['ignore', 'ignore_ament_install']
[0.157s] Level 1:colcon.colcon_core.package_identification:_identify(scara_pckgs) by extension 'ignore'
[0.157s] Level 1:colcon.colcon_core.package_identification:_identify(scara_pckgs) by extension 'ignore_ament_install'
[0.158s] Level 1:colcon.colcon_core.package_identification:_identify(scara_pckgs) by extensions ['colcon_pkg']
[0.158s] Level 1:colcon.colcon_core.package_identification:_identify(scara_pckgs) by extension 'colcon_pkg'
[0.158s] Level 1:colcon.colcon_core.package_identification:_identify(scara_pckgs) by extensions ['colcon_meta']
[0.158s] Level 1:colcon.colcon_core.package_identification:_identify(scara_pckgs) by extension 'colcon_meta'
[0.158s] Level 1:colcon.colcon_core.package_identification:_identify(scara_pckgs) by extensions ['ros']
[0.158s] Level 1:colcon.colcon_core.package_identification:_identify(scara_pckgs) by extension 'ros'
[0.158s] Level 1:colcon.colcon_core.package_identification:_identify(scara_pckgs) by extensions ['cmake', 'python']
[0.158s] Level 1:colcon.colcon_core.package_identification:_identify(scara_pckgs) by extension 'cmake'
[0.158s] Level 1:colcon.colcon_core.package_identification:_identify(scara_pckgs) by extension 'python'
[0.158s] Level 1:colcon.colcon_core.package_identification:_identify(scara_pckgs) by extensions ['python_setup_py']
[0.158s] Level 1:colcon.colcon_core.package_identification:_identify(scara_pckgs) by extension 'python_setup_py'
[0.158s] Level 1:colcon.colcon_core.package_identification:_identify(scara_pckgs/scara_bringup) by extensions ['ignore', 'ignore_ament_install']
[0.158s] Level 1:colcon.colcon_core.package_identification:_identify(scara_pckgs/scara_bringup) by extension 'ignore'
[0.158s] Level 1:colcon.colcon_core.package_identification:_identify(scara_pckgs/scara_bringup) by extension 'ignore_ament_install'
[0.158s] Level 1:colcon.colcon_core.package_identification:_identify(scara_pckgs/scara_bringup) by extensions ['colcon_pkg']
[0.158s] Level 1:colcon.colcon_core.package_identification:_identify(scara_pckgs/scara_bringup) by extension 'colcon_pkg'
[0.158s] Level 1:colcon.colcon_core.package_identification:_identify(scara_pckgs/scara_bringup) by extensions ['colcon_meta']
[0.158s] Level 1:colcon.colcon_core.package_identification:_identify(scara_pckgs/scara_bringup) by extension 'colcon_meta'
[0.158s] Level 1:colcon.colcon_core.package_identification:_identify(scara_pckgs/scara_bringup) by extensions ['ros']
[0.158s] Level 1:colcon.colcon_core.package_identification:_identify(scara_pckgs/scara_bringup) by extension 'ros'
[0.159s] DEBUG:colcon.colcon_core.package_identification:Package 'scara_pckgs/scara_bringup' with type 'ros.ament_cmake' and name 'scara_bringup'
[0.159s] Level 1:colcon.colcon_core.package_identification:_identify(scara_pckgs/scara_description) by extensions ['ignore', 'ignore_ament_install']
[0.159s] Level 1:colcon.colcon_core.package_identification:_identify(scara_pckgs/scara_description) by extension 'ignore'
[0.159s] Level 1:colcon.colcon_core.package_identification:_identify(scara_pckgs/scara_description) by extension 'ignore_ament_install'
[0.159s] Level 1:colcon.colcon_core.package_identification:_identify(scara_pckgs/scara_description) by extensions ['colcon_pkg']
[0.159s] Level 1:colcon.colcon_core.package_identification:_identify(scara_pckgs/scara_description) by extension 'colcon_pkg'
[0.159s] Level 1:colcon.colcon_core.package_identification:_identify(scara_pckgs/scara_description) by extensions ['colcon_meta']
[0.159s] Level 1:colcon.colcon_core.package_identification:_identify(scara_pckgs/scara_description) by extension 'colcon_meta'
[0.159s] Level 1:colcon.colcon_core.package_identification:_identify(scara_pckgs/scara_description) by extensions ['ros']
[0.159s] Level 1:colcon.colcon_core.package_identification:_identify(scara_pckgs/scara_description) by extension 'ros'
[0.160s] DEBUG:colcon.colcon_core.package_identification:Package 'scara_pckgs/scara_description' with type 'ros.ament_cmake' and name 'scara_description'
[0.160s] Level 1:colcon.colcon_core.package_identification:_identify(src) by extensions ['ignore', 'ignore_ament_install']
[0.160s] Level 1:colcon.colcon_core.package_identification:_identify(src) by extension 'ignore'
[0.160s] Level 1:colcon.colcon_core.package_identification:_identify(src) by extension 'ignore_ament_install'
[0.160s] Level 1:colcon.colcon_core.package_identification:_identify(src) by extensions ['colcon_pkg']
[0.160s] Level 1:colcon.colcon_core.package_identification:_identify(src) by extension 'colcon_pkg'
[0.160s] Level 1:colcon.colcon_core.package_identification:_identify(src) by extensions ['colcon_meta']
[0.160s] Level 1:colcon.colcon_core.package_identification:_identify(src) by extension 'colcon_meta'
[0.160s] Level 1:colcon.colcon_core.package_identification:_identify(src) by extensions ['ros']
[0.160s] Level 1:colcon.colcon_core.package_identification:_identify(src) by extension 'ros'
[0.160s] Level 1:colcon.colcon_core.package_identification:_identify(src) by extensions ['cmake', 'python']
[0.160s] Level 1:colcon.colcon_core.package_identification:_identify(src) by extension 'cmake'
[0.160s] Level 1:colcon.colcon_core.package_identification:_identify(src) by extension 'python'
[0.160s] Level 1:colcon.colcon_core.package_identification:_identify(src) by extensions ['python_setup_py']
[0.160s] Level 1:colcon.colcon_core.package_identification:_identify(src) by extension 'python_setup_py'
[0.160s] Level 1:colcon.colcon_core.package_identification:_identify(src/scara_description) by extensions ['ignore', 'ignore_ament_install']
[0.160s] Level 1:colcon.colcon_core.package_identification:_identify(src/scara_description) by extension 'ignore'
[0.160s] Level 1:colcon.colcon_core.package_identification:_identify(src/scara_description) by extension 'ignore_ament_install'
[0.161s] Level 1:colcon.colcon_core.package_identification:_identify(src/scara_description) by extensions ['colcon_pkg']
[0.161s] Level 1:colcon.colcon_core.package_identification:_identify(src/scara_description) by extension 'colcon_pkg'
[0.161s] Level 1:colcon.colcon_core.package_identification:_identify(src/scara_description) by extensions ['colcon_meta']
[0.161s] Level 1:colcon.colcon_core.package_identification:_identify(src/scara_description) by extension 'colcon_meta'
[0.161s] Level 1:colcon.colcon_core.package_identification:_identify(src/scara_description) by extensions ['ros']
[0.161s] Level 1:colcon.colcon_core.package_identification:_identify(src/scara_description) by extension 'ros'
[0.161s] Level 1:colcon.colcon_core.package_identification:_identify(src/scara_description) by extensions ['cmake', 'python']
[0.161s] Level 1:colcon.colcon_core.package_identification:_identify(src/scara_description) by extension 'cmake'
[0.161s] Level 1:colcon.colcon_core.package_identification:_identify(src/scara_description) by extension 'python'
[0.161s] Level 1:colcon.colcon_core.package_identification:_identify(src/scara_description) by extensions ['python_setup_py']
[0.161s] Level 1:colcon.colcon_core.package_identification:_identify(src/scara_description) by extension 'python_setup_py'
[0.161s] Level 1:colcon.colcon_core.package_identification:_identify(src/scara_description/worlds) by extensions ['ignore', 'ignore_ament_install']
[0.161s] Level 1:colcon.colcon_core.package_identification:_identify(src/scara_description/worlds) by extension 'ignore'
[0.161s] Level 1:colcon.colcon_core.package_identification:_identify(src/scara_description/worlds) by extension 'ignore_ament_install'
[0.161s] Level 1:colcon.colcon_core.package_identification:_identify(src/scara_description/worlds) by extensions ['colcon_pkg']
[0.161s] Level 1:colcon.colcon_core.package_identification:_identify(src/scara_description/worlds) by extension 'colcon_pkg'
[0.161s] Level 1:colcon.colcon_core.package_identification:_identify(src/scara_description/worlds) by extensions ['colcon_meta']
[0.161s] Level 1:colcon.colcon_core.package_identification:_identify(src/scara_description/worlds) by extension 'colcon_meta'
[0.161s] Level 1:colcon.colcon_core.package_identification:_identify(src/scara_description/worlds) by extensions ['ros']
[0.161s] Level 1:colcon.colcon_core.package_identification:_identify(src/scara_description/worlds) by extension 'ros'
[0.161s] Level 1:colcon.colcon_core.package_identification:_identify(src/scara_description/worlds) by extensions ['cmake', 'python']
[0.161s] Level 1:colcon.colcon_core.package_identification:_identify(src/scara_description/worlds) by extension 'cmake'
[0.161s] Level 1:colcon.colcon_core.package_identification:_identify(src/scara_description/worlds) by extension 'python'
[0.161s] Level 1:colcon.colcon_core.package_identification:_identify(src/scara_description/worlds) by extensions ['python_setup_py']
[0.161s] Level 1:colcon.colcon_core.package_identification:_identify(src/scara_description/worlds) by extension 'python_setup_py'
[0.162s] Level 1:colcon.colcon_core.package_discovery:discover_packages(recursive) using defaults
[0.162s] Level 1:colcon.colcon_core.package_discovery:discover_packages(ignore) discover
[0.162s] Level 1:colcon.colcon_core.package_discovery:discover_packages(ignore) using defaults
[0.162s] Level 1:colcon.colcon_core.package_discovery:discover_packages(path) discover
[0.162s] Level 1:colcon.colcon_core.package_discovery:discover_packages(path) using defaults
[0.176s] Level 1:colcon.colcon_core.package_discovery:discover_packages(prefix_path) check parameters
[0.176s] Level 1:colcon.colcon_core.package_discovery:discover_packages(prefix_path) discover
[0.178s] DEBUG:colcon.colcon_installed_package_information.package_discovery:Found 5 installed packages in /home/rocioromero/robotica_2026-1/install
[0.178s] DEBUG:colcon.colcon_installed_package_information.package_discovery:Found 0 installed packages in /home/rocioromero/robotica_2026-1/scara_pckgs/scara_description/urdf/install
[0.180s] DEBUG:colcon.colcon_installed_package_information.package_discovery:Found 390 installed packages in /opt/ros/jazzy
[0.181s] Level 1:colcon.colcon_core.package_discovery:discover_packages(prefix_path) using defaults
[0.225s] Level 5:colcon.colcon_core.verb:set package 'my_robot_bringup' build argument 'cmake_args' from command line to 'None'
[0.225s] Level 5:colcon.colcon_core.verb:set package 'my_robot_bringup' build argument 'cmake_target' from command line to 'None'
[0.225s] Level 5:colcon.colcon_core.verb:set package 'my_robot_bringup' build argument 'cmake_target_skip_unavailable' from command line to 'False'
[0.225s] Level 5:colcon.colcon_core.verb:set package 'my_robot_bringup' build argument 'cmake_clean_cache' from command line to 'False'
[0.225s] Level 5:colcon.colcon_core.verb:set package 'my_robot_bringup' build argument 'cmake_clean_first' from command line to 'False'
[0.225s] Level 5:colcon.colcon_core.verb:set package 'my_robot_bringup' build argument 'cmake_force_configure' from command line to 'False'
[0.225s] Level 5:colcon.colcon_core.verb:set package 'my_robot_bringup' build argument 'ament_cmake_args' from command line to 'None'
[0.225s] Level 5:colcon.colcon_core.verb:set package 'my_robot_bringup' build argument 'catkin_cmake_args' from command line to 'None'
[0.225s] Level 5:colcon.colcon_core.verb:set package 'my_robot_bringup' build argument 'catkin_skip_building_tests' from command line to 'False'
[0.225s] DEBUG:colcon.colcon_core.verb:Building package 'my_robot_bringup' with the following arguments: {'ament_cmake_args': None, 'build_base': '/home/rocioromero/robotica_2026-1/build/my_robot_bringup', 'catkin_cmake_args': None, 'catkin_skip_building_tests': False, 'cmake_args': None, 'cmake_clean_cache': False, 'cmake_clean_first': False, 'cmake_force_configure': False, 'cmake_target': None, 'cmake_target_skip_unavailable': False, 'install_base': '/home/rocioromero/robotica_2026-1/install/my_robot_bringup', 'merge_install': False, 'path': '/home/rocioromero/robotica_2026-1/movil_robot/my_robot_bringup', 'symlink_install': False, 'test_result_base': None}
[0.225s] Level 5:colcon.colcon_core.verb:set package 'my_robot_description' build argument 'cmake_args' from command line to 'None'
[0.225s] Level 5:colcon.colcon_core.verb:set package 'my_robot_description' build argument 'cmake_target' from command line to 'None'
[0.225s] Level 5:colcon.colcon_core.verb:set package 'my_robot_description' build argument 'cmake_target_skip_unavailable' from command line to 'False'
[0.226s] Level 5:colcon.colcon_core.verb:set package 'my_robot_description' build argument 'cmake_clean_cache' from command line to 'False'
[0.226s] Level 5:colcon.colcon_core.verb:set package 'my_robot_description' build argument 'cmake_clean_first' from command line to 'False'
[0.226s] Level 5:colcon.colcon_core.verb:set package 'my_robot_description' build argument 'cmake_force_configure' from command line to 'False'
[0.226s] Level 5:colcon.colcon_core.verb:set package 'my_robot_description' build argument 'ament_cmake_args' from command line to 'None'
[0.226s] Level 5:colcon.colcon_core.verb:set package 'my_robot_description' build argument 'catkin_cmake_args' from command line to 'None'
[0.226s] Level 5:colcon.colcon_core.verb:set package 'my_robot_description' build argument 'catkin_skip_building_tests' from command line to 'False'
[0.226s] DEBUG:colcon.colcon_core.verb:Building package 'my_robot_description' with the following arguments: {'ament_cmake_args': None, 'build_base': '/home/rocioromero/robotica_2026-1/build/my_robot_description', 'catkin_cmake_args': None, 'catkin_skip_building_tests': False, 'cmake_args': None, 'cmake_clean_cache': False, 'cmake_clean_first': False, 'cmake_force_configure': False, 'cmake_target': None, 'cmake_target_skip_unavailable': False, 'install_base': '/home/rocioromero/robotica_2026-1/install/my_robot_description', 'merge_install': False, 'path': '/home/rocioromero/robotica_2026-1/movil_robot/my_robot_description', 'symlink_install': False, 'test_result_base': None}
[0.226s] Level 5:colcon.colcon_core.verb:set package 'nodes_topics_py' build argument 'cmake_args' from command line to 'None'
[0.226s] Level 5:colcon.colcon_core.verb:set package 'nodes_topics_py' build argument 'cmake_target' from command line to 'None'
[0.226s] Level 5:colcon.colcon_core.verb:set package 'nodes_topics_py' build argument 'cmake_target_skip_unavailable' from command line to 'False'
[0.226s] Level 5:colcon.colcon_core.verb:set package 'nodes_topics_py' build argument 'cmake_clean_cache' from command line to 'False'
[0.226s] Level 5:colcon.colcon_core.verb:set package 'nodes_topics_py' build argument 'cmake_clean_first' from command line to 'False'
[0.226s] Level 5:colcon.colcon_core.verb:set package 'nodes_topics_py' build argument 'cmake_force_configure' from command line to 'False'
[0.226s] Level 5:colcon.colcon_core.verb:set package 'nodes_topics_py' build argument 'ament_cmake_args' from command line to 'None'
[0.226s] Level 5:colcon.colcon_core.verb:set package 'nodes_topics_py' build argument 'catkin_cmake_args' from command line to 'None'
[0.226s] Level 5:colcon.colcon_core.verb:set package 'nodes_topics_py' build argument 'catkin_skip_building_tests' from command line to 'False'
[0.226s] DEBUG:colcon.colcon_core.verb:Building package 'nodes_topics_py' with the following arguments: {'ament_cmake_args': None, 'build_base': '/home/rocioromero/robotica_2026-1/build/nodes_topics_py', 'catkin_cmake_args': None, 'catkin_skip_building_tests': False, 'cmake_args': None, 'cmake_clean_cache': False, 'cmake_clean_first': False, 'cmake_force_configure': False, 'cmake_target': None, 'cmake_target_skip_unavailable': False, 'install_base': '/home/rocioromero/robotica_2026-1/install/nodes_topics_py', 'merge_install': False, 'path': '/home/rocioromero/robotica_2026-1/nodes_topics_py', 'symlink_install': False, 'test_result_base': None}
[0.227s] Level 5:colcon.colcon_core.verb:set package 'scara_bringup' build argument 'cmake_args' from command line to 'None'
[0.227s] Level 5:colcon.colcon_core.verb:set package 'scara_bringup' build argument 'cmake_target' from command line to 'None'
[0.227s] Level 5:colcon.colcon_core.verb:set package 'scara_bringup' build argument 'cmake_target_skip_unavailable' from command line to 'False'
[0.227s] Level 5:colcon.colcon_core.verb:set package 'scara_bringup' build argument 'cmake_clean_cache' from command line to 'False'
[0.227s] Level 5:colcon.colcon_core.verb:set package 'scara_bringup' build argument 'cmake_clean_first' from command line to 'False'
[0.227s] Level 5:colcon.colcon_core.verb:set package 'scara_bringup' build argument 'cmake_force_configure' from command line to 'False'
[0.227s] Level 5:colcon.colcon_core.verb:set package 'scara_bringup' build argument 'ament_cmake_args' from command line to 'None'
[0.227s] Level 5:colcon.colcon_core.verb:set package 'scara_bringup' build argument 'catkin_cmake_args' from command line to 'None'
[0.227s] Level 5:colcon.colcon_core.verb:set package 'scara_bringup' build argument 'catkin_skip_building_tests' from command line to 'False'
[0.227s] DEBUG:colcon.colcon_core.verb:Building package 'scara_bringup' with the following arguments: {'ament_cmake_args': None, 'build_base': '/home/rocioromero/robotica_2026-1/build/scara_bringup', 'catkin_cmake_args': None, 'catkin_skip_building_tests': False, 'cmake_args': None, 'cmake_clean_cache': False, 'cmake_clean_first': False, 'cmake_force_configure': False, 'cmake_target': None, 'cmake_target_skip_unavailable': False, 'install_base': '/home/rocioromero/robotica_2026-1/install/scara_bringup', 'merge_install': False, 'path': '/home/rocioromero/robotica_2026-1/scara_pckgs/scara_bringup', 'symlink_install': False, 'test_result_base': None}
[0.227s] Level 5:colcon.colcon_core.verb:set package 'scara_description' build argument 'cmake_args' from command line to 'None'
[0.227s] Level 5:colcon.colcon_core.verb:set package 'scara_description' build argument 'cmake_target' from command line to 'None'
[0.227s] Level 5:colcon.colcon_core.verb:set package 'scara_description' build argument 'cmake_target_skip_unavailable' from command line to 'False'
[0.227s] Level 5:colcon.colcon_core.verb:set package 'scara_description' build argument 'cmake_clean_cache' from command line to 'False'
[0.227s] Level 5:colcon.colcon_core.verb:set package 'scara_description' build argument 'cmake_clean_first' from command line to 'False'
[0.227s] Level 5:colcon.colcon_core.verb:set package 'scara_description' build argument 'cmake_force_configure' from command line to 'False'
[0.227s] Level 5:colcon.colcon_core.verb:set package 'scara_description' build argument 'ament_cmake_args' from command line to 'None'
[0.227s] Level 5:colcon.colcon_core.verb:set package 'scara_description' build argument 'catkin_cmake_args' from command line to 'None'
[0.227s] Level 5:colcon.colcon_core.verb:set package 'scara_description' build argument 'catkin_skip_building_tests' from command line to 'False'
[0.228s] DEBUG:colcon.colcon_core.verb:Building package 'scara_description' with the following arguments: {'ament_cmake_args': None, 'build_base': '/home/rocioromero/robotica_2026-1/build/scara_description', 'catkin_cmake_args': None, 'catkin_skip_building_tests': False, 'cmake_args': None, 'cmake_clean_cache': False, 'cmake_clean_first': False, 'cmake_force_configure': False, 'cmake_target': None, 'cmake_target_skip_unavailable': False, 'install_base': '/home/rocioromero/robotica_2026-1/install/scara_description', 'merge_install': False, 'path': '/home/rocioromero/robotica_2026-1/scara_pckgs/scara_description', 'symlink_install': False, 'test_result_base': None}
[0.228s] INFO:colcon.colcon_core.executor:Executing jobs using 'parallel' executor
[0.228s] DEBUG:colcon.colcon_parallel_executor.executor.parallel:run_until_complete
[0.229s] INFO:colcon.colcon_ros.task.ament_cmake.build:Building ROS package in '/home/rocioromero/robotica_2026-1/movil_robot/my_robot_bringup' with build type 'ament_cmake'
[0.229s] INFO:colcon.colcon_cmake.task.cmake.build:Building CMake package in '/home/rocioromero/robotica_2026-1/movil_robot/my_robot_bringup'
[0.231s] INFO:colcon.colcon_core.plugin_system:Skipping extension 'colcon_core.shell.bat': Not used on non-Windows systems
[0.231s] INFO:colcon.colcon_core.shell:Skip shell extension 'powershell' for command environment: Not usable outside of PowerShell
[0.231s] DEBUG:colcon.colcon_core.shell:Skip shell extension 'dsv' for command environment
[0.234s] INFO:colcon.colcon_ros.task.ament_cmake.build:Building ROS package in '/home/rocioromero/robotica_2026-1/movil_robot/my_robot_description' with build type 'ament_cmake'
[0.234s] INFO:colcon.colcon_cmake.task.cmake.build:Building CMake package in '/home/rocioromero/robotica_2026-1/movil_robot/my_robot_description'
[0.235s] INFO:colcon.colcon_core.shell:Skip shell extension 'powershell' for command environment: Not usable outside of PowerShell
[0.235s] DEBUG:colcon.colcon_core.shell:Skip shell extension 'dsv' for command environment
[0.238s] INFO:colcon.colcon_ros.task.ament_python.build:Building ROS package in '/home/rocioromero/robotica_2026-1/nodes_topics_py' with build type 'ament_python'
[0.238s] Level 1:colcon.colcon_core.shell:create_environment_hook('nodes_topics_py', 'ament_prefix_path')
[0.238s] INFO:colcon.colcon_core.shell:Creating environment hook '/home/rocioromero/robotica_2026-1/install/nodes_topics_py/share/nodes_topics_py/hook/ament_prefix_path.ps1'
[0.238s] INFO:colcon.colcon_core.shell:Creating environment descriptor '/home/rocioromero/robotica_2026-1/install/nodes_topics_py/share/nodes_topics_py/hook/ament_prefix_path.dsv'
[0.239s] INFO:colcon.colcon_core.shell:Creating environment hook '/home/rocioromero/robotica_2026-1/install/nodes_topics_py/share/nodes_topics_py/hook/ament_prefix_path.sh'
[0.239s] INFO:colcon.colcon_core.shell:Skip shell extension 'powershell' for command environment: Not usable outside of PowerShell
[0.239s] DEBUG:colcon.colcon_core.shell:Skip shell extension 'dsv' for command environment
[0.242s] INFO:colcon.colcon_ros.task.ament_cmake.build:Building ROS package in '/home/rocioromero/robotica_2026-1/scara_pckgs/scara_bringup' with build type 'ament_cmake'
[0.242s] INFO:colcon.colcon_cmake.task.cmake.build:Building CMake package in '/home/rocioromero/robotica_2026-1/scara_pckgs/scara_bringup'
[0.243s] INFO:colcon.colcon_core.shell:Skip shell extension 'powershell' for command environment: Not usable outside of PowerShell
[0.243s] DEBUG:colcon.colcon_core.shell:Skip shell extension 'dsv' for command environment
[0.246s] INFO:colcon.colcon_ros.task.ament_cmake.build:Building ROS package in '/home/rocioromero/robotica_2026-1/scara_pckgs/scara_description' with build type 'ament_cmake'
[0.247s] INFO:colcon.colcon_cmake.task.cmake.build:Building CMake package in '/home/rocioromero/robotica_2026-1/scara_pckgs/scara_description'
[0.247s] INFO:colcon.colcon_core.shell:Skip shell extension 'powershell' for command environment: Not usable outside of PowerShell
[0.247s] DEBUG:colcon.colcon_core.shell:Skip shell extension 'dsv' for command environment
[0.253s] DEBUG:colcon.colcon_core.event_handler.log_command:Invoking command in '/home/rocioromero/robotica_2026-1/build/my_robot_bringup': CMAKE_PREFIX_PATH=${CMAKE_PREFIX_PATH}:/home/rocioromero/robotica_2026-1/install/nodes_topics_py:/opt/ros/jazzy DEBUGINFOD_URLS=https://debuginfod.ubuntu.com /usr/bin/cmake --build /home/rocioromero/robotica_2026-1/build/my_robot_bringup -- -j16 -l16
[0.255s] DEBUG:colcon.colcon_core.event_handler.log_command:Invoking command in '/home/rocioromero/robotica_2026-1/build/my_robot_description': CMAKE_PREFIX_PATH=${CMAKE_PREFIX_PATH}:/home/rocioromero/robotica_2026-1/install/nodes_topics_py:/opt/ros/jazzy DEBUGINFOD_URLS=https://debuginfod.ubuntu.com /usr/bin/cmake --build /home/rocioromero/robotica_2026-1/build/my_robot_description -- -j16 -l16
[0.433s] INFO:colcon.colcon_core.task.python.build:Building Python package in '/home/rocioromero/robotica_2026-1/nodes_topics_py'
[0.434s] INFO:colcon.colcon_core.shell:Skip shell extension 'powershell' for command environment: Not usable outside of PowerShell
[0.434s] DEBUG:colcon.colcon_core.shell:Skip shell extension 'dsv' for command environment
[0.440s] DEBUG:colcon.colcon_core.event_handler.log_command:Invoking command in '/home/rocioromero/robotica_2026-1/build/scara_bringup': CMAKE_PREFIX_PATH=${CMAKE_PREFIX_PATH}:/home/rocioromero/robotica_2026-1/install/nodes_topics_py:/opt/ros/jazzy DEBUGINFOD_URLS=https://debuginfod.ubuntu.com /usr/bin/cmake --build /home/rocioromero/robotica_2026-1/build/scara_bringup -- -j16 -l16
[0.442s] DEBUG:colcon.colcon_core.event_handler.log_command:Invoked command in '/home/rocioromero/robotica_2026-1/build/my_robot_bringup' returned '0': CMAKE_PREFIX_PATH=${CMAKE_PREFIX_PATH}:/home/rocioromero/robotica_2026-1/install/nodes_topics_py:/opt/ros/jazzy DEBUGINFOD_URLS=https://debuginfod.ubuntu.com /usr/bin/cmake --build /home/rocioromero/robotica_2026-1/build/my_robot_bringup -- -j16 -l16
[0.451s] DEBUG:colcon.colcon_core.event_handler.log_command:Invoking command in '/home/rocioromero/robotica_2026-1/build/my_robot_bringup': CMAKE_PREFIX_PATH=${CMAKE_PREFIX_PATH}:/home/rocioromero/robotica_2026-1/install/nodes_topics_py:/opt/ros/jazzy DEBUGINFOD_URLS=https://debuginfod.ubuntu.com /usr/bin/cmake --install /home/rocioromero/robotica_2026-1/build/my_robot_bringup
[0.451s] DEBUG:colcon.colcon_core.event_handler.log_command:Invoked command in '/home/rocioromero/robotica_2026-1/build/my_robot_description' returned '0': CMAKE_PREFIX_PATH=${CMAKE_PREFIX_PATH}:/home/rocioromero/robotica_2026-1/install/nodes_topics_py:/opt/ros/jazzy DEBUGINFOD_URLS=https://debuginfod.ubuntu.com /usr/bin/cmake --build /home/rocioromero/robotica_2026-1/build/my_robot_description -- -j16 -l16
[0.452s] DEBUG:colcon.colcon_core.event_handler.log_command:Invoking command in '/home/rocioromero/robotica_2026-1/build/my_robot_description': CMAKE_PREFIX_PATH=${CMAKE_PREFIX_PATH}:/home/rocioromero/robotica_2026-1/install/nodes_topics_py:/opt/ros/jazzy DEBUGINFOD_URLS=https://debuginfod.ubuntu.com /usr/bin/cmake --install /home/rocioromero/robotica_2026-1/build/my_robot_description
[0.455s] DEBUG:colcon.colcon_core.event_handler.log_command:Invoking command in '/home/rocioromero/robotica_2026-1/build/scara_description': CMAKE_PREFIX_PATH=${CMAKE_PREFIX_PATH}:/home/rocioromero/robotica_2026-1/install/nodes_topics_py:/opt/ros/jazzy DEBUGINFOD_URLS=https://debuginfod.ubuntu.com /usr/bin/cmake --build /home/rocioromero/robotica_2026-1/build/scara_description -- -j16 -l16
[0.464s] Level 1:colcon.colcon_core.environment:create_environment_scripts_only(my_robot_bringup)
[0.464s] DEBUG:colcon.colcon_core.event_handler.log_command:Invoked command in '/home/rocioromero/robotica_2026-1/build/my_robot_bringup' returned '0': CMAKE_PREFIX_PATH=${CMAKE_PREFIX_PATH}:/home/rocioromero/robotica_2026-1/install/nodes_topics_py:/opt/ros/jazzy DEBUGINFOD_URLS=https://debuginfod.ubuntu.com /usr/bin/cmake --install /home/rocioromero/robotica_2026-1/build/my_robot_bringup
[0.466s] Level 1:colcon.colcon_core.environment:checking '/home/rocioromero/robotica_2026-1/install/my_robot_bringup' for CMake module files
[0.466s] Level 1:colcon.colcon_core.environment:checking '/home/rocioromero/robotica_2026-1/install/my_robot_bringup' for CMake config files
[0.467s] Level 1:colcon.colcon_core.shell:create_environment_hook('my_robot_bringup', 'cmake_prefix_path')
[0.467s] INFO:colcon.colcon_core.shell:Creating environment hook '/home/rocioromero/robotica_2026-1/install/my_robot_bringup/share/my_robot_bringup/hook/cmake_prefix_path.ps1'
[0.467s] INFO:colcon.colcon_core.shell:Creating environment descriptor '/home/rocioromero/robotica_2026-1/install/my_robot_bringup/share/my_robot_bringup/hook/cmake_prefix_path.dsv'
[0.467s] INFO:colcon.colcon_core.shell:Creating environment hook '/home/rocioromero/robotica_2026-1/install/my_robot_bringup/share/my_robot_bringup/hook/cmake_prefix_path.sh'
[0.468s] Level 1:colcon.colcon_core.environment:checking '/home/rocioromero/robotica_2026-1/install/my_robot_bringup/bin'
[0.468s] Level 1:colcon.colcon_core.environment:checking '/home/rocioromero/robotica_2026-1/install/my_robot_bringup/lib/pkgconfig/my_robot_bringup.pc'
[0.468s] Level 1:colcon.colcon_core.environment:checking '/home/rocioromero/robotica_2026-1/install/my_robot_bringup/lib/python3.12/site-packages'
[0.469s] Level 1:colcon.colcon_core.environment:checking '/home/rocioromero/robotica_2026-1/install/my_robot_bringup/bin'
[0.469s] INFO:colcon.colcon_core.shell:Creating package script '/home/rocioromero/robotica_2026-1/install/my_robot_bringup/share/my_robot_bringup/package.ps1'
[0.469s] INFO:colcon.colcon_core.shell:Creating package descriptor '/home/rocioromero/robotica_2026-1/install/my_robot_bringup/share/my_robot_bringup/package.dsv'
[0.470s] INFO:colcon.colcon_core.shell:Creating package script '/home/rocioromero/robotica_2026-1/install/my_robot_bringup/share/my_robot_bringup/package.sh'
[0.470s] INFO:colcon.colcon_core.shell:Creating package script '/home/rocioromero/robotica_2026-1/install/my_robot_bringup/share/my_robot_bringup/package.bash'
[0.471s] INFO:colcon.colcon_core.shell:Creating package script '/home/rocioromero/robotica_2026-1/install/my_robot_bringup/share/my_robot_bringup/package.zsh'
[0.471s] Level 1:colcon.colcon_core.environment:create_file_with_runtime_dependencies(/home/rocioromero/robotica_2026-1/install/my_robot_bringup/share/colcon-core/packages/my_robot_bringup)
[0.472s] Level 1:colcon.colcon_core.environment:create_environment_scripts_only(my_robot_bringup)
[0.472s] Level 1:colcon.colcon_core.environment:checking '/home/rocioromero/robotica_2026-1/install/my_robot_bringup' for CMake module files
[0.472s] Level 1:colcon.colcon_core.environment:checking '/home/rocioromero/robotica_2026-1/install/my_robot_bringup' for CMake config files
[0.472s] Level 1:colcon.colcon_core.shell:create_environment_hook('my_robot_bringup', 'cmake_prefix_path')
[0.472s] INFO:colcon.colcon_core.shell:Creating environment hook '/home/rocioromero/robotica_2026-1/install/my_robot_bringup/share/my_robot_bringup/hook/cmake_prefix_path.ps1'
[0.473s] INFO:colcon.colcon_core.shell:Creating environment descriptor '/home/rocioromero/robotica_2026-1/install/my_robot_bringup/share/my_robot_bringup/hook/cmake_prefix_path.dsv'
[0.473s] INFO:colcon.colcon_core.shell:Creating environment hook '/home/rocioromero/robotica_2026-1/install/my_robot_bringup/share/my_robot_bringup/hook/cmake_prefix_path.sh'
[0.474s] Level 1:colcon.colcon_core.environment:checking '/home/rocioromero/robotica_2026-1/install/my_robot_bringup/bin'
[0.474s] Level 1:colcon.colcon_core.environment:checking '/home/rocioromero/robotica_2026-1/install/my_robot_bringup/lib/pkgconfig/my_robot_bringup.pc'
[0.474s] Level 1:colcon.colcon_core.environment:checking '/home/rocioromero/robotica_2026-1/install/my_robot_bringup/lib/python3.12/site-packages'
[0.474s] Level 1:colcon.colcon_core.environment:checking '/home/rocioromero/robotica_2026-1/install/my_robot_bringup/bin'
[0.474s] INFO:colcon.colcon_core.shell:Creating package script '/home/rocioromero/robotica_2026-1/install/my_robot_bringup/share/my_robot_bringup/package.ps1'
[0.475s] INFO:colcon.colcon_core.shell:Creating package descriptor '/home/rocioromero/robotica_2026-1/install/my_robot_bringup/share/my_robot_bringup/package.dsv'
[0.475s] INFO:colcon.colcon_core.shell:Creating package script '/home/rocioromero/robotica_2026-1/install/my_robot_bringup/share/my_robot_bringup/package.sh'
[0.475s] INFO:colcon.colcon_core.shell:Creating package script '/home/rocioromero/robotica_2026-1/install/my_robot_bringup/share/my_robot_bringup/package.bash'
[0.476s] INFO:colcon.colcon_core.shell:Creating package script '/home/rocioromero/robotica_2026-1/install/my_robot_bringup/share/my_robot_bringup/package.zsh'
[0.476s] Level 1:colcon.colcon_core.environment:create_file_with_runtime_dependencies(/home/rocioromero/robotica_2026-1/install/my_robot_bringup/share/colcon-core/packages/my_robot_bringup)
[0.477s] Level 1:colcon.colcon_core.environment:create_environment_scripts_only(my_robot_description)
[0.477s] Level 1:colcon.colcon_core.environment:checking '/home/rocioromero/robotica_2026-1/install/my_robot_description' for CMake module files
[0.478s] DEBUG:colcon.colcon_core.event_handler.log_command:Invoked command in '/home/rocioromero/robotica_2026-1/build/my_robot_description' returned '0': CMAKE_PREFIX_PATH=${CMAKE_PREFIX_PATH}:/home/rocioromero/robotica_2026-1/install/nodes_topics_py:/opt/ros/jazzy DEBUGINFOD_URLS=https://debuginfod.ubuntu.com /usr/bin/cmake --install /home/rocioromero/robotica_2026-1/build/my_robot_description
[0.478s] Level 1:colcon.colcon_core.environment:checking '/home/rocioromero/robotica_2026-1/install/my_robot_description' for CMake config files
[0.478s] Level 1:colcon.colcon_core.shell:create_environment_hook('my_robot_description', 'cmake_prefix_path')
[0.478s] INFO:colcon.colcon_core.shell:Creating environment hook '/home/rocioromero/robotica_2026-1/install/my_robot_description/share/my_robot_description/hook/cmake_prefix_path.ps1'
[0.479s] INFO:colcon.colcon_core.shell:Creating environment descriptor '/home/rocioromero/robotica_2026-1/install/my_robot_description/share/my_robot_description/hook/cmake_prefix_path.dsv'
[0.479s] INFO:colcon.colcon_core.shell:Creating environment hook '/home/rocioromero/robotica_2026-1/install/my_robot_description/share/my_robot_description/hook/cmake_prefix_path.sh'
[0.480s] Level 1:colcon.colcon_core.environment:checking '/home/rocioromero/robotica_2026-1/install/my_robot_description/bin'
[0.480s] Level 1:colcon.colcon_core.environment:checking '/home/rocioromero/robotica_2026-1/install/my_robot_description/lib/pkgconfig/my_robot_description.pc'
[0.480s] Level 1:colcon.colcon_core.environment:checking '/home/rocioromero/robotica_2026-1/install/my_robot_description/lib/python3.12/site-packages'
[0.480s] Level 1:colcon.colcon_core.environment:checking '/home/rocioromero/robotica_2026-1/install/my_robot_description/bin'
[0.480s] INFO:colcon.colcon_core.shell:Creating package script '/home/rocioromero/robotica_2026-1/install/my_robot_description/share/my_robot_description/package.ps1'
[0.481s] INFO:colcon.colcon_core.shell:Creating package descriptor '/home/rocioromero/robotica_2026-1/install/my_robot_description/share/my_robot_description/package.dsv'
[0.481s] INFO:colcon.colcon_core.shell:Creating package script '/home/rocioromero/robotica_2026-1/install/my_robot_description/share/my_robot_description/package.sh'
[0.482s] INFO:colcon.colcon_core.shell:Creating package script '/home/rocioromero/robotica_2026-1/install/my_robot_description/share/my_robot_description/package.bash'
[0.482s] INFO:colcon.colcon_core.shell:Creating package script '/home/rocioromero/robotica_2026-1/install/my_robot_description/share/my_robot_description/package.zsh'
[0.482s] Level 1:colcon.colcon_core.environment:create_file_with_runtime_dependencies(/home/rocioromero/robotica_2026-1/install/my_robot_description/share/colcon-core/packages/my_robot_description)
[0.483s] Level 1:colcon.colcon_core.environment:create_environment_scripts_only(my_robot_description)
[0.483s] Level 1:colcon.colcon_core.environment:checking '/home/rocioromero/robotica_2026-1/install/my_robot_description' for CMake module files
[0.483s] Level 1:colcon.colcon_core.environment:checking '/home/rocioromero/robotica_2026-1/install/my_robot_description' for CMake config files
[0.483s] Level 1:colcon.colcon_core.shell:create_environment_hook('my_robot_description', 'cmake_prefix_path')
[0.483s] INFO:colcon.colcon_core.shell:Creating environment hook '/home/rocioromero/robotica_2026-1/install/my_robot_description/share/my_robot_description/hook/cmake_prefix_path.ps1'
[0.484s] INFO:colcon.colcon_core.shell:Creating environment descriptor '/home/rocioromero/robotica_2026-1/install/my_robot_description/share/my_robot_description/hook/cmake_prefix_path.dsv'
[0.484s] INFO:colcon.colcon_core.shell:Creating environment hook '/home/rocioromero/robotica_2026-1/install/my_robot_description/share/my_robot_description/hook/cmake_prefix_path.sh'
[0.484s] Level 1:colcon.colcon_core.environment:checking '/home/rocioromero/robotica_2026-1/install/my_robot_description/bin'
[0.484s] Level 1:colcon.colcon_core.environment:checking '/home/rocioromero/robotica_2026-1/install/my_robot_description/lib/pkgconfig/my_robot_description.pc'
[0.485s] Level 1:colcon.colcon_core.environment:checking '/home/rocioromero/robotica_2026-1/install/my_robot_description/lib/python3.12/site-packages'
[0.485s] Level 1:colcon.colcon_core.environment:checking '/home/rocioromero/robotica_2026-1/install/my_robot_description/bin'
[0.485s] INFO:colcon.colcon_core.shell:Creating package script '/home/rocioromero/robotica_2026-1/install/my_robot_description/share/my_robot_description/package.ps1'
[0.485s] INFO:colcon.colcon_core.shell:Creating package descriptor '/home/rocioromero/robotica_2026-1/install/my_robot_description/share/my_robot_description/package.dsv'
[0.486s] INFO:colcon.colcon_core.shell:Creating package script '/home/rocioromero/robotica_2026-1/install/my_robot_description/share/my_robot_description/package.sh'
[0.486s] INFO:colcon.colcon_core.shell:Creating package script '/home/rocioromero/robotica_2026-1/install/my_robot_description/share/my_robot_description/package.bash'
[0.486s] INFO:colcon.colcon_core.shell:Creating package script '/home/rocioromero/robotica_2026-1/install/my_robot_description/share/my_robot_description/package.zsh'
[0.487s] Level 1:colcon.colcon_core.environment:create_file_with_runtime_dependencies(/home/rocioromero/robotica_2026-1/install/my_robot_description/share/colcon-core/packages/my_robot_description)
[0.488s] DEBUG:colcon.colcon_core.event_handler.log_command:Invoked command in '/home/rocioromero/robotica_2026-1/build/scara_bringup' returned '0': CMAKE_PREFIX_PATH=${CMAKE_PREFIX_PATH}:/home/rocioromero/robotica_2026-1/install/nodes_topics_py:/opt/ros/jazzy DEBUGINFOD_URLS=https://debuginfod.ubuntu.com /usr/bin/cmake --build /home/rocioromero/robotica_2026-1/build/scara_bringup -- -j16 -l16
[0.489s] DEBUG:colcon.colcon_core.event_handler.log_command:Invoking command in '/home/rocioromero/robotica_2026-1/build/scara_bringup': CMAKE_PREFIX_PATH=${CMAKE_PREFIX_PATH}:/home/rocioromero/robotica_2026-1/install/nodes_topics_py:/opt/ros/jazzy DEBUGINFOD_URLS=https://debuginfod.ubuntu.com /usr/bin/cmake --install /home/rocioromero/robotica_2026-1/build/scara_bringup
[0.495s] DEBUG:colcon.colcon_core.event_handler.log_command:Invoked command in '/home/rocioromero/robotica_2026-1/build/scara_description' returned '0': CMAKE_PREFIX_PATH=${CMAKE_PREFIX_PATH}:/home/rocioromero/robotica_2026-1/install/nodes_topics_py:/opt/ros/jazzy DEBUGINFOD_URLS=https://debuginfod.ubuntu.com /usr/bin/cmake --build /home/rocioromero/robotica_2026-1/build/scara_description -- -j16 -l16
[0.496s] DEBUG:colcon.colcon_core.event_handler.log_command:Invoking command in '/home/rocioromero/robotica_2026-1/build/scara_description': CMAKE_PREFIX_PATH=${CMAKE_PREFIX_PATH}:/home/rocioromero/robotica_2026-1/install/nodes_topics_py:/opt/ros/jazzy DEBUGINFOD_URLS=https://debuginfod.ubuntu.com /usr/bin/cmake --install /home/rocioromero/robotica_2026-1/build/scara_description
[0.502s] Level 1:colcon.colcon_core.environment:create_environment_scripts_only(scara_bringup)
[0.502s] Level 1:colcon.colcon_core.environment:checking '/home/rocioromero/robotica_2026-1/install/scara_bringup' for CMake module files
[0.502s] DEBUG:colcon.colcon_core.event_handler.log_command:Invoked command in '/home/rocioromero/robotica_2026-1/build/scara_bringup' returned '0': CMAKE_PREFIX_PATH=${CMAKE_PREFIX_PATH}:/home/rocioromero/robotica_2026-1/install/nodes_topics_py:/opt/ros/jazzy DEBUGINFOD_URLS=https://debuginfod.ubuntu.com /usr/bin/cmake --install /home/rocioromero/robotica_2026-1/build/scara_bringup
[0.503s] Level 1:colcon.colcon_core.environment:checking '/home/rocioromero/robotica_2026-1/install/scara_bringup' for CMake config files
[0.503s] Level 1:colcon.colcon_core.shell:create_environment_hook('scara_bringup', 'cmake_prefix_path')
[0.503s] INFO:colcon.colcon_core.shell:Creating environment hook '/home/rocioromero/robotica_2026-1/install/scara_bringup/share/scara_bringup/hook/cmake_prefix_path.ps1'
[0.503s] INFO:colcon.colcon_core.shell:Creating environment descriptor '/home/rocioromero/robotica_2026-1/install/scara_bringup/share/scara_bringup/hook/cmake_prefix_path.dsv'
[0.504s] INFO:colcon.colcon_core.shell:Creating environment hook '/home/rocioromero/robotica_2026-1/install/scara_bringup/share/scara_bringup/hook/cmake_prefix_path.sh'
[0.504s] Level 1:colcon.colcon_core.environment:checking '/home/rocioromero/robotica_2026-1/install/scara_bringup/bin'
[0.504s] Level 1:colcon.colcon_core.environment:checking '/home/rocioromero/robotica_2026-1/install/scara_bringup/lib/pkgconfig/scara_bringup.pc'
[0.504s] Level 1:colcon.colcon_core.environment:checking '/home/rocioromero/robotica_2026-1/install/scara_bringup/lib/python3.12/site-packages'
[0.505s] Level 1:colcon.colcon_core.environment:checking '/home/rocioromero/robotica_2026-1/install/scara_bringup/bin'
[0.505s] INFO:colcon.colcon_core.shell:Creating package script '/home/rocioromero/robotica_2026-1/install/scara_bringup/share/scara_bringup/package.ps1'
[0.511s] INFO:colcon.colcon_core.shell:Creating package descriptor '/home/rocioromero/robotica_2026-1/install/scara_bringup/share/scara_bringup/package.dsv'
[0.512s] INFO:colcon.colcon_core.shell:Creating package script '/home/rocioromero/robotica_2026-1/install/scara_bringup/share/scara_bringup/package.sh'
[0.512s] INFO:colcon.colcon_core.shell:Creating package script '/home/rocioromero/robotica_2026-1/install/scara_bringup/share/scara_bringup/package.bash'
[0.512s] INFO:colcon.colcon_core.shell:Creating package script '/home/rocioromero/robotica_2026-1/install/scara_bringup/share/scara_bringup/package.zsh'
[0.513s] Level 1:colcon.colcon_core.environment:create_file_with_runtime_dependencies(/home/rocioromero/robotica_2026-1/install/scara_bringup/share/colcon-core/packages/scara_bringup)
[0.513s] Level 1:colcon.colcon_core.environment:create_environment_scripts_only(scara_bringup)
[0.513s] Level 1:colcon.colcon_core.environment:checking '/home/rocioromero/robotica_2026-1/install/scara_bringup' for CMake module files
[0.513s] Level 1:colcon.colcon_core.environment:checking '/home/rocioromero/robotica_2026-1/install/scara_bringup' for CMake config files
[0.514s] Level 1:colcon.colcon_core.shell:create_environment_hook('scara_bringup', 'cmake_prefix_path')
[0.514s] INFO:colcon.colcon_core.shell:Creating environment hook '/home/rocioromero/robotica_2026-1/install/scara_bringup/share/scara_bringup/hook/cmake_prefix_path.ps1'
[0.514s] INFO:colcon.colcon_core.shell:Creating environment descriptor '/home/rocioromero/robotica_2026-1/install/scara_bringup/share/scara_bringup/hook/cmake_prefix_path.dsv'
[0.514s] INFO:colcon.colcon_core.shell:Creating environment hook '/home/rocioromero/robotica_2026-1/install/scara_bringup/share/scara_bringup/hook/cmake_prefix_path.sh'
[0.515s] Level 1:colcon.colcon_core.environment:checking '/home/rocioromero/robotica_2026-1/install/scara_bringup/bin'
[0.515s] Level 1:colcon.colcon_core.environment:checking '/home/rocioromero/robotica_2026-1/install/scara_bringup/lib/pkgconfig/scara_bringup.pc'
[0.515s] Level 1:colcon.colcon_core.environment:checking '/home/rocioromero/robotica_2026-1/install/scara_bringup/lib/python3.12/site-packages'
[0.515s] Level 1:colcon.colcon_core.environment:checking '/home/rocioromero/robotica_2026-1/install/scara_bringup/bin'
[0.515s] INFO:colcon.colcon_core.shell:Creating package script '/home/rocioromero/robotica_2026-1/install/scara_bringup/share/scara_bringup/package.ps1'
[0.516s] INFO:colcon.colcon_core.shell:Creating package descriptor '/home/rocioromero/robotica_2026-1/install/scara_bringup/share/scara_bringup/package.dsv'
[0.516s] INFO:colcon.colcon_core.shell:Creating package script '/home/rocioromero/robotica_2026-1/install/scara_bringup/share/scara_bringup/package.sh'
[0.516s] INFO:colcon.colcon_core.shell:Creating package script '/home/rocioromero/robotica_2026-1/install/scara_bringup/share/scara_bringup/package.bash'
[0.516s] INFO:colcon.colcon_core.shell:Creating package script '/home/rocioromero/robotica_2026-1/install/scara_bringup/share/scara_bringup/package.zsh'
[0.517s] Level 1:colcon.colcon_core.environment:create_file_with_runtime_dependencies(/home/rocioromero/robotica_2026-1/install/scara_bringup/share/colcon-core/packages/scara_bringup)
[0.518s] Level 1:colcon.colcon_core.environment:create_environment_scripts_only(scara_description)
[0.518s] Level 1:colcon.colcon_core.environment:checking '/home/rocioromero/robotica_2026-1/install/scara_description' for CMake module files
[0.518s] DEBUG:colcon.colcon_core.event_handler.log_command:Invoked command in '/home/rocioromero/robotica_2026-1/build/scara_description' returned '0': CMAKE_PREFIX_PATH=${CMAKE_PREFIX_PATH}:/home/rocioromero/robotica_2026-1/install/nodes_topics_py:/opt/ros/jazzy DEBUGINFOD_URLS=https://debuginfod.ubuntu.com /usr/bin/cmake --install /home/rocioromero/robotica_2026-1/build/scara_description
[0.518s] Level 1:colcon.colcon_core.environment:checking '/home/rocioromero/robotica_2026-1/install/scara_description' for CMake config files
[0.519s] Level 1:colcon.colcon_core.shell:create_environment_hook('scara_description', 'cmake_prefix_path')
[0.519s] INFO:colcon.colcon_core.shell:Creating environment hook '/home/rocioromero/robotica_2026-1/install/scara_description/share/scara_description/hook/cmake_prefix_path.ps1'
[0.519s] INFO:colcon.colcon_core.shell:Creating environment descriptor '/home/rocioromero/robotica_2026-1/install/scara_description/share/scara_description/hook/cmake_prefix_path.dsv'
[0.520s] INFO:colcon.colcon_core.shell:Creating environment hook '/home/rocioromero/robotica_2026-1/install/scara_description/share/scara_description/hook/cmake_prefix_path.sh'
[0.520s] Level 1:colcon.colcon_core.environment:checking '/home/rocioromero/robotica_2026-1/install/scara_description/bin'
[0.520s] Level 1:colcon.colcon_core.environment:checking '/home/rocioromero/robotica_2026-1/install/scara_description/lib/pkgconfig/scara_description.pc'
[0.520s] Level 1:colcon.colcon_core.environment:checking '/home/rocioromero/robotica_2026-1/install/scara_description/lib/python3.12/site-packages'
[0.521s] Level 1:colcon.colcon_core.environment:checking '/home/rocioromero/robotica_2026-1/install/scara_description/bin'
[0.521s] INFO:colcon.colcon_core.shell:Creating package script '/home/rocioromero/robotica_2026-1/install/scara_description/share/scara_description/package.ps1'
[0.521s] INFO:colcon.colcon_core.shell:Creating package descriptor '/home/rocioromero/robotica_2026-1/install/scara_description/share/scara_description/package.dsv'
[0.521s] INFO:colcon.colcon_core.shell:Creating package script '/home/rocioromero/robotica_2026-1/install/scara_description/share/scara_description/package.sh'
[0.521s] INFO:colcon.colcon_core.shell:Creating package script '/home/rocioromero/robotica_2026-1/install/scara_description/share/scara_description/package.bash'
[0.522s] INFO:colcon.colcon_core.shell:Creating package script '/home/rocioromero/robotica_2026-1/install/scara_description/share/scara_description/package.zsh'
[0.522s] Level 1:colcon.colcon_core.environment:create_file_with_runtime_dependencies(/home/rocioromero/robotica_2026-1/install/scara_description/share/colcon-core/packages/scara_description)
[0.522s] Level 1:colcon.colcon_core.environment:create_environment_scripts_only(scara_description)
[0.522s] Level 1:colcon.colcon_core.environment:checking '/home/rocioromero/robotica_2026-1/install/scara_description' for CMake module files
[0.523s] Level 1:colcon.colcon_core.environment:checking '/home/rocioromero/robotica_2026-1/install/scara_description' for CMake config files
[0.523s] Level 1:colcon.colcon_core.shell:create_environment_hook('scara_description', 'cmake_prefix_path')
[0.523s] INFO:colcon.colcon_core.shell:Creating environment hook '/home/rocioromero/robotica_2026-1/install/scara_description/share/scara_description/hook/cmake_prefix_path.ps1'
[0.523s] INFO:colcon.colcon_core.shell:Creating environment descriptor '/home/rocioromero/robotica_2026-1/install/scara_description/share/scara_description/hook/cmake_prefix_path.dsv'
[0.524s] INFO:colcon.colcon_core.shell:Creating environment hook '/home/rocioromero/robotica_2026-1/install/scara_description/share/scara_description/hook/cmake_prefix_path.sh'
[0.524s] Level 1:colcon.colcon_core.environment:checking '/home/rocioromero/robotica_2026-1/install/scara_description/bin'
[0.524s] Level 1:colcon.colcon_core.environment:checking '/home/rocioromero/robotica_2026-1/install/scara_description/lib/pkgconfig/scara_description.pc'
[0.524s] Level 1:colcon.colcon_core.environment:checking '/home/rocioromero/robotica_2026-1/install/scara_description/lib/python3.12/site-packages'
[0.525s] Level 1:colcon.colcon_core.environment:checking '/home/rocioromero/robotica_2026-1/install/scara_description/bin'
[0.525s] INFO:colcon.colcon_core.shell:Creating package script '/home/rocioromero/robotica_2026-1/install/scara_description/share/scara_description/package.ps1'
[0.525s] INFO:colcon.colcon_core.shell:Creating package descriptor '/home/rocioromero/robotica_2026-1/install/scara_description/share/scara_description/package.dsv'
[0.526s] INFO:colcon.colcon_core.shell:Creating package script '/home/rocioromero/robotica_2026-1/install/scara_description/share/scara_description/package.sh'
[0.526s] INFO:colcon.colcon_core.shell:Creating package script '/home/rocioromero/robotica_2026-1/install/scara_description/share/scara_description/package.bash'
[0.526s] INFO:colcon.colcon_core.shell:Creating package script '/home/rocioromero/robotica_2026-1/install/scara_description/share/scara_description/package.zsh'
[0.526s] Level 1:colcon.colcon_core.environment:create_file_with_runtime_dependencies(/home/rocioromero/robotica_2026-1/install/scara_description/share/colcon-core/packages/scara_description)
[0.965s] DEBUG:colcon.colcon_core.event_handler.log_command:Invoking command in '/home/rocioromero/robotica_2026-1/nodes_topics_py': DEBUGINFOD_URLS=https://debuginfod.ubuntu.com PYTHONPATH=/home/rocioromero/robotica_2026-1/build/nodes_topics_py/prefix_override:/usr/lib/python3/dist-packages/colcon_core/task/python/colcon_distutils_commands:/home/rocioromero/robotica_2026-1/install/nodes_topics_py/lib/python3.12/site-packages:${PYTHONPATH} /usr/bin/python3 -W ignore:setup.py install is deprecated -W ignore:easy_install command is deprecated setup.py egg_info --egg-base ../build/nodes_topics_py build --build-base /home/rocioromero/robotica_2026-1/build/nodes_topics_py/build install --record /home/rocioromero/robotica_2026-1/build/nodes_topics_py/install.log --single-version-externally-managed install_data
[1.434s] Level 1:colcon.colcon_core.environment:checking '/home/rocioromero/robotica_2026-1/install/nodes_topics_py' for CMake module files
[1.435s] DEBUG:colcon.colcon_core.event_handler.log_command:Invoked command in '/home/rocioromero/robotica_2026-1/nodes_topics_py' returned '0': DEBUGINFOD_URLS=https://debuginfod.ubuntu.com PYTHONPATH=/home/rocioromero/robotica_2026-1/build/nodes_topics_py/prefix_override:/usr/lib/python3/dist-packages/colcon_core/task/python/colcon_distutils_commands:/home/rocioromero/robotica_2026-1/install/nodes_topics_py/lib/python3.12/site-packages:${PYTHONPATH} /usr/bin/python3 -W ignore:setup.py install is deprecated -W ignore:easy_install command is deprecated setup.py egg_info --egg-base ../build/nodes_topics_py build --build-base /home/rocioromero/robotica_2026-1/build/nodes_topics_py/build install --record /home/rocioromero/robotica_2026-1/build/nodes_topics_py/install.log --single-version-externally-managed install_data
[1.435s] Level 1:colcon.colcon_core.environment:checking '/home/rocioromero/robotica_2026-1/install/nodes_topics_py' for CMake config files
[1.435s] Level 1:colcon.colcon_core.environment:checking '/home/rocioromero/robotica_2026-1/install/nodes_topics_py/lib'
[1.436s] Level 1:colcon.colcon_core.environment:checking '/home/rocioromero/robotica_2026-1/install/nodes_topics_py/bin'
[1.436s] Level 1:colcon.colcon_core.environment:checking '/home/rocioromero/robotica_2026-1/install/nodes_topics_py/lib/pkgconfig/nodes_topics_py.pc'
[1.436s] Level 1:colcon.colcon_core.environment:checking '/home/rocioromero/robotica_2026-1/install/nodes_topics_py/lib/python3.12/site-packages'
[1.436s] Level 1:colcon.colcon_core.shell:create_environment_hook('nodes_topics_py', 'pythonpath')
[1.436s] INFO:colcon.colcon_core.shell:Creating environment hook '/home/rocioromero/robotica_2026-1/install/nodes_topics_py/share/nodes_topics_py/hook/pythonpath.ps1'
[1.436s] INFO:colcon.colcon_core.shell:Creating environment descriptor '/home/rocioromero/robotica_2026-1/install/nodes_topics_py/share/nodes_topics_py/hook/pythonpath.dsv'
[1.437s] INFO:colcon.colcon_core.shell:Creating environment hook '/home/rocioromero/robotica_2026-1/install/nodes_topics_py/share/nodes_topics_py/hook/pythonpath.sh'
[1.437s] Level 1:colcon.colcon_core.environment:checking '/home/rocioromero/robotica_2026-1/install/nodes_topics_py/bin'
[1.437s] Level 1:colcon.colcon_core.environment:create_environment_scripts_only(nodes_topics_py)
[1.437s] INFO:colcon.colcon_core.shell:Creating package script '/home/rocioromero/robotica_2026-1/install/nodes_topics_py/share/nodes_topics_py/package.ps1'
[1.438s] INFO:colcon.colcon_core.shell:Creating package descriptor '/home/rocioromero/robotica_2026-1/install/nodes_topics_py/share/nodes_topics_py/package.dsv'
[1.438s] INFO:colcon.colcon_core.shell:Creating package script '/home/rocioromero/robotica_2026-1/install/nodes_topics_py/share/nodes_topics_py/package.sh'
[1.438s] INFO:colcon.colcon_core.shell:Creating package script '/home/rocioromero/robotica_2026-1/install/nodes_topics_py/share/nodes_topics_py/package.bash'
[1.439s] INFO:colcon.colcon_core.shell:Creating package script '/home/rocioromero/robotica_2026-1/install/nodes_topics_py/share/nodes_topics_py/package.zsh'
[1.439s] Level 1:colcon.colcon_core.environment:create_file_with_runtime_dependencies(/home/rocioromero/robotica_2026-1/install/nodes_topics_py/share/colcon-core/packages/nodes_topics_py)
[1.439s] DEBUG:colcon.colcon_parallel_executor.executor.parallel:closing loop
[1.440s] DEBUG:colcon.colcon_parallel_executor.executor.parallel:loop closed
[1.440s] DEBUG:colcon.colcon_parallel_executor.executor.parallel:run_until_complete finished with '0'
[1.440s] DEBUG:colcon.colcon_core.event_reactor:joining thread
[1.444s] INFO:colcon.colcon_core.plugin_system:Skipping extension 'colcon_notification.desktop_notification.terminal_notifier': Not used on non-Darwin systems
[1.444s] INFO:colcon.colcon_core.plugin_system:Skipping extension 'colcon_notification.desktop_notification.win32': Not used on non-Windows systems
[1.444s] INFO:colcon.colcon_notification.desktop_notification:Sending desktop notification using 'notify2'
[1.454s] DEBUG:colcon.colcon_core.event_reactor:joined thread
[1.454s] INFO:colcon.colcon_core.shell:Creating prefix script '/home/rocioromero/robotica_2026-1/install/local_setup.ps1'
[1.455s] INFO:colcon.colcon_core.shell:Creating prefix util module '/home/rocioromero/robotica_2026-1/install/_local_setup_util_ps1.py'
[1.456s] INFO:colcon.colcon_core.shell:Creating prefix chain script '/home/rocioromero/robotica_2026-1/install/setup.ps1'
[1.457s] INFO:colcon.colcon_core.shell:Creating prefix script '/home/rocioromero/robotica_2026-1/install/local_setup.sh'
[1.457s] INFO:colcon.colcon_core.shell:Creating prefix util module '/home/rocioromero/robotica_2026-1/install/_local_setup_util_sh.py'
[1.457s] INFO:colcon.colcon_core.shell:Creating prefix chain script '/home/rocioromero/robotica_2026-1/install/setup.sh'
[1.458s] INFO:colcon.colcon_core.shell:Creating prefix script '/home/rocioromero/robotica_2026-1/install/local_setup.bash'
[1.459s] INFO:colcon.colcon_core.shell:Creating prefix chain script '/home/rocioromero/robotica_2026-1/install/setup.bash'
[1.459s] INFO:colcon.colcon_core.shell:Creating prefix script '/home/rocioromero/robotica_2026-1/install/local_setup.zsh'
[1.460s] INFO:colcon.colcon_core.shell:Creating prefix chain script '/home/rocioromero/robotica_2026-1/install/setup.zsh'
