[0.021s] Invoking command in '/home/rocioromero/robotica_2026-1/build/my_robot_bringup': CMAKE_PREFIX_PATH=${CMAKE_PREFIX_PATH}:/opt/ros/jazzy DEBUGINFOD_URLS=https://debuginfod.ubuntu.com /usr/bin/cmake /home/rocioromero/robotica_2026-1/movil_robot/my_robot_bringup -DCMAKE_INSTALL_PREFIX=/home/rocioromero/robotica_2026-1/install/my_robot_bringup
[0.225s] -- Found ament_cmake: 2.5.4 (/opt/ros/jazzy/share/ament_cmake/cmake)
[0.226s] -- Found Python3: /usr/bin/python3 (found version "3.12.3") found components: Interpreter 
[0.448s] -- Configuring done (0.4s)
[0.452s] -- Generating done (0.0s)
[0.454s] -- Build files have been written to: /home/rocioromero/robotica_2026-1/build/my_robot_bringup
[0.460s] Invoked command in '/home/rocioromero/robotica_2026-1/build/my_robot_bringup' returned '0': CMAKE_PREFIX_PATH=${CMAKE_PREFIX_PATH}:/opt/ros/jazzy DEBUGINFOD_URLS=https://debuginfod.ubuntu.com /usr/bin/cmake /home/rocioromero/robotica_2026-1/movil_robot/my_robot_bringup -DCMAKE_INSTALL_PREFIX=/home/rocioromero/robotica_2026-1/install/my_robot_bringup
[0.461s] Invoking command in '/home/rocioromero/robotica_2026-1/build/my_robot_bringup': CMAKE_PREFIX_PATH=${CMAKE_PREFIX_PATH}:/opt/ros/jazzy DEBUGINFOD_URLS=https://debuginfod.ubuntu.com /usr/bin/cmake --build /home/rocioromero/robotica_2026-1/build/my_robot_bringup -- -j16 -l16
[0.504s] Invoked command in '/home/rocioromero/robotica_2026-1/build/my_robot_bringup' returned '0': CMAKE_PREFIX_PATH=${CMAKE_PREFIX_PATH}:/opt/ros/jazzy DEBUGINFOD_URLS=https://debuginfod.ubuntu.com /usr/bin/cmake --build /home/rocioromero/robotica_2026-1/build/my_robot_bringup -- -j16 -l16
[0.515s] Invoking command in '/home/rocioromero/robotica_2026-1/build/my_robot_bringup': CMAKE_PREFIX_PATH=${CMAKE_PREFIX_PATH}:/opt/ros/jazzy DEBUGINFOD_URLS=https://debuginfod.ubuntu.com /usr/bin/cmake --install /home/rocioromero/robotica_2026-1/build/my_robot_bringup
[0.524s] -- Install configuration: ""
[0.524s] -- Installing: /home/rocioromero/robotica_2026-1/install/my_robot_bringup/share/my_robot_bringup//launch
[0.524s] -- Installing: /home/rocioromero/robotica_2026-1/install/my_robot_bringup/share/my_robot_bringup//launch/my_robot_gazebo.launch.xml
[0.524s] -- Installing: /home/rocioromero/robotica_2026-1/install/my_robot_bringup/share/my_robot_bringup//launch/mi_movile_gz.launch.py
[0.525s] -- Installing: /home/rocioromero/robotica_2026-1/install/my_robot_bringup/share/my_robot_bringup//launch/movil_gz.launch.py
[0.525s] -- Installing: /home/rocioromero/robotica_2026-1/install/my_robot_bringup/share/my_robot_bringup//config
[0.525s] -- Installing: /home/rocioromero/robotica_2026-1/install/my_robot_bringup/share/my_robot_bringup//config/gazebo_bridge.yaml
[0.526s] -- Installing: /home/rocioromero/robotica_2026-1/install/my_robot_bringup/share/my_robot_bringup//worlds
[0.526s] -- Installing: /home/rocioromero/robotica_2026-1/install/my_robot_bringup/share/my_robot_bringup//worlds/test_world.sdf
[0.526s] -- Installing: /home/rocioromero/robotica_2026-1/install/my_robot_bringup/share/ament_index/resource_index/package_run_dependencies/my_robot_bringup
[0.527s] -- Installing: /home/rocioromero/robotica_2026-1/install/my_robot_bringup/share/ament_index/resource_index/parent_prefix_path/my_robot_bringup
[0.527s] -- Installing: /home/rocioromero/robotica_2026-1/install/my_robot_bringup/share/my_robot_bringup/environment/ament_prefix_path.sh
[0.527s] -- Installing: /home/rocioromero/robotica_2026-1/install/my_robot_bringup/share/my_robot_bringup/environment/ament_prefix_path.dsv
[0.527s] -- Installing: /home/rocioromero/robotica_2026-1/install/my_robot_bringup/share/my_robot_bringup/environment/path.sh
[0.528s] -- Installing: /home/rocioromero/robotica_2026-1/install/my_robot_bringup/share/my_robot_bringup/environment/path.dsv
[0.528s] -- Installing: /home/rocioromero/robotica_2026-1/install/my_robot_bringup/share/my_robot_bringup/local_setup.bash
[0.528s] -- Installing: /home/rocioromero/robotica_2026-1/install/my_robot_bringup/share/my_robot_bringup/local_setup.sh
[0.528s] -- Installing: /home/rocioromero/robotica_2026-1/install/my_robot_bringup/share/my_robot_bringup/local_setup.zsh
[0.528s] -- Installing: /home/rocioromero/robotica_2026-1/install/my_robot_bringup/share/my_robot_bringup/local_setup.dsv
[0.528s] -- Installing: /home/rocioromero/robotica_2026-1/install/my_robot_bringup/share/my_robot_bringup/package.dsv
[0.529s] -- Installing: /home/rocioromero/robotica_2026-1/install/my_robot_bringup/share/ament_index/resource_index/packages/my_robot_bringup
[0.529s] -- Installing: /home/rocioromero/robotica_2026-1/install/my_robot_bringup/share/my_robot_bringup/cmake/my_robot_bringupConfig.cmake
[0.529s] -- Installing: /home/rocioromero/robotica_2026-1/install/my_robot_bringup/share/my_robot_bringup/cmake/my_robot_bringupConfig-version.cmake
[0.529s] -- Installing: /home/rocioromero/robotica_2026-1/install/my_robot_bringup/share/my_robot_bringup/package.xml
[0.532s] Invoked command in '/home/rocioromero/robotica_2026-1/build/my_robot_bringup' returned '0': CMAKE_PREFIX_PATH=${CMAKE_PREFIX_PATH}:/opt/ros/jazzy DEBUGINFOD_URLS=https://debuginfod.ubuntu.com /usr/bin/cmake --install /home/rocioromero/robotica_2026-1/build/my_robot_bringup
