[0.024s] Invoking command in '/home/rocioromero/robotica_2026-1/build/my_robot_bringup': CMAKE_PREFIX_PATH=${CMAKE_PREFIX_PATH}:/home/rocioromero/robotica_2026-1/install/nodes_topics_py:/opt/ros/jazzy DEBUGINFOD_URLS=https://debuginfod.ubuntu.com /usr/bin/cmake --build /home/rocioromero/robotica_2026-1/build/my_robot_bringup -- -j16 -l16
[0.220s] Invoked command in '/home/rocioromero/robotica_2026-1/build/my_robot_bringup' returned '0': CMAKE_PREFIX_PATH=${CMAKE_PREFIX_PATH}:/home/rocioromero/robotica_2026-1/install/nodes_topics_py:/opt/ros/jazzy DEBUGINFOD_URLS=https://debuginfod.ubuntu.com /usr/bin/cmake --build /home/rocioromero/robotica_2026-1/build/my_robot_bringup -- -j16 -l16
[0.220s] Invoking command in '/home/rocioromero/robotica_2026-1/build/my_robot_bringup': CMAKE_PREFIX_PATH=${CMAKE_PREFIX_PATH}:/home/rocioromero/robotica_2026-1/install/nodes_topics_py:/opt/ros/jazzy DEBUGINFOD_URLS=https://debuginfod.ubuntu.com /usr/bin/cmake --install /home/rocioromero/robotica_2026-1/build/my_robot_bringup
[0.230s] -- Install configuration: ""
[0.230s] -- Up-to-date: /home/rocioromero/robotica_2026-1/install/my_robot_bringup/share/my_robot_bringup//launch
[0.230s] -- Up-to-date: /home/rocioromero/robotica_2026-1/install/my_robot_bringup/share/my_robot_bringup//launch/my_robot_gazebo.launch.xml
[0.230s] -- Up-to-date: /home/rocioromero/robotica_2026-1/install/my_robot_bringup/share/my_robot_bringup//launch/mi_movile_gz.launch.py
[0.230s] -- Up-to-date: /home/rocioromero/robotica_2026-1/install/my_robot_bringup/share/my_robot_bringup//launch/movil_gz.launch.py
[0.230s] -- Up-to-date: /home/rocioromero/robotica_2026-1/install/my_robot_bringup/share/my_robot_bringup//config
[0.230s] -- Up-to-date: /home/rocioromero/robotica_2026-1/install/my_robot_bringup/share/my_robot_bringup//config/gazebo_bridge.yaml
[0.230s] -- Up-to-date: /home/rocioromero/robotica_2026-1/install/my_robot_bringup/share/my_robot_bringup//worlds
[0.231s] -- Up-to-date: /home/rocioromero/robotica_2026-1/install/my_robot_bringup/share/my_robot_bringup//worlds/test_world.sdf
[0.231s] -- Up-to-date: /home/rocioromero/robotica_2026-1/install/my_robot_bringup/share/ament_index/resource_index/package_run_dependencies/my_robot_bringup
[0.231s] -- Up-to-date: /home/rocioromero/robotica_2026-1/install/my_robot_bringup/share/ament_index/resource_index/parent_prefix_path/my_robot_bringup
[0.231s] -- Up-to-date: /home/rocioromero/robotica_2026-1/install/my_robot_bringup/share/my_robot_bringup/environment/ament_prefix_path.sh
[0.231s] -- Up-to-date: /home/rocioromero/robotica_2026-1/install/my_robot_bringup/share/my_robot_bringup/environment/ament_prefix_path.dsv
[0.231s] -- Up-to-date: /home/rocioromero/robotica_2026-1/install/my_robot_bringup/share/my_robot_bringup/environment/path.sh
[0.231s] -- Up-to-date: /home/rocioromero/robotica_2026-1/install/my_robot_bringup/share/my_robot_bringup/environment/path.dsv
[0.231s] -- Up-to-date: /home/rocioromero/robotica_2026-1/install/my_robot_bringup/share/my_robot_bringup/local_setup.bash
[0.231s] -- Up-to-date: /home/rocioromero/robotica_2026-1/install/my_robot_bringup/share/my_robot_bringup/local_setup.sh
[0.231s] -- Up-to-date: /home/rocioromero/robotica_2026-1/install/my_robot_bringup/share/my_robot_bringup/local_setup.zsh
[0.231s] -- Up-to-date: /home/rocioromero/robotica_2026-1/install/my_robot_bringup/share/my_robot_bringup/local_setup.dsv
[0.231s] -- Up-to-date: /home/rocioromero/robotica_2026-1/install/my_robot_bringup/share/my_robot_bringup/package.dsv
[0.231s] -- Up-to-date: /home/rocioromero/robotica_2026-1/install/my_robot_bringup/share/ament_index/resource_index/packages/my_robot_bringup
[0.231s] -- Up-to-date: /home/rocioromero/robotica_2026-1/install/my_robot_bringup/share/my_robot_bringup/cmake/my_robot_bringupConfig.cmake
[0.232s] -- Up-to-date: /home/rocioromero/robotica_2026-1/install/my_robot_bringup/share/my_robot_bringup/cmake/my_robot_bringupConfig-version.cmake
[0.232s] -- Up-to-date: /home/rocioromero/robotica_2026-1/install/my_robot_bringup/share/my_robot_bringup/package.xml
[0.233s] Invoked command in '/home/rocioromero/robotica_2026-1/build/my_robot_bringup' returned '0': CMAKE_PREFIX_PATH=${CMAKE_PREFIX_PATH}:/home/rocioromero/robotica_2026-1/install/nodes_topics_py:/opt/ros/jazzy DEBUGINFOD_URLS=https://debuginfod.ubuntu.com /usr/bin/cmake --install /home/rocioromero/robotica_2026-1/build/my_robot_bringup
