[0.020s] Invoking command in '/home/rocioromero/robotica_2026-1/build/my_robot_description': CMAKE_PREFIX_PATH=${CMAKE_PREFIX_PATH}:/home/rocioromero/robotica_2026-1/install/nodes_topics_py:/opt/ros/jazzy DEBUGINFOD_URLS=https://debuginfod.ubuntu.com /usr/bin/cmake --build /home/rocioromero/robotica_2026-1/build/my_robot_description -- -j16 -l16
[0.221s] Invoked command in '/home/rocioromero/robotica_2026-1/build/my_robot_description' returned '0': CMAKE_PREFIX_PATH=${CMAKE_PREFIX_PATH}:/home/rocioromero/robotica_2026-1/install/nodes_topics_py:/opt/ros/jazzy DEBUGINFOD_URLS=https://debuginfod.ubuntu.com /usr/bin/cmake --build /home/rocioromero/robotica_2026-1/build/my_robot_description -- -j16 -l16
[0.222s] Invoking command in '/home/rocioromero/robotica_2026-1/build/my_robot_description': CMAKE_PREFIX_PATH=${CMAKE_PREFIX_PATH}:/home/rocioromero/robotica_2026-1/install/nodes_topics_py:/opt/ros/jazzy DEBUGINFOD_URLS=https://debuginfod.ubuntu.com /usr/bin/cmake --install /home/rocioromero/robotica_2026-1/build/my_robot_description
[0.232s] -- Install configuration: ""
[0.232s] -- Up-to-date: /home/rocioromero/robotica_2026-1/install/my_robot_description/share/my_robot_description//urdf
[0.232s] -- Up-to-date: /home/rocioromero/robotica_2026-1/install/my_robot_description/share/my_robot_description//urdf/camera.xacro
[0.232s] -- Up-to-date: /home/rocioromero/robotica_2026-1/install/my_robot_description/share/my_robot_description//urdf/arm_gazebo.xacro
[0.232s] -- Up-to-date: /home/rocioromero/robotica_2026-1/install/my_robot_description/share/my_robot_description//urdf/common_properties.xacro
[0.232s] -- Up-to-date: /home/rocioromero/robotica_2026-1/install/my_robot_description/share/my_robot_description//urdf/mobile_base_gazebo.xacro
[0.232s] -- Up-to-date: /home/rocioromero/robotica_2026-1/install/my_robot_description/share/my_robot_description//urdf/mobile_base.xacro
[0.232s] -- Up-to-date: /home/rocioromero/robotica_2026-1/install/my_robot_description/share/my_robot_description//urdf/arm.xacro
[0.233s] -- Up-to-date: /home/rocioromero/robotica_2026-1/install/my_robot_description/share/my_robot_description//urdf/standalone_arm.urdf.xacro
[0.233s] -- Up-to-date: /home/rocioromero/robotica_2026-1/install/my_robot_description/share/my_robot_description//urdf/my_robot.urdf.xacro
[0.233s] -- Up-to-date: /home/rocioromero/robotica_2026-1/install/my_robot_description/share/my_robot_description//launch
[0.233s] -- Up-to-date: /home/rocioromero/robotica_2026-1/install/my_robot_description/share/my_robot_description//launch/display.launch.py
[0.233s] -- Up-to-date: /home/rocioromero/robotica_2026-1/install/my_robot_description/share/my_robot_description//launch/display.launch.xml
[0.233s] -- Up-to-date: /home/rocioromero/robotica_2026-1/install/my_robot_description/share/my_robot_description//rviz
[0.233s] -- Up-to-date: /home/rocioromero/robotica_2026-1/install/my_robot_description/share/my_robot_description//rviz/urdf_config.rviz
[0.233s] -- Up-to-date: /home/rocioromero/robotica_2026-1/install/my_robot_description/share/ament_index/resource_index/package_run_dependencies/my_robot_description
[0.233s] -- Up-to-date: /home/rocioromero/robotica_2026-1/install/my_robot_description/share/ament_index/resource_index/parent_prefix_path/my_robot_description
[0.234s] -- Up-to-date: /home/rocioromero/robotica_2026-1/install/my_robot_description/share/my_robot_description/environment/ament_prefix_path.sh
[0.234s] -- Up-to-date: /home/rocioromero/robotica_2026-1/install/my_robot_description/share/my_robot_description/environment/ament_prefix_path.dsv
[0.234s] -- Up-to-date: /home/rocioromero/robotica_2026-1/install/my_robot_description/share/my_robot_description/environment/path.sh
[0.234s] -- Up-to-date: /home/rocioromero/robotica_2026-1/install/my_robot_description/share/my_robot_description/environment/path.dsv
[0.235s] -- Up-to-date: /home/rocioromero/robotica_2026-1/install/my_robot_description/share/my_robot_description/local_setup.bash
[0.235s] -- Up-to-date: /home/rocioromero/robotica_2026-1/install/my_robot_description/share/my_robot_description/local_setup.sh
[0.235s] -- Up-to-date: /home/rocioromero/robotica_2026-1/install/my_robot_description/share/my_robot_description/local_setup.zsh
[0.235s] -- Up-to-date: /home/rocioromero/robotica_2026-1/install/my_robot_description/share/my_robot_description/local_setup.dsv
[0.235s] -- Installing: /home/rocioromero/robotica_2026-1/install/my_robot_description/share/my_robot_description/package.dsv
[0.235s] -- Up-to-date: /home/rocioromero/robotica_2026-1/install/my_robot_description/share/ament_index/resource_index/packages/my_robot_description
[0.235s] -- Up-to-date: /home/rocioromero/robotica_2026-1/install/my_robot_description/share/my_robot_description/cmake/my_robot_descriptionConfig.cmake
[0.235s] -- Up-to-date: /home/rocioromero/robotica_2026-1/install/my_robot_description/share/my_robot_description/cmake/my_robot_descriptionConfig-version.cmake
[0.235s] -- Up-to-date: /home/rocioromero/robotica_2026-1/install/my_robot_description/share/my_robot_description/package.xml
[0.250s] Invoked command in '/home/rocioromero/robotica_2026-1/build/my_robot_description' returned '0': CMAKE_PREFIX_PATH=${CMAKE_PREFIX_PATH}:/home/rocioromero/robotica_2026-1/install/nodes_topics_py:/opt/ros/jazzy DEBUGINFOD_URLS=https://debuginfod.ubuntu.com /usr/bin/cmake --install /home/rocioromero/robotica_2026-1/build/my_robot_description
