[0.017s] Invoking command in '/home/rocioromero/robotica_2026-1/build/my_robot_description': CMAKE_PREFIX_PATH=${CMAKE_PREFIX_PATH}:/opt/ros/jazzy DEBUGINFOD_URLS=https://debuginfod.ubuntu.com /usr/bin/cmake /home/rocioromero/robotica_2026-1/movil_robot/my_robot_description -DCMAKE_INSTALL_PREFIX=/home/rocioromero/robotica_2026-1/install/my_robot_description
[0.220s] -- Found ament_cmake: 2.5.4 (/opt/ros/jazzy/share/ament_cmake/cmake)
[0.220s] -- Found Python3: /usr/bin/python3 (found version "3.12.3") found components: Interpreter 
[0.443s] -- Configuring done (0.4s)
[0.446s] -- Generating done (0.0s)
[0.448s] -- Build files have been written to: /home/rocioromero/robotica_2026-1/build/my_robot_description
[0.452s] Invoked command in '/home/rocioromero/robotica_2026-1/build/my_robot_description' returned '0': CMAKE_PREFIX_PATH=${CMAKE_PREFIX_PATH}:/opt/ros/jazzy DEBUGINFOD_URLS=https://debuginfod.ubuntu.com /usr/bin/cmake /home/rocioromero/robotica_2026-1/movil_robot/my_robot_description -DCMAKE_INSTALL_PREFIX=/home/rocioromero/robotica_2026-1/install/my_robot_description
[0.454s] Invoking command in '/home/rocioromero/robotica_2026-1/build/my_robot_description': CMAKE_PREFIX_PATH=${CMAKE_PREFIX_PATH}:/opt/ros/jazzy DEBUGINFOD_URLS=https://debuginfod.ubuntu.com /usr/bin/cmake --build /home/rocioromero/robotica_2026-1/build/my_robot_description -- -j16 -l16
[0.511s] Invoked command in '/home/rocioromero/robotica_2026-1/build/my_robot_description' returned '0': CMAKE_PREFIX_PATH=${CMAKE_PREFIX_PATH}:/opt/ros/jazzy DEBUGINFOD_URLS=https://debuginfod.ubuntu.com /usr/bin/cmake --build /home/rocioromero/robotica_2026-1/build/my_robot_description -- -j16 -l16
[0.512s] Invoking command in '/home/rocioromero/robotica_2026-1/build/my_robot_description': CMAKE_PREFIX_PATH=${CMAKE_PREFIX_PATH}:/opt/ros/jazzy DEBUGINFOD_URLS=https://debuginfod.ubuntu.com /usr/bin/cmake --install /home/rocioromero/robotica_2026-1/build/my_robot_description
[0.519s] -- Install configuration: ""
[0.520s] -- Installing: /home/rocioromero/robotica_2026-1/install/my_robot_description/share/my_robot_description//urdf
[0.520s] -- Installing: /home/rocioromero/robotica_2026-1/install/my_robot_description/share/my_robot_description//urdf/camera.xacro
[0.520s] -- Installing: /home/rocioromero/robotica_2026-1/install/my_robot_description/share/my_robot_description//urdf/arm_gazebo.xacro
[0.521s] -- Installing: /home/rocioromero/robotica_2026-1/install/my_robot_description/share/my_robot_description//urdf/common_properties.xacro
[0.521s] -- Installing: /home/rocioromero/robotica_2026-1/install/my_robot_description/share/my_robot_description//urdf/mobile_base_gazebo.xacro
[0.521s] -- Installing: /home/rocioromero/robotica_2026-1/install/my_robot_description/share/my_robot_description//urdf/mobile_base.xacro
[0.521s] -- Installing: /home/rocioromero/robotica_2026-1/install/my_robot_description/share/my_robot_description//urdf/arm.xacro
[0.522s] -- Installing: /home/rocioromero/robotica_2026-1/install/my_robot_description/share/my_robot_description//urdf/standalone_arm.urdf.xacro
[0.522s] -- Installing: /home/rocioromero/robotica_2026-1/install/my_robot_description/share/my_robot_description//urdf/my_robot.urdf.xacro
[0.522s] -- Installing: /home/rocioromero/robotica_2026-1/install/my_robot_description/share/my_robot_description//launch
[0.522s] -- Installing: /home/rocioromero/robotica_2026-1/install/my_robot_description/share/my_robot_description//launch/display.launch.py
[0.522s] -- Installing: /home/rocioromero/robotica_2026-1/install/my_robot_description/share/my_robot_description//launch/display.launch.xml
[0.523s] -- Installing: /home/rocioromero/robotica_2026-1/install/my_robot_description/share/my_robot_description//rviz
[0.523s] -- Installing: /home/rocioromero/robotica_2026-1/install/my_robot_description/share/my_robot_description//rviz/urdf_config.rviz
[0.523s] -- Installing: /home/rocioromero/robotica_2026-1/install/my_robot_description/share/ament_index/resource_index/package_run_dependencies/my_robot_description
[0.523s] -- Installing: /home/rocioromero/robotica_2026-1/install/my_robot_description/share/ament_index/resource_index/parent_prefix_path/my_robot_description
[0.523s] -- Installing: /home/rocioromero/robotica_2026-1/install/my_robot_description/share/my_robot_description/environment/ament_prefix_path.sh
[0.524s] -- Installing: /home/rocioromero/robotica_2026-1/install/my_robot_description/share/my_robot_description/environment/ament_prefix_path.dsv
[0.524s] -- Installing: /home/rocioromero/robotica_2026-1/install/my_robot_description/share/my_robot_description/environment/path.sh
[0.524s] -- Installing: /home/rocioromero/robotica_2026-1/install/my_robot_description/share/my_robot_description/environment/path.dsv
[0.524s] -- Installing: /home/rocioromero/robotica_2026-1/install/my_robot_description/share/my_robot_description/local_setup.bash
[0.524s] -- Installing: /home/rocioromero/robotica_2026-1/install/my_robot_description/share/my_robot_description/local_setup.sh
[0.524s] -- Installing: /home/rocioromero/robotica_2026-1/install/my_robot_description/share/my_robot_description/local_setup.zsh
[0.525s] -- Installing: /home/rocioromero/robotica_2026-1/install/my_robot_description/share/my_robot_description/local_setup.dsv
[0.525s] -- Installing: /home/rocioromero/robotica_2026-1/install/my_robot_description/share/my_robot_description/package.dsv
[0.525s] -- Installing: /home/rocioromero/robotica_2026-1/install/my_robot_description/share/ament_index/resource_index/packages/my_robot_description
[0.525s] -- Installing: /home/rocioromero/robotica_2026-1/install/my_robot_description/share/my_robot_description/cmake/my_robot_descriptionConfig.cmake
[0.525s] -- Installing: /home/rocioromero/robotica_2026-1/install/my_robot_description/share/my_robot_description/cmake/my_robot_descriptionConfig-version.cmake
[0.525s] -- Installing: /home/rocioromero/robotica_2026-1/install/my_robot_description/share/my_robot_description/package.xml
[0.543s] Invoked command in '/home/rocioromero/robotica_2026-1/build/my_robot_description' returned '0': CMAKE_PREFIX_PATH=${CMAKE_PREFIX_PATH}:/opt/ros/jazzy DEBUGINFOD_URLS=https://debuginfod.ubuntu.com /usr/bin/cmake --install /home/rocioromero/robotica_2026-1/build/my_robot_description
